{"meta": {"format": 3, "version": "7.10.7", "timestamp": "2026-05-15T22:12:15.800032", "branch_coverage": false, "show_contexts": false}, "files": {"src/portiere/__init__.py": {"executed_lines": [1, 20, 22, 26, 27, 38, 46, 47, 48, 49, 51, 54, 57, 116, 117, 119, 120, 121, 122, 123, 126, 127, 129, 135, 136, 138, 146, 148, 151, 152, 154, 162, 175], "summary": {"covered_lines": 31, "num_statements": 33, "percent_covered": 93.93939393939394, "percent_covered_display": "94", "missing_lines": 2, "excluded_lines": 3}, "missing_lines": [128, 130], "excluded_lines": [24, 51, 52], "functions": {"init": {"executed_lines": [116, 117, 119, 120, 121, 122, 123, 126, 127, 129, 135, 136, 138, 146, 148, 151, 152, 154, 162], "summary": {"covered_lines": 19, "num_statements": 21, "percent_covered": 90.47619047619048, "percent_covered_display": "90", "missing_lines": 2, "excluded_lines": 0}, "missing_lines": [128, 130], "excluded_lines": []}, "": {"executed_lines": [1, 20, 22, 26, 27, 38, 46, 47, 48, 49, 51, 54, 57, 175], "summary": {"covered_lines": 12, "num_statements": 12, "percent_covered": 100.0, "percent_covered_display": "100", "missing_lines": 0, "excluded_lines": 3}, "missing_lines": [], "excluded_lines": [24, 51, 52]}}, "classes": {"": {"executed_lines": [1, 20, 22, 26, 27, 38, 46, 47, 48, 49, 51, 54, 57, 116, 117, 119, 120, 121, 122, 123, 126, 127, 129, 135, 136, 138, 146, 148, 151, 152, 154, 162, 175], "summary": {"covered_lines": 31, "num_statements": 33, "percent_covered": 93.93939393939394, "percent_covered_display": "94", "missing_lines": 2, "excluded_lines": 3}, "missing_lines": [128, 130], "excluded_lines": [24, 51, 52]}}}, "src/portiere/_demo_data/__init__.py": {"executed_lines": [1, 17, 19, 22, 24, 27, 29, 32, 38, 39, 47], "summary": {"covered_lines": 10, "num_statements": 10, "percent_covered": 100.0, "percent_covered_display": "100", "missing_lines": 0, "excluded_lines": 0}, "missing_lines": [], "excluded_lines": [], "functions": {"demo_data_dir": {"executed_lines": [24], "summary": {"covered_lines": 1, "num_statements": 1, "percent_covered": 100.0, "percent_covered_display": "100", "missing_lines": 0, "excluded_lines": 0}, "missing_lines": [], "excluded_lines": []}, "vocabulary_dir": {"executed_lines": [29], "summary": {"covered_lines": 1, "num_statements": 1, "percent_covered": 100.0, "percent_covered_display": "100", "missing_lines": 0, "excluded_lines": 0}, "missing_lines": [], "excluded_lines": []}, "synthetic_source_files": {"executed_lines": [38, 39], "summary": {"covered_lines": 2, "num_statements": 2, "percent_covered": 100.0, "percent_covered_display": "100", "missing_lines": 0, "excluded_lines": 0}, "missing_lines": [], "excluded_lines": []}, "": {"executed_lines": [1, 17, 19, 22, 27, 32, 47], "summary": {"covered_lines": 6, "num_statements": 6, "percent_covered": 100.0, "percent_covered_display": "100", "missing_lines": 0, "excluded_lines": 0}, "missing_lines": [], "excluded_lines": []}}, "classes": {"": {"executed_lines": [1, 17, 19, 22, 24, 27, 29, 32, 38, 39, 47], "summary": {"covered_lines": 10, "num_statements": 10, "percent_covered": 100.0, "percent_covered_display": "100", "missing_lines": 0, "excluded_lines": 0}, "missing_lines": [], "excluded_lines": []}}}, "src/portiere/artifacts/__init__.py": {"executed_lines": [1, 5, 7], "summary": {"covered_lines": 2, "num_statements": 2, "percent_covered": 100.0, "percent_covered_display": "100", "missing_lines": 0, "excluded_lines": 0}, "missing_lines": [], "excluded_lines": [], "functions": {"": {"executed_lines": [1, 5, 7], "summary": {"covered_lines": 2, "num_statements": 2, "percent_covered": 100.0, "percent_covered_display": "100", "missing_lines": 0, "excluded_lines": 0}, "missing_lines": [], "excluded_lines": []}}, "classes": {"": {"executed_lines": [1, 5, 7], "summary": {"covered_lines": 2, "num_statements": 2, "percent_covered": 100.0, "percent_covered_display": "100", "missing_lines": 0, "excluded_lines": 0}, "missing_lines": [], "excluded_lines": []}}}, "src/portiere/artifacts/artifact_manager.py": {"executed_lines": [1, 8, 10, 11, 13, 14, 16, 19, 22, 23, 33, 45, 46, 47, 50, 51, 52, 62, 63, 69, 70, 71, 73, 96, 98, 101, 106, 112, 113, 123, 131, 133, 190, 196, 198, 199, 201, 202, 204, 211, 213, 214, 215, 222, 229, 231, 236, 238, 239, 241, 242, 244, 270, 272, 273, 274, 275, 276, 277, 285, 302, 303, 304, 306, 321, 331, 332, 334, 335, 336, 337, 338, 339, 341, 342, 343, 344, 345, 346, 347, 348, 352, 353, 354, 356, 358, 360, 362], "summary": {"covered_lines": 85, "num_statements": 97, "percent_covered": 87.62886597938144, "percent_covered_display": "88", "missing_lines": 12, "excluded_lines": 2}, "missing_lines": [58, 60, 142, 143, 169, 308, 310, 316, 317, 319, 340, 350], "excluded_lines": [16, 17], "functions": {"ArtifactManager.__init__": {"executed_lines": [45, 46, 47, 50, 51, 52], "summary": {"covered_lines": 6, "num_statements": 8, "percent_covered": 75.0, "percent_covered_display": "75", "missing_lines": 2, "excluded_lines": 0}, "missing_lines": [58, 60], "excluded_lines": []}, "ArtifactManager.from_api_response": {"executed_lines": [69, 70, 71], "summary": {"covered_lines": 3, "num_statements": 3, "percent_covered": 100.0, "percent_covered_display": "100", "missing_lines": 0, "excluded_lines": 0}, "missing_lines": [], "excluded_lines": []}, "ArtifactManager.generate_etl_script": {"executed_lines": [96, 98, 101, 106, 112, 113, 123, 131], "summary": {"covered_lines": 8, "num_statements": 8, "percent_covered": 100.0, "percent_covered_display": "100", "missing_lines": 0, "excluded_lines": 0}, "missing_lines": [], "excluded_lines": []}, "ArtifactManager._generate_fallback_script": {"executed_lines": [], "summary": {"covered_lines": 0, "num_statements": 3, "percent_covered": 0.0, "percent_covered_display": "0", "missing_lines": 3, "excluded_lines": 0}, "missing_lines": [142, 143, 169], "excluded_lines": []}, "ArtifactManager.generate_ddl": {"executed_lines": [196, 198, 199, 201, 202], "summary": {"covered_lines": 5, "num_statements": 5, "percent_covered": 100.0, "percent_covered_display": "100", "missing_lines": 0, "excluded_lines": 0}, "missing_lines": [], "excluded_lines": []}, "ArtifactManager.generate_validation_script": {"executed_lines": [211, 213, 214, 215, 222, 229], "summary": {"covered_lines": 6, "num_statements": 6, "percent_covered": 100.0, "percent_covered_display": "100", "missing_lines": 0, "excluded_lines": 0}, "missing_lines": [], "excluded_lines": []}, "ArtifactManager.generate_source_to_concept_map": {"executed_lines": [236, 238, 239, 241, 242], "summary": {"covered_lines": 5, "num_statements": 5, "percent_covered": 100.0, "percent_covered_display": "100", "missing_lines": 0, "excluded_lines": 0}, "missing_lines": [], "excluded_lines": []}, "ArtifactManager.generate_runner_config": {"executed_lines": [270, 272, 273, 274, 275, 276, 277, 285, 302, 303, 304], "summary": {"covered_lines": 11, "num_statements": 11, "percent_covered": 100.0, "percent_covered_display": "100", "missing_lines": 0, "excluded_lines": 0}, "missing_lines": [], "excluded_lines": []}, "ArtifactManager.generate_config": {"executed_lines": [], "summary": {"covered_lines": 0, "num_statements": 5, "percent_covered": 0.0, "percent_covered_display": "0", "missing_lines": 5, "excluded_lines": 0}, "missing_lines": [308, 310, 316, 317, 319], "excluded_lines": []}, "ArtifactManager.save_artifacts": {"executed_lines": [331, 332, 334, 335, 336, 337, 338, 339, 341, 342, 343, 344, 345, 346, 347, 348, 352, 353, 354, 356, 358], "summary": {"covered_lines": 21, "num_statements": 23, "percent_covered": 91.30434782608695, "percent_covered_display": "91", "missing_lines": 2, "excluded_lines": 0}, "missing_lines": [340, 350], "excluded_lines": []}, "ArtifactManager.list_artifacts": {"executed_lines": [362], "summary": {"covered_lines": 1, "num_statements": 1, "percent_covered": 100.0, "percent_covered_display": "100", "missing_lines": 0, "excluded_lines": 0}, "missing_lines": [], "excluded_lines": []}, "": {"executed_lines": [1, 8, 10, 11, 13, 14, 16, 19, 22, 23, 33, 62, 63, 73, 133, 190, 204, 231, 244, 306, 321, 360], "summary": {"covered_lines": 19, "num_statements": 19, "percent_covered": 100.0, "percent_covered_display": "100", "missing_lines": 0, "excluded_lines": 2}, "missing_lines": [], "excluded_lines": [16, 17]}}, "classes": {"ArtifactManager": {"executed_lines": [45, 46, 47, 50, 51, 52, 69, 70, 71, 96, 98, 101, 106, 112, 113, 123, 131, 196, 198, 199, 201, 202, 211, 213, 214, 215, 222, 229, 236, 238, 239, 241, 242, 270, 272, 273, 274, 275, 276, 277, 285, 302, 303, 304, 331, 332, 334, 335, 336, 337, 338, 339, 341, 342, 343, 344, 345, 346, 347, 348, 352, 353, 354, 356, 358, 362], "summary": {"covered_lines": 66, "num_statements": 78, "percent_covered": 84.61538461538461, "percent_covered_display": "85", "missing_lines": 12, "excluded_lines": 0}, "missing_lines": [58, 60, 142, 143, 169, 308, 310, 316, 317, 319, 340, 350], "excluded_lines": []}, "": {"executed_lines": [1, 8, 10, 11, 13, 14, 16, 19, 22, 23, 33, 62, 63, 73, 133, 190, 204, 231, 244, 306, 321, 360], "summary": {"covered_lines": 19, "num_statements": 19, "percent_covered": 100.0, "percent_covered_display": "100", "missing_lines": 0, "excluded_lines": 2}, "missing_lines": [], "excluded_lines": [16, 17]}}}, "src/portiere/artifacts/code_generator.py": {"executed_lines": [1, 8, 10, 12, 13, 15, 18, 21, 22, 29, 30, 31, 32, 38, 39, 40, 42, 67, 70, 74, 84, 85, 86, 87, 93, 110, 111, 113, 119, 120, 121, 122, 127, 128, 129, 133, 134, 135, 137, 146, 147, 154, 162, 163, 164, 165, 173, 175, 180, 181, 187, 189, 191, 201, 202, 204], "summary": {"covered_lines": 52, "num_statements": 60, "percent_covered": 86.66666666666667, "percent_covered_display": "87", "missing_lines": 8, "excluded_lines": 3}, "missing_lines": [88, 89, 91, 123, 124, 166, 167, 169], "excluded_lines": [15, 16, 191], "functions": {"CodeGenerator.__init__": {"executed_lines": [30, 31, 32, 38, 39, 40], "summary": {"covered_lines": 6, "num_statements": 6, "percent_covered": 100.0, "percent_covered_display": "100", "missing_lines": 0, "excluded_lines": 0}, "missing_lines": [], "excluded_lines": []}, "CodeGenerator.generate_etl_script": {"executed_lines": [67, 70, 74, 84, 85, 86, 87], "summary": {"covered_lines": 7, "num_statements": 10, "percent_covered": 70.0, "percent_covered_display": "70", "missing_lines": 3, "excluded_lines": 0}, "missing_lines": [88, 89, 91], "excluded_lines": []}, "CodeGenerator.generate_ddl": {"executed_lines": [110, 111, 113, 119, 120, 121, 122, 127, 128, 129, 133, 134, 135], "summary": {"covered_lines": 13, "num_statements": 15, "percent_covered": 86.66666666666667, "percent_covered_display": "87", "missing_lines": 2, "excluded_lines": 0}, "missing_lines": [123, 124], "excluded_lines": []}, "CodeGenerator.generate_validation_script": {"executed_lines": [146, 147, 154, 162, 163, 164, 165], "summary": {"covered_lines": 7, "num_statements": 10, "percent_covered": 70.0, "percent_covered_display": "70", "missing_lines": 3, "excluded_lines": 0}, "missing_lines": [166, 167, 169], "excluded_lines": []}, "CodeGenerator.generate_source_to_concept_csv": {"executed_lines": [175, 180, 181, 187], "summary": {"covered_lines": 4, "num_statements": 4, "percent_covered": 100.0, "percent_covered_display": "100", "missing_lines": 0, "excluded_lines": 0}, "missing_lines": [], "excluded_lines": []}, "CodeGenerator._generate_fallback": {"executed_lines": [191], "summary": {"covered_lines": 0, "num_statements": 0, "percent_covered": 100.0, "percent_covered_display": "100", "missing_lines": 0, "excluded_lines": 1}, "missing_lines": [], "excluded_lines": [191]}, "CodeGenerator._default_omop_tables": {"executed_lines": [204], "summary": {"covered_lines": 1, "num_statements": 1, "percent_covered": 100.0, "percent_covered_display": "100", "missing_lines": 0, "excluded_lines": 0}, "missing_lines": [], "excluded_lines": []}, "": {"executed_lines": [1, 8, 10, 12, 13, 15, 18, 21, 22, 29, 42, 93, 137, 173, 189, 201, 202], "summary": {"covered_lines": 14, "num_statements": 14, "percent_covered": 100.0, "percent_covered_display": "100", "missing_lines": 0, "excluded_lines": 2}, "missing_lines": [], "excluded_lines": [15, 16]}}, "classes": {"CodeGenerator": {"executed_lines": [30, 31, 32, 38, 39, 40, 67, 70, 74, 84, 85, 86, 87, 110, 111, 113, 119, 120, 121, 122, 127, 128, 129, 133, 134, 135, 146, 147, 154, 162, 163, 164, 165, 175, 180, 181, 187, 191, 204], "summary": {"covered_lines": 38, "num_statements": 46, "percent_covered": 82.6086956521739, "percent_covered_display": "83", "missing_lines": 8, "excluded_lines": 1}, "missing_lines": [88, 89, 91, 123, 124, 166, 167, 169], "excluded_lines": [191]}, "": {"executed_lines": [1, 8, 10, 12, 13, 15, 18, 21, 22, 29, 42, 93, 137, 173, 189, 201, 202], "summary": {"covered_lines": 14, "num_statements": 14, "percent_covered": 100.0, "percent_covered_display": "100", "missing_lines": 0, "excluded_lines": 2}, "missing_lines": [], "excluded_lines": [15, 16]}}}, "src/portiere/benchmarks/__init__.py": {"executed_lines": [1], "summary": {"covered_lines": 0, "num_statements": 0, "percent_covered": 100.0, "percent_covered_display": "100", "missing_lines": 0, "excluded_lines": 0}, "missing_lines": [], "excluded_lines": [], "functions": {"": {"executed_lines": [1], "summary": {"covered_lines": 0, "num_statements": 0, "percent_covered": 100.0, "percent_covered_display": "100", "missing_lines": 0, "excluded_lines": 0}, "missing_lines": [], "excluded_lines": []}}, "classes": {"": {"executed_lines": [1], "summary": {"covered_lines": 0, "num_statements": 0, "percent_covered": 100.0, "percent_covered_display": "100", "missing_lines": 0, "excluded_lines": 0}, "missing_lines": [], "excluded_lines": []}}}, "src/portiere/benchmarks/athena_icd_snomed/__init__.py": {"executed_lines": [1, 18, 26], "summary": {"covered_lines": 2, "num_statements": 2, "percent_covered": 100.0, "percent_covered_display": "100", "missing_lines": 0, "excluded_lines": 0}, "missing_lines": [], "excluded_lines": [], "functions": {"": {"executed_lines": [1, 18, 26], "summary": {"covered_lines": 2, "num_statements": 2, "percent_covered": 100.0, "percent_covered_display": "100", "missing_lines": 0, "excluded_lines": 0}, "missing_lines": [], "excluded_lines": []}}, "classes": {"": {"executed_lines": [1, 18, 26], "summary": {"covered_lines": 2, "num_statements": 2, "percent_covered": 100.0, "percent_covered_display": "100", "missing_lines": 0, "excluded_lines": 0}, "missing_lines": [], "excluded_lines": []}}}, "src/portiere/benchmarks/athena_icd_snomed/runner.py": {"executed_lines": [1, 13, 15, 16, 17, 18, 20, 22, 23, 26, 29, 30, 33, 34, 35, 37, 38, 39, 40, 41, 44, 58, 59, 60, 61, 63, 64, 65, 67, 68, 69, 70, 74, 76, 77, 78, 79, 80, 81, 82, 84, 93, 94, 97, 98, 101, 109, 114, 139, 140, 141, 143, 144, 146, 149, 150, 156, 160, 161, 163, 171, 173, 174, 179, 186, 188, 189, 196, 197, 202, 209, 210, 211, 218, 221, 224, 231, 232, 233, 234, 236, 238, 240, 242, 245, 261, 262, 263, 265, 267, 268, 269, 279, 280, 283, 295, 296], "summary": {"covered_lines": 95, "num_statements": 100, "percent_covered": 95.0, "percent_covered_display": "95", "missing_lines": 5, "excluded_lines": 0}, "missing_lines": [75, 172, 219, 235, 239], "excluded_lines": [], "functions": {"compute_metrics": {"executed_lines": [58, 59, 60, 61, 63, 64, 65, 67, 68, 69, 70, 74, 76, 77, 78, 79, 80, 81, 82, 84], "summary": {"covered_lines": 20, "num_statements": 21, "percent_covered": 95.23809523809524, "percent_covered_display": "95", "missing_lines": 1, "excluded_lines": 0}, "missing_lines": [75], "excluded_lines": []}, "_load_athena_concept": {"executed_lines": [94], "summary": {"covered_lines": 1, "num_statements": 1, "percent_covered": 100.0, "percent_covered_display": "100", "missing_lines": 0, "excluded_lines": 0}, "missing_lines": [], "excluded_lines": []}, "_load_athena_relationships": {"executed_lines": [98], "summary": {"covered_lines": 1, "num_statements": 1, "percent_covered": 100.0, "percent_covered_display": "100", "missing_lines": 0, "excluded_lines": 0}, "missing_lines": [], "excluded_lines": []}, "_generate_test_ids": {"executed_lines": [109], "summary": {"covered_lines": 1, "num_statements": 1, "percent_covered": 100.0, "percent_covered_display": "100", "missing_lines": 0, "excluded_lines": 0}, "missing_lines": [], "excluded_lines": []}, "run_benchmark": {"executed_lines": [139, 140, 141, 143, 144, 146, 149, 150, 156, 160, 161, 163, 171, 173, 174, 179, 186, 188, 189, 196, 197, 202, 209, 210, 211, 218, 221, 224, 231, 232, 233, 234, 236, 238, 240, 242], "summary": {"covered_lines": 36, "num_statements": 40, "percent_covered": 90.0, "percent_covered_display": "90", "missing_lines": 4, "excluded_lines": 0}, "missing_lines": [172, 219, 235, 239], "excluded_lines": []}, "append_run_to_expected_results": {"executed_lines": [261, 262, 263, 265, 267, 268, 269, 279, 280], "summary": {"covered_lines": 9, "num_statements": 9, "percent_covered": 100.0, "percent_covered_display": "100", "missing_lines": 0, "excluded_lines": 0}, "missing_lines": [], "excluded_lines": []}, "write_expected_results": {"executed_lines": [295, 296], "summary": {"covered_lines": 2, "num_statements": 2, "percent_covered": 100.0, "percent_covered_display": "100", "missing_lines": 0, "excluded_lines": 0}, "missing_lines": [], "excluded_lines": []}, "": {"executed_lines": [1, 13, 15, 16, 17, 18, 20, 22, 23, 26, 29, 30, 33, 34, 35, 37, 38, 39, 40, 41, 44, 93, 97, 101, 114, 245, 283], "summary": {"covered_lines": 25, "num_statements": 25, "percent_covered": 100.0, "percent_covered_display": "100", "missing_lines": 0, "excluded_lines": 0}, "missing_lines": [], "excluded_lines": []}}, "classes": {"BenchmarkResult": {"executed_lines": [], "summary": {"covered_lines": 0, "num_statements": 0, "percent_covered": 100.0, "percent_covered_display": "100", "missing_lines": 0, "excluded_lines": 0}, "missing_lines": [], "excluded_lines": []}, "": {"executed_lines": [1, 13, 15, 16, 17, 18, 20, 22, 23, 26, 29, 30, 33, 34, 35, 37, 38, 39, 40, 41, 44, 58, 59, 60, 61, 63, 64, 65, 67, 68, 69, 70, 74, 76, 77, 78, 79, 80, 81, 82, 84, 93, 94, 97, 98, 101, 109, 114, 139, 140, 141, 143, 144, 146, 149, 150, 156, 160, 161, 163, 171, 173, 174, 179, 186, 188, 189, 196, 197, 202, 209, 210, 211, 218, 221, 224, 231, 232, 233, 234, 236, 238, 240, 242, 245, 261, 262, 263, 265, 267, 268, 269, 279, 280, 283, 295, 296], "summary": {"covered_lines": 95, "num_statements": 100, "percent_covered": 95.0, "percent_covered_display": "95", "missing_lines": 5, "excluded_lines": 0}, "missing_lines": [75, 172, 219, 235, 239], "excluded_lines": []}}}, "src/portiere/benchmarks/athena_icd_snomed/sampling.py": {"executed_lines": [1, 11, 13, 15, 18, 32, 33, 36, 37, 38, 39, 40, 42, 43, 44, 46, 47, 49, 52, 54, 55, 56, 57, 58, 59, 60, 61, 62, 64, 65, 66], "summary": {"covered_lines": 30, "num_statements": 30, "percent_covered": 100.0, "percent_covered_display": "100", "missing_lines": 0, "excluded_lines": 0}, "missing_lines": [], "excluded_lines": [], "functions": {"generate_test_ids": {"executed_lines": [32, 33, 36, 37, 38, 39, 40, 42, 43, 44, 46, 47, 49], "summary": {"covered_lines": 13, "num_statements": 13, "percent_covered": 100.0, "percent_covered_display": "100", "missing_lines": 0, "excluded_lines": 0}, "missing_lines": [], "excluded_lines": []}, "_stratified_by_domain": {"executed_lines": [54, 55, 56, 57, 58, 59, 60, 61, 62, 64, 65, 66], "summary": {"covered_lines": 12, "num_statements": 12, "percent_covered": 100.0, "percent_covered_display": "100", "missing_lines": 0, "excluded_lines": 0}, "missing_lines": [], "excluded_lines": []}, "": {"executed_lines": [1, 11, 13, 15, 18, 52], "summary": {"covered_lines": 5, "num_statements": 5, "percent_covered": 100.0, "percent_covered_display": "100", "missing_lines": 0, "excluded_lines": 0}, "missing_lines": [], "excluded_lines": []}}, "classes": {"": {"executed_lines": [1, 11, 13, 15, 18, 32, 33, 36, 37, 38, 39, 40, 42, 43, 44, 46, 47, 49, 52, 54, 55, 56, 57, 58, 59, 60, 61, 62, 64, 65, 66], "summary": {"covered_lines": 30, "num_statements": 30, "percent_covered": 100.0, "percent_covered_display": "100", "missing_lines": 0, "excluded_lines": 0}, "missing_lines": [], "excluded_lines": []}}}, "src/portiere/benchmarks/athena_icd_snomed/usagi_baseline.py": {"executed_lines": [1, 24, 26, 27, 28, 29, 30, 32, 35, 36, 42, 54, 55, 56, 57, 58, 59, 60, 72, 89, 90, 91, 92, 93, 94, 95, 96, 97, 98, 99, 101, 102, 103, 104, 105, 106, 107, 108, 114, 129, 130, 131, 132, 133, 135, 136, 137, 138, 140, 145, 157, 159, 162], "summary": {"covered_lines": 51, "num_statements": 51, "percent_covered": 100.0, "percent_covered_display": "100", "missing_lines": 0, "excluded_lines": 0}, "missing_lines": [], "excluded_lines": [], "functions": {"write_usagi_input_csv": {"executed_lines": [54, 55, 56, 57, 58, 59, 60], "summary": {"covered_lines": 7, "num_statements": 7, "percent_covered": 100.0, "percent_covered_display": "100", "missing_lines": 0, "excluded_lines": 0}, "missing_lines": [], "excluded_lines": []}, "parse_usagi_output": {"executed_lines": [89, 90, 91, 92, 93, 94, 95, 96, 97, 98, 99, 101, 102, 103, 104, 105, 106, 107, 108], "summary": {"covered_lines": 19, "num_statements": 19, "percent_covered": 100.0, "percent_covered_display": "100", "missing_lines": 0, "excluded_lines": 0}, "missing_lines": [], "excluded_lines": []}, "run_usagi": {"executed_lines": [129, 130, 131, 132, 133, 135, 136, 137, 138, 140, 145, 157, 159, 162], "summary": {"covered_lines": 14, "num_statements": 14, "percent_covered": 100.0, "percent_covered_display": "100", "missing_lines": 0, "excluded_lines": 0}, "missing_lines": [], "excluded_lines": []}, "": {"executed_lines": [1, 24, 26, 27, 28, 29, 30, 32, 35, 36, 42, 72, 114], "summary": {"covered_lines": 11, "num_statements": 11, "percent_covered": 100.0, "percent_covered_display": "100", "missing_lines": 0, "excluded_lines": 0}, "missing_lines": [], "excluded_lines": []}}, "classes": {"UsagiUnavailableError": {"executed_lines": [], "summary": {"covered_lines": 0, "num_statements": 0, "percent_covered": 100.0, "percent_covered_display": "100", "missing_lines": 0, "excluded_lines": 0}, "missing_lines": [], "excluded_lines": []}, "": {"executed_lines": [1, 24, 26, 27, 28, 29, 30, 32, 35, 36, 42, 54, 55, 56, 57, 58, 59, 60, 72, 89, 90, 91, 92, 93, 94, 95, 96, 97, 98, 99, 101, 102, 103, 104, 105, 106, 107, 108, 114, 129, 130, 131, 132, 133, 135, 136, 137, 138, 140, 145, 157, 159, 162], "summary": {"covered_lines": 51, "num_statements": 51, "percent_covered": 100.0, "percent_covered_display": "100", "missing_lines": 0, "excluded_lines": 0}, "missing_lines": [], "excluded_lines": []}}}, "src/portiere/cli/__init__.py": {"executed_lines": [1, 18, 20, 22, 23, 24, 25, 26, 27, 28, 31, 32, 36, 37, 38, 39, 40, 41, 42, 45], "summary": {"covered_lines": 19, "num_statements": 19, "percent_covered": 100.0, "percent_covered_display": "100", "missing_lines": 0, "excluded_lines": 0}, "missing_lines": [], "excluded_lines": [], "functions": {"cli": {"executed_lines": [], "summary": {"covered_lines": 0, "num_statements": 0, "percent_covered": 100.0, "percent_covered_display": "100", "missing_lines": 0, "excluded_lines": 0}, "missing_lines": [], "excluded_lines": []}, "": {"executed_lines": [1, 18, 20, 22, 23, 24, 25, 26, 27, 28, 31, 32, 36, 37, 38, 39, 40, 41, 42, 45], "summary": {"covered_lines": 19, "num_statements": 19, "percent_covered": 100.0, "percent_covered_display": "100", "missing_lines": 0, "excluded_lines": 0}, "missing_lines": [], "excluded_lines": []}}, "classes": {"": {"executed_lines": [1, 18, 20, 22, 23, 24, 25, 26, 27, 28, 31, 32, 36, 37, 38, 39, 40, 41, 42, 45], "summary": {"covered_lines": 19, "num_statements": 19, "percent_covered": 100.0, "percent_covered_display": "100", "missing_lines": 0, "excluded_lines": 0}, "missing_lines": [], "excluded_lines": []}}}, "src/portiere/cli/benchmark.py": {"executed_lines": [1, 9, 11, 13, 16, 17, 21, 22, 28, 38, 48, 57, 63, 71, 77, 92, 94, 99, 115, 116, 117, 118, 119, 123, 124, 125, 126, 127, 128, 129, 131, 138, 145, 146, 147, 148, 149, 150, 151, 152], "summary": {"covered_lines": 39, "num_statements": 45, "percent_covered": 86.66666666666667, "percent_covered_display": "87", "missing_lines": 6, "excluded_lines": 0}, "missing_lines": [100, 106, 107, 108, 110, 121], "excluded_lines": [], "functions": {"benchmark_group": {"executed_lines": [], "summary": {"covered_lines": 0, "num_statements": 0, "percent_covered": 100.0, "percent_covered_display": "100", "missing_lines": 0, "excluded_lines": 0}, "missing_lines": [], "excluded_lines": []}, "athena_icd_snomed": {"executed_lines": [92, 94, 99, 115, 116, 117, 118, 119, 123, 124, 125, 126, 127, 128, 129, 131, 138, 145, 146, 147, 148, 149, 150, 151, 152], "summary": {"covered_lines": 25, "num_statements": 31, "percent_covered": 80.64516129032258, "percent_covered_display": "81", "missing_lines": 6, "excluded_lines": 0}, "missing_lines": [100, 106, 107, 108, 110, 121], "excluded_lines": []}, "": {"executed_lines": [1, 9, 11, 13, 16, 17, 21, 22, 28, 38, 48, 57, 63, 71, 77], "summary": {"covered_lines": 14, "num_statements": 14, "percent_covered": 100.0, "percent_covered_display": "100", "missing_lines": 0, "excluded_lines": 0}, "missing_lines": [], "excluded_lines": []}}, "classes": {"": {"executed_lines": [1, 9, 11, 13, 16, 17, 21, 22, 28, 38, 48, 57, 63, 71, 77, 92, 94, 99, 115, 116, 117, 118, 119, 123, 124, 125, 126, 127, 128, 129, 131, 138, 145, 146, 147, 148, 149, 150, 151, 152], "summary": {"covered_lines": 39, "num_statements": 45, "percent_covered": 86.66666666666667, "percent_covered_display": "87", "missing_lines": 6, "excluded_lines": 0}, "missing_lines": [100, 106, 107, 108, 110, 121], "excluded_lines": []}}}, "src/portiere/cli/export.py": {"executed_lines": [1, 3, 5, 6, 7, 9, 12, 13, 20, 27, 36, 45, 47, 48, 49, 54, 56, 57, 58, 59, 61, 63, 65, 66, 67, 73, 74, 78, 79, 80, 81, 83, 84, 86, 87, 88, 90, 92, 93], "summary": {"covered_lines": 38, "num_statements": 38, "percent_covered": 100.0, "percent_covered_display": "100", "missing_lines": 0, "excluded_lines": 0}, "missing_lines": [], "excluded_lines": [], "functions": {"export_cmd": {"executed_lines": [47, 48, 49, 54, 56, 57, 58, 59, 61, 63, 65, 66, 67, 73, 74, 78, 79, 80, 81, 83, 84, 86, 87, 88, 90, 92, 93], "summary": {"covered_lines": 27, "num_statements": 27, "percent_covered": 100.0, "percent_covered_display": "100", "missing_lines": 0, "excluded_lines": 0}, "missing_lines": [], "excluded_lines": []}, "": {"executed_lines": [1, 3, 5, 6, 7, 9, 12, 13, 20, 27, 36, 45], "summary": {"covered_lines": 11, "num_statements": 11, "percent_covered": 100.0, "percent_covered_display": "100", "missing_lines": 0, "excluded_lines": 0}, "missing_lines": [], "excluded_lines": []}}, "classes": {"": {"executed_lines": [1, 3, 5, 6, 7, 9, 12, 13, 20, 27, 36, 45, 47, 48, 49, 54, 56, 57, 58, 59, 61, 63, 65, 66, 67, 73, 74, 78, 79, 80, 81, 83, 84, 86, 87, 88, 90, 92, 93], "summary": {"covered_lines": 38, "num_statements": 38, "percent_covered": 100.0, "percent_covered_display": "100", "missing_lines": 0, "excluded_lines": 0}, "missing_lines": [], "excluded_lines": []}}}, "src/portiere/cli/models.py": {"executed_lines": [1, 8, 10, 12, 15, 16, 18, 21, 22, 23, 32, 33, 35, 36, 37, 38, 39, 40, 41, 42, 45, 46, 48, 49, 51, 52, 53, 55, 57, 58, 59, 60, 61, 62, 63, 65, 66, 69, 70, 72, 74, 75, 76, 78, 79, 82, 83], "summary": {"covered_lines": 46, "num_statements": 47, "percent_covered": 97.87234042553192, "percent_covered_display": "98", "missing_lines": 1, "excluded_lines": 0}, "missing_lines": [77], "excluded_lines": [], "functions": {"models": {"executed_lines": [18], "summary": {"covered_lines": 1, "num_statements": 1, "percent_covered": 100.0, "percent_covered_display": "100", "missing_lines": 0, "excluded_lines": 0}, "missing_lines": [], "excluded_lines": []}, "download": {"executed_lines": [32, 33, 35, 36, 37, 38, 39, 40, 41, 42], "summary": {"covered_lines": 10, "num_statements": 10, "percent_covered": 100.0, "percent_covered_display": "100", "missing_lines": 0, "excluded_lines": 0}, "missing_lines": [], "excluded_lines": []}, "list_models": {"executed_lines": [48, 49, 51, 52, 53, 55, 57, 58, 59, 60, 61, 62, 63, 65, 66], "summary": {"covered_lines": 15, "num_statements": 15, "percent_covered": 100.0, "percent_covered_display": "100", "missing_lines": 0, "excluded_lines": 0}, "missing_lines": [], "excluded_lines": []}, "info": {"executed_lines": [72, 74, 75, 76, 78, 79, 82, 83], "summary": {"covered_lines": 8, "num_statements": 9, "percent_covered": 88.88888888888889, "percent_covered_display": "89", "missing_lines": 1, "excluded_lines": 0}, "missing_lines": [77], "excluded_lines": []}, "": {"executed_lines": [1, 8, 10, 12, 15, 16, 21, 22, 23, 45, 46, 69, 70], "summary": {"covered_lines": 12, "num_statements": 12, "percent_covered": 100.0, "percent_covered_display": "100", "missing_lines": 0, "excluded_lines": 0}, "missing_lines": [], "excluded_lines": []}}, "classes": {"": {"executed_lines": [1, 8, 10, 12, 15, 16, 18, 21, 22, 23, 32, 33, 35, 36, 37, 38, 39, 40, 41, 42, 45, 46, 48, 49, 51, 52, 53, 55, 57, 58, 59, 60, 61, 62, 63, 65, 66, 69, 70, 72, 74, 75, 76, 78, 79, 82, 83], "summary": {"covered_lines": 46, "num_statements": 47, "percent_covered": 97.87234042553192, "percent_covered_display": "98", "missing_lines": 1, "excluded_lines": 0}, "missing_lines": [77], "excluded_lines": []}}}, "src/portiere/cli/quickstart.py": {"executed_lines": [1, 18, 20, 21, 23, 26, 27, 28, 29, 33, 34, 45, 52, 53, 55, 57, 58, 59, 60, 61, 62, 63, 65, 66, 69, 70, 71, 73, 79, 84, 85, 87, 94, 101, 103, 104, 105, 113, 114, 115, 116, 117, 118, 123, 124, 125, 130, 131, 132, 133, 134, 141, 142, 144, 145, 146, 153, 154, 155, 156, 157, 158, 161, 164, 165, 166, 167, 168, 169, 173, 174, 175, 176, 180], "summary": {"covered_lines": 73, "num_statements": 93, "percent_covered": 78.49462365591398, "percent_covered_display": "78", "missing_lines": 20, "excluded_lines": 0}, "missing_lines": [30, 80, 81, 108, 109, 110, 119, 120, 126, 127, 135, 136, 138, 147, 148, 149, 150, 159, 160, 171], "excluded_lines": [], "functions": {"_default_output_dir": {"executed_lines": [27, 28, 29], "summary": {"covered_lines": 3, "num_statements": 4, "percent_covered": 75.0, "percent_covered_display": "75", "missing_lines": 1, "excluded_lines": 0}, "missing_lines": [30], "excluded_lines": []}, "quickstart_command": {"executed_lines": [52, 53, 55, 57, 58, 59, 60, 61, 62, 63, 65, 66, 69, 70, 71, 73, 79, 84, 85, 87, 94, 101, 103, 104, 105, 113, 114, 115, 116, 117, 118, 123, 124, 125, 130, 131, 132, 133, 134, 141, 142, 144, 145, 146, 153, 154, 155, 156, 157, 158, 161, 164, 165, 166, 167, 168, 169, 173, 174, 175, 176, 180], "summary": {"covered_lines": 62, "num_statements": 81, "percent_covered": 76.54320987654322, "percent_covered_display": "77", "missing_lines": 19, "excluded_lines": 0}, "missing_lines": [80, 81, 108, 109, 110, 119, 120, 126, 127, 135, 136, 138, 147, 148, 149, 150, 159, 160, 171], "excluded_lines": []}, "": {"executed_lines": [1, 18, 20, 21, 23, 26, 33, 34, 45], "summary": {"covered_lines": 8, "num_statements": 8, "percent_covered": 100.0, "percent_covered_display": "100", "missing_lines": 0, "excluded_lines": 0}, "missing_lines": [], "excluded_lines": []}}, "classes": {"": {"executed_lines": [1, 18, 20, 21, 23, 26, 27, 28, 29, 33, 34, 45, 52, 53, 55, 57, 58, 59, 60, 61, 62, 63, 65, 66, 69, 70, 71, 73, 79, 84, 85, 87, 94, 101, 103, 104, 105, 113, 114, 115, 116, 117, 118, 123, 124, 125, 130, 131, 132, 133, 134, 141, 142, 144, 145, 146, 153, 154, 155, 156, 157, 158, 161, 164, 165, 166, 167, 168, 169, 173, 174, 175, 176, 180], "summary": {"covered_lines": 73, "num_statements": 93, "percent_covered": 78.49462365591398, "percent_covered_display": "78", "missing_lines": 20, "excluded_lines": 0}, "missing_lines": [30, 80, 81, 108, 109, 110, 119, 120, 126, 127, 135, 136, 138, 147, 148, 149, 150, 159, 160, 171], "excluded_lines": []}}}, "src/portiere/cli/replay.py": {"executed_lines": [1, 3, 5, 7, 10, 11, 12, 19, 31, 46, 47, 48, 50, 51, 52, 53, 55, 56, 57, 58, 59, 60, 61, 62, 63, 64, 66, 68, 69, 70, 71, 72, 73], "summary": {"covered_lines": 32, "num_statements": 34, "percent_covered": 94.11764705882354, "percent_covered_display": "94", "missing_lines": 2, "excluded_lines": 0}, "missing_lines": [65, 74], "excluded_lines": [], "functions": {"replay_command": {"executed_lines": [46, 47, 48, 50, 51, 52, 53, 55, 56, 57, 58, 59, 60, 61, 62, 63, 64, 66, 68, 69, 70, 71, 72, 73], "summary": {"covered_lines": 24, "num_statements": 26, "percent_covered": 92.3076923076923, "percent_covered_display": "92", "missing_lines": 2, "excluded_lines": 0}, "missing_lines": [65, 74], "excluded_lines": []}, "": {"executed_lines": [1, 3, 5, 7, 10, 11, 12, 19, 31], "summary": {"covered_lines": 8, "num_statements": 8, "percent_covered": 100.0, "percent_covered_display": "100", "missing_lines": 0, "excluded_lines": 0}, "missing_lines": [], "excluded_lines": []}}, "classes": {"": {"executed_lines": [1, 3, 5, 7, 10, 11, 12, 19, 31, 46, 47, 48, 50, 51, 52, 53, 55, 56, 57, 58, 59, 60, 61, 62, 63, 64, 66, 68, 69, 70, 71, 72, 73], "summary": {"covered_lines": 32, "num_statements": 34, "percent_covered": 94.11764705882354, "percent_covered_display": "94", "missing_lines": 2, "excluded_lines": 0}, "missing_lines": [65, 74], "excluded_lines": []}}}, "src/portiere/cli/review.py": {"executed_lines": [1, 11, 13, 14, 15, 17, 20, 21, 25, 31, 38, 45, 49, 51, 53, 68, 69, 70, 71, 73, 74, 75], "summary": {"covered_lines": 21, "num_statements": 23, "percent_covered": 91.30434782608695, "percent_covered_display": "91", "missing_lines": 2, "excluded_lines": 0}, "missing_lines": [76, 77], "excluded_lines": [], "functions": {"review_command": {"executed_lines": [45, 49, 51, 53, 68, 69, 70, 71, 73, 74, 75], "summary": {"covered_lines": 11, "num_statements": 13, "percent_covered": 84.61538461538461, "percent_covered_display": "85", "missing_lines": 2, "excluded_lines": 0}, "missing_lines": [76, 77], "excluded_lines": []}, "": {"executed_lines": [1, 11, 13, 14, 15, 17, 20, 21, 25, 31, 38], "summary": {"covered_lines": 10, "num_statements": 10, "percent_covered": 100.0, "percent_covered_display": "100", "missing_lines": 0, "excluded_lines": 0}, "missing_lines": [], "excluded_lines": []}}, "classes": {"": {"executed_lines": [1, 11, 13, 14, 15, 17, 20, 21, 25, 31, 38, 45, 49, 51, 53, 68, 69, 70, 71, 73, 74, 75], "summary": {"covered_lines": 21, "num_statements": 23, "percent_covered": 91.30434782608695, "percent_covered_display": "91", "missing_lines": 2, "excluded_lines": 0}, "missing_lines": [76, 77], "excluded_lines": []}}}, "src/portiere/cli/validate.py": {"executed_lines": [1, 3, 5, 6, 8, 11, 12, 17, 24, 26, 27, 29, 30, 31, 36, 37, 38, 40, 41, 43, 45, 47, 49, 50, 51, 52, 54, 55, 56, 61], "summary": {"covered_lines": 29, "num_statements": 29, "percent_covered": 100.0, "percent_covered_display": "100", "missing_lines": 0, "excluded_lines": 0}, "missing_lines": [], "excluded_lines": [], "functions": {"validate_command": {"executed_lines": [26, 27, 29, 30, 31, 36, 37, 38, 40, 41, 43, 45, 47, 49, 50, 51, 52, 54, 55, 56, 61], "summary": {"covered_lines": 21, "num_statements": 21, "percent_covered": 100.0, "percent_covered_display": "100", "missing_lines": 0, "excluded_lines": 0}, "missing_lines": [], "excluded_lines": []}, "": {"executed_lines": [1, 3, 5, 6, 8, 11, 12, 17, 24], "summary": {"covered_lines": 8, "num_statements": 8, "percent_covered": 100.0, "percent_covered_display": "100", "missing_lines": 0, "excluded_lines": 0}, "missing_lines": [], "excluded_lines": []}}, "classes": {"": {"executed_lines": [1, 3, 5, 6, 8, 11, 12, 17, 24, 26, 27, 29, 30, 31, 36, 37, 38, 40, 41, 43, 45, 47, 49, 50, 51, 52, 54, 55, 56, 61], "summary": {"covered_lines": 29, "num_statements": 29, "percent_covered": 100.0, "percent_covered_display": "100", "missing_lines": 0, "excluded_lines": 0}, "missing_lines": [], "excluded_lines": []}}}, "src/portiere/config.py": {"executed_lines": [1, 7, 9, 10, 11, 12, 14, 15, 16, 19, 20, 22, 23, 26, 27, 39, 40, 41, 42, 43, 44, 46, 49, 50, 60, 61, 62, 63, 64, 66, 69, 70, 78, 79, 80, 81, 83, 86, 87, 89, 90, 93, 94, 96, 97, 100, 101, 103, 104, 107, 108, 110, 111, 112, 115, 116, 118, 119, 120, 123, 124, 138, 151, 152, 155, 156, 159, 162, 163, 166, 167, 170, 171, 172, 175, 176, 177, 180, 181, 185, 186, 187, 188, 191, 192, 194, 195, 196, 197, 200, 201, 203, 204, 205, 206, 207, 210, 211, 213, 214, 217, 218, 229, 230, 235, 238, 239, 244, 247, 250, 253, 256, 257, 260, 261, 264, 267, 270, 273, 276, 279, 281, 283, 284, 293, 294, 295, 296, 299, 301, 302, 304, 308, 311, 312, 313, 317, 319, 320, 322, 323, 325, 332, 333, 340, 341, 349, 351, 352, 361, 362, 364, 366, 367, 369, 371, 372, 404, 405, 418, 419, 420, 421, 423, 426, 427, 431], "summary": {"covered_lines": 152, "num_statements": 168, "percent_covered": 90.47619047619048, "percent_covered_display": "90", "missing_lines": 16, "excluded_lines": 0}, "missing_lines": [354, 384, 385, 387, 388, 389, 391, 392, 395, 396, 397, 399, 401, 402, 422, 428], "excluded_lines": [], "functions": {"PortiereConfig._resolve_embedding_reranker": {"executed_lines": [293, 294, 295, 296, 299, 301, 302, 304, 308, 311, 312, 313, 317, 319, 320, 322, 323, 325, 332, 333, 340, 341, 349], "summary": {"covered_lines": 23, "num_statements": 23, "percent_covered": 100.0, "percent_covered_display": "100", "missing_lines": 0, "excluded_lines": 0}, "missing_lines": [], "excluded_lines": []}, "PortiereConfig._has_local_ai": {"executed_lines": [], "summary": {"covered_lines": 0, "num_statements": 1, "percent_covered": 0.0, "percent_covered_display": "0", "missing_lines": 1, "excluded_lines": 0}, "missing_lines": [354], "excluded_lines": []}, "PortiereConfig.effective_pipeline": {"executed_lines": [364], "summary": {"covered_lines": 1, "num_statements": 1, "percent_covered": 100.0, "percent_covered_display": "100", "missing_lines": 0, "excluded_lines": 0}, "missing_lines": [], "excluded_lines": []}, "PortiereConfig.effective_mode": {"executed_lines": [369], "summary": {"covered_lines": 1, "num_statements": 1, "percent_covered": 100.0, "percent_covered_display": "100", "missing_lines": 0, "excluded_lines": 0}, "missing_lines": [], "excluded_lines": []}, "PortiereConfig.from_yaml": {"executed_lines": [], "summary": {"covered_lines": 0, "num_statements": 11, "percent_covered": 0.0, "percent_covered_display": "0", "missing_lines": 11, "excluded_lines": 0}, "missing_lines": [384, 385, 387, 388, 389, 391, 392, 395, 399, 401, 402], "excluded_lines": []}, "PortiereConfig.from_yaml.replace_env": {"executed_lines": [], "summary": {"covered_lines": 0, "num_statements": 2, "percent_covered": 0.0, "percent_covered_display": "0", "missing_lines": 2, "excluded_lines": 0}, "missing_lines": [396, 397], "excluded_lines": []}, "PortiereConfig.discover": {"executed_lines": [418, 419, 420, 421, 423, 426, 427, 431], "summary": {"covered_lines": 8, "num_statements": 10, "percent_covered": 80.0, "percent_covered_display": "80", "missing_lines": 2, "excluded_lines": 0}, "missing_lines": [422, 428], "excluded_lines": []}, "": {"executed_lines": [1, 7, 9, 10, 11, 12, 14, 15, 16, 19, 20, 22, 23, 26, 27, 39, 40, 41, 42, 43, 44, 46, 49, 50, 60, 61, 62, 63, 64, 66, 69, 70, 78, 79, 80, 81, 83, 86, 87, 89, 90, 93, 94, 96, 97, 100, 101, 103, 104, 107, 108, 110, 111, 112, 115, 116, 118, 119, 120, 123, 124, 138, 151, 152, 155, 156, 159, 162, 163, 166, 167, 170, 171, 172, 175, 176, 177, 180, 181, 185, 186, 187, 188, 191, 192, 194, 195, 196, 197, 200, 201, 203, 204, 205, 206, 207, 210, 211, 213, 214, 217, 218, 229, 230, 235, 238, 239, 244, 247, 250, 253, 256, 257, 260, 261, 264, 267, 270, 273, 276, 279, 281, 283, 284, 351, 352, 361, 362, 366, 367, 371, 372, 404, 405], "summary": {"covered_lines": 119, "num_statements": 119, "percent_covered": 100.0, "percent_covered_display": "100", "missing_lines": 0, "excluded_lines": 0}, "missing_lines": [], "excluded_lines": []}}, "classes": {"ProjectTask": {"executed_lines": [], "summary": {"covered_lines": 0, "num_statements": 0, "percent_covered": 100.0, "percent_covered_display": "100", "missing_lines": 0, "excluded_lines": 0}, "missing_lines": [], "excluded_lines": []}, "LLMConfig": {"executed_lines": [], "summary": {"covered_lines": 0, "num_statements": 0, "percent_covered": 100.0, "percent_covered_display": "100", "missing_lines": 0, "excluded_lines": 0}, "missing_lines": [], "excluded_lines": []}, "EmbeddingConfig": {"executed_lines": [], "summary": {"covered_lines": 0, "num_statements": 0, "percent_covered": 100.0, "percent_covered_display": "100", "missing_lines": 0, "excluded_lines": 0}, "missing_lines": [], "excluded_lines": []}, "RerankerConfig": {"executed_lines": [], "summary": {"covered_lines": 0, "num_statements": 0, "percent_covered": 100.0, "percent_covered_display": "100", "missing_lines": 0, "excluded_lines": 0}, "missing_lines": [], "excluded_lines": []}, "ThresholdConfig": {"executed_lines": [], "summary": {"covered_lines": 0, "num_statements": 0, "percent_covered": 100.0, "percent_covered_display": "100", "missing_lines": 0, "excluded_lines": 0}, "missing_lines": [], "excluded_lines": []}, "SchemaMappingThresholds": {"executed_lines": [], "summary": {"covered_lines": 0, "num_statements": 0, "percent_covered": 100.0, "percent_covered_display": "100", "missing_lines": 0, "excluded_lines": 0}, "missing_lines": [], "excluded_lines": []}, "ConceptMappingThresholds": {"executed_lines": [], "summary": {"covered_lines": 0, "num_statements": 0, "percent_covered": 100.0, "percent_covered_display": "100", "missing_lines": 0, "excluded_lines": 0}, "missing_lines": [], "excluded_lines": []}, "ValidationThresholds": {"executed_lines": [], "summary": {"covered_lines": 0, "num_statements": 0, "percent_covered": 100.0, "percent_covered_display": "100", "missing_lines": 0, "excluded_lines": 0}, "missing_lines": [], "excluded_lines": []}, "ThresholdsConfig": {"executed_lines": [], "summary": {"covered_lines": 0, "num_statements": 0, "percent_covered": 100.0, "percent_covered_display": "100", "missing_lines": 0, "excluded_lines": 0}, "missing_lines": [], "excluded_lines": []}, "KnowledgeLayerConfig": {"executed_lines": [], "summary": {"covered_lines": 0, "num_statements": 0, "percent_covered": 100.0, "percent_covered_display": "100", "missing_lines": 0, "excluded_lines": 0}, "missing_lines": [], "excluded_lines": []}, "QualityConfig": {"executed_lines": [], "summary": {"covered_lines": 0, "num_statements": 0, "percent_covered": 100.0, "percent_covered_display": "100", "missing_lines": 0, "excluded_lines": 0}, "missing_lines": [], "excluded_lines": []}, "ArtifactConfig": {"executed_lines": [], "summary": {"covered_lines": 0, "num_statements": 0, "percent_covered": 100.0, "percent_covered_display": "100", "missing_lines": 0, "excluded_lines": 0}, "missing_lines": [], "excluded_lines": []}, "EngineConfig": {"executed_lines": [], "summary": {"covered_lines": 0, "num_statements": 0, "percent_covered": 100.0, "percent_covered_display": "100", "missing_lines": 0, "excluded_lines": 0}, "missing_lines": [], "excluded_lines": []}, "PortiereConfig": {"executed_lines": [293, 294, 295, 296, 299, 301, 302, 304, 308, 311, 312, 313, 317, 319, 320, 322, 323, 325, 332, 333, 340, 341, 349, 364, 369, 418, 419, 420, 421, 423, 426, 427, 431], "summary": {"covered_lines": 33, "num_statements": 49, "percent_covered": 67.34693877551021, "percent_covered_display": "67", "missing_lines": 16, "excluded_lines": 0}, "missing_lines": [354, 384, 385, 387, 388, 389, 391, 392, 395, 396, 397, 399, 401, 402, 422, 428], "excluded_lines": []}, "": {"executed_lines": [1, 7, 9, 10, 11, 12, 14, 15, 16, 19, 20, 22, 23, 26, 27, 39, 40, 41, 42, 43, 44, 46, 49, 50, 60, 61, 62, 63, 64, 66, 69, 70, 78, 79, 80, 81, 83, 86, 87, 89, 90, 93, 94, 96, 97, 100, 101, 103, 104, 107, 108, 110, 111, 112, 115, 116, 118, 119, 120, 123, 124, 138, 151, 152, 155, 156, 159, 162, 163, 166, 167, 170, 171, 172, 175, 176, 177, 180, 181, 185, 186, 187, 188, 191, 192, 194, 195, 196, 197, 200, 201, 203, 204, 205, 206, 207, 210, 211, 213, 214, 217, 218, 229, 230, 235, 238, 239, 244, 247, 250, 253, 256, 257, 260, 261, 264, 267, 270, 273, 276, 279, 281, 283, 284, 351, 352, 361, 362, 366, 367, 371, 372, 404, 405], "summary": {"covered_lines": 119, "num_statements": 119, "percent_covered": 100.0, "percent_covered_display": "100", "missing_lines": 0, "excluded_lines": 0}, "missing_lines": [], "excluded_lines": []}}}, "src/portiere/embedding/__init__.py": {"executed_lines": [1, 11, 13], "summary": {"covered_lines": 2, "num_statements": 2, "percent_covered": 100.0, "percent_covered_display": "100", "missing_lines": 0, "excluded_lines": 0}, "missing_lines": [], "excluded_lines": [], "functions": {"": {"executed_lines": [1, 11, 13], "summary": {"covered_lines": 2, "num_statements": 2, "percent_covered": 100.0, "percent_covered_display": "100", "missing_lines": 0, "excluded_lines": 0}, "missing_lines": [], "excluded_lines": []}}, "classes": {"": {"executed_lines": [1, 11, 13], "summary": {"covered_lines": 2, "num_statements": 2, "percent_covered": 100.0, "percent_covered_display": "100", "missing_lines": 0, "excluded_lines": 0}, "missing_lines": [], "excluded_lines": []}}}, "src/portiere/embedding/gateway.py": {"executed_lines": [1, 7, 9, 11, 12, 14, 18, 21, 22, 39, 40, 41, 42, 48, 50, 51, 55, 57, 58, 62, 64, 65, 69, 71, 72, 76, 78, 79, 81, 86, 104, 111, 112, 114, 116, 118], "summary": {"covered_lines": 33, "num_statements": 34, "percent_covered": 97.05882352941177, "percent_covered_display": "97", "missing_lines": 1, "excluded_lines": 3}, "missing_lines": [84], "excluded_lines": [14, 15, 16], "functions": {"EmbeddingGateway.__init__": {"executed_lines": [40, 41, 42], "summary": {"covered_lines": 3, "num_statements": 3, "percent_covered": 100.0, "percent_covered_display": "100", "missing_lines": 0, "excluded_lines": 0}, "missing_lines": [], "excluded_lines": []}, "EmbeddingGateway._create_provider": {"executed_lines": [50, 51, 55, 57, 58, 62, 64, 65, 69, 71, 72, 76, 78, 79, 81], "summary": {"covered_lines": 15, "num_statements": 16, "percent_covered": 93.75, "percent_covered_display": "94", "missing_lines": 1, "excluded_lines": 0}, "missing_lines": [84], "excluded_lines": []}, "EmbeddingGateway.encode": {"executed_lines": [104], "summary": {"covered_lines": 1, "num_statements": 1, "percent_covered": 100.0, "percent_covered_display": "100", "missing_lines": 0, "excluded_lines": 0}, "missing_lines": [], "excluded_lines": []}, "EmbeddingGateway.dimension": {"executed_lines": [114], "summary": {"covered_lines": 1, "num_statements": 1, "percent_covered": 100.0, "percent_covered_display": "100", "missing_lines": 0, "excluded_lines": 0}, "missing_lines": [], "excluded_lines": []}, "EmbeddingGateway.get_sentence_embedding_dimension": {"executed_lines": [118], "summary": {"covered_lines": 1, "num_statements": 1, "percent_covered": 100.0, "percent_covered_display": "100", "missing_lines": 0, "excluded_lines": 0}, "missing_lines": [], "excluded_lines": []}, "": {"executed_lines": [1, 7, 9, 11, 12, 14, 18, 21, 22, 39, 48, 86, 111, 112, 116], "summary": {"covered_lines": 12, "num_statements": 12, "percent_covered": 100.0, "percent_covered_display": "100", "missing_lines": 0, "excluded_lines": 3}, "missing_lines": [], "excluded_lines": [14, 15, 16]}}, "classes": {"EmbeddingGateway": {"executed_lines": [40, 41, 42, 50, 51, 55, 57, 58, 62, 64, 65, 69, 71, 72, 76, 78, 79, 81, 104, 114, 118], "summary": {"covered_lines": 21, "num_statements": 22, "percent_covered": 95.45454545454545, "percent_covered_display": "95", "missing_lines": 1, "excluded_lines": 0}, "missing_lines": [84], "excluded_lines": []}, "": {"executed_lines": [1, 7, 9, 11, 12, 14, 18, 21, 22, 39, 48, 86, 111, 112, 116], "summary": {"covered_lines": 12, "num_statements": 12, "percent_covered": 100.0, "percent_covered_display": "100", "missing_lines": 0, "excluded_lines": 3}, "missing_lines": [], "excluded_lines": [14, 15, 16]}}}, "src/portiere/embedding/providers/__init__.py": {"executed_lines": [1], "summary": {"covered_lines": 0, "num_statements": 0, "percent_covered": 100.0, "percent_covered_display": "100", "missing_lines": 0, "excluded_lines": 0}, "missing_lines": [], "excluded_lines": [], "functions": {"": {"executed_lines": [1], "summary": {"covered_lines": 0, "num_statements": 0, "percent_covered": 100.0, "percent_covered_display": "100", "missing_lines": 0, "excluded_lines": 0}, "missing_lines": [], "excluded_lines": []}}, "classes": {"": {"executed_lines": [1], "summary": {"covered_lines": 0, "num_statements": 0, "percent_covered": 100.0, "percent_covered_display": "100", "missing_lines": 0, "excluded_lines": 0}, "missing_lines": [], "excluded_lines": []}}}, "src/portiere/embedding/providers/base.py": {"executed_lines": [1, 3, 5, 6, 8, 10, 14, 15, 23, 24, 26, 27, 47, 48, 49], "summary": {"covered_lines": 7, "num_statements": 7, "percent_covered": 100.0, "percent_covered_display": "100", "missing_lines": 0, "excluded_lines": 29}, "missing_lines": [], "excluded_lines": [10, 11, 26, 27, 28, 29, 30, 31, 32, 33, 34, 35, 36, 37, 38, 39, 40, 41, 42, 43, 44, 45, 46, 47, 48, 49, 50, 51, 52], "functions": {"BaseEmbeddingProvider.__init__": {"executed_lines": [24], "summary": {"covered_lines": 1, "num_statements": 1, "percent_covered": 100.0, "percent_covered_display": "100", "missing_lines": 0, "excluded_lines": 0}, "missing_lines": [], "excluded_lines": []}, "BaseEmbeddingProvider.encode": {"executed_lines": [], "summary": {"covered_lines": 0, "num_statements": 0, "percent_covered": 100.0, "percent_covered_display": "100", "missing_lines": 0, "excluded_lines": 11}, "missing_lines": [], "excluded_lines": [35, 36, 37, 38, 39, 40, 41, 42, 43, 44, 45]}, "BaseEmbeddingProvider.dimension": {"executed_lines": [], "summary": {"covered_lines": 0, "num_statements": 0, "percent_covered": 100.0, "percent_covered_display": "100", "missing_lines": 0, "excluded_lines": 2}, "missing_lines": [], "excluded_lines": [50, 51]}, "": {"executed_lines": [1, 3, 5, 6, 8, 10, 14, 15, 23, 26, 27, 47, 48, 49], "summary": {"covered_lines": 6, "num_statements": 6, "percent_covered": 100.0, "percent_covered_display": "100", "missing_lines": 0, "excluded_lines": 15}, "missing_lines": [], "excluded_lines": [10, 11, 26, 27, 28, 29, 30, 31, 32, 33, 34, 46, 47, 48, 49]}}, "classes": {"BaseEmbeddingProvider": {"executed_lines": [24], "summary": {"covered_lines": 1, "num_statements": 1, "percent_covered": 100.0, "percent_covered_display": "100", "missing_lines": 0, "excluded_lines": 13}, "missing_lines": [], "excluded_lines": [35, 36, 37, 38, 39, 40, 41, 42, 43, 44, 45, 50, 51]}, "": {"executed_lines": [1, 3, 5, 6, 8, 10, 14, 15, 23, 26, 27, 47, 48, 49], "summary": {"covered_lines": 6, "num_statements": 6, "percent_covered": 100.0, "percent_covered_display": "100", "missing_lines": 0, "excluded_lines": 15}, "missing_lines": [], "excluded_lines": [10, 11, 26, 27, 28, 29, 30, 31, 32, 33, 34, 46, 47, 48, 49]}}}, "src/portiere/embedding/providers/bedrock_provider.py": {"executed_lines": [1, 3, 5, 6, 8, 9, 11, 13, 16, 19, 20, 42, 43, 44, 45, 47, 48, 49, 55, 56, 57, 59, 61, 63, 65, 68, 69, 70, 72, 78, 79, 81, 83, 87, 93, 94, 96, 104, 105, 106, 109, 122, 124, 125, 126, 127, 129, 130, 132, 134, 135, 136, 137, 138, 139], "summary": {"covered_lines": 52, "num_statements": 58, "percent_covered": 89.65517241379311, "percent_covered_display": "90", "missing_lines": 6, "excluded_lines": 2}, "missing_lines": [110, 111, 114, 115, 116, 120], "excluded_lines": [13, 14], "functions": {"BedrockEmbeddingProvider.__init__": {"executed_lines": [43, 44, 45, 47, 48, 49, 55, 56, 57], "summary": {"covered_lines": 9, "num_statements": 9, "percent_covered": 100.0, "percent_covered_display": "100", "missing_lines": 0, "excluded_lines": 0}, "missing_lines": [], "excluded_lines": []}, "BedrockEmbeddingProvider._is_cohere_model": {"executed_lines": [61], "summary": {"covered_lines": 1, "num_statements": 1, "percent_covered": 100.0, "percent_covered_display": "100", "missing_lines": 0, "excluded_lines": 0}, "missing_lines": [], "excluded_lines": []}, "BedrockEmbeddingProvider._invoke_titan": {"executed_lines": [65, 68, 69, 70, 72, 78, 79], "summary": {"covered_lines": 7, "num_statements": 7, "percent_covered": 100.0, "percent_covered_display": "100", "missing_lines": 0, "excluded_lines": 0}, "missing_lines": [], "excluded_lines": []}, "BedrockEmbeddingProvider._invoke_cohere": {"executed_lines": [83, 87, 93, 94], "summary": {"covered_lines": 4, "num_statements": 4, "percent_covered": 100.0, "percent_covered_display": "100", "missing_lines": 0, "excluded_lines": 0}, "missing_lines": [], "excluded_lines": []}, "BedrockEmbeddingProvider.encode": {"executed_lines": [104, 105, 106, 109, 122, 124, 125, 126, 127, 129, 130, 132], "summary": {"covered_lines": 12, "num_statements": 18, "percent_covered": 66.66666666666667, "percent_covered_display": "67", "missing_lines": 6, "excluded_lines": 0}, "missing_lines": [110, 111, 114, 115, 116, 120], "excluded_lines": []}, "BedrockEmbeddingProvider.dimension": {"executed_lines": [136, 137, 138, 139], "summary": {"covered_lines": 4, "num_statements": 4, "percent_covered": 100.0, "percent_covered_display": "100", "missing_lines": 0, "excluded_lines": 0}, "missing_lines": [], "excluded_lines": []}, "": {"executed_lines": [1, 3, 5, 6, 8, 9, 11, 13, 16, 19, 20, 42, 59, 63, 81, 96, 134, 135], "summary": {"covered_lines": 15, "num_statements": 15, "percent_covered": 100.0, "percent_covered_display": "100", "missing_lines": 0, "excluded_lines": 2}, "missing_lines": [], "excluded_lines": [13, 14]}}, "classes": {"BedrockEmbeddingProvider": {"executed_lines": [43, 44, 45, 47, 48, 49, 55, 56, 57, 61, 65, 68, 69, 70, 72, 78, 79, 83, 87, 93, 94, 104, 105, 106, 109, 122, 124, 125, 126, 127, 129, 130, 132, 136, 137, 138, 139], "summary": {"covered_lines": 37, "num_statements": 43, "percent_covered": 86.04651162790698, "percent_covered_display": "86", "missing_lines": 6, "excluded_lines": 0}, "missing_lines": [110, 111, 114, 115, 116, 120], "excluded_lines": []}, "": {"executed_lines": [1, 3, 5, 6, 8, 9, 11, 13, 16, 19, 20, 42, 59, 63, 81, 96, 134, 135], "summary": {"covered_lines": 15, "num_statements": 15, "percent_covered": 100.0, "percent_covered_display": "100", "missing_lines": 0, "excluded_lines": 2}, "missing_lines": [], "excluded_lines": [13, 14]}}}, "src/portiere/embedding/providers/huggingface_provider.py": {"executed_lines": [1, 3, 5, 7, 8, 10, 12, 15, 18, 19, 25, 26, 27, 28, 30, 32, 35, 36, 43, 44, 45, 46, 52, 60, 61, 68, 69, 70, 71], "summary": {"covered_lines": 26, "num_statements": 29, "percent_covered": 89.65517241379311, "percent_covered_display": "90", "missing_lines": 3, "excluded_lines": 2}, "missing_lines": [33, 37, 38], "excluded_lines": [12, 13], "functions": {"HuggingFaceEmbeddingProvider.__init__": {"executed_lines": [26, 27, 28], "summary": {"covered_lines": 3, "num_statements": 3, "percent_covered": 100.0, "percent_covered_display": "100", "missing_lines": 0, "excluded_lines": 0}, "missing_lines": [], "excluded_lines": []}, "HuggingFaceEmbeddingProvider._load_model": {"executed_lines": [32, 35, 36, 43, 44, 45, 46], "summary": {"covered_lines": 7, "num_statements": 10, "percent_covered": 70.0, "percent_covered_display": "70", "missing_lines": 3, "excluded_lines": 0}, "missing_lines": [33, 37, 38], "excluded_lines": []}, "HuggingFaceEmbeddingProvider.encode": {"executed_lines": [60, 61], "summary": {"covered_lines": 2, "num_statements": 2, "percent_covered": 100.0, "percent_covered_display": "100", "missing_lines": 0, "excluded_lines": 0}, "missing_lines": [], "excluded_lines": []}, "HuggingFaceEmbeddingProvider.dimension": {"executed_lines": [70, 71], "summary": {"covered_lines": 2, "num_statements": 2, "percent_covered": 100.0, "percent_covered_display": "100", "missing_lines": 0, "excluded_lines": 0}, "missing_lines": [], "excluded_lines": []}, "": {"executed_lines": [1, 3, 5, 7, 8, 10, 12, 15, 18, 19, 25, 30, 52, 68, 69], "summary": {"covered_lines": 12, "num_statements": 12, "percent_covered": 100.0, "percent_covered_display": "100", "missing_lines": 0, "excluded_lines": 2}, "missing_lines": [], "excluded_lines": [12, 13]}}, "classes": {"HuggingFaceEmbeddingProvider": {"executed_lines": [26, 27, 28, 32, 35, 36, 43, 44, 45, 46, 60, 61, 70, 71], "summary": {"covered_lines": 14, "num_statements": 17, "percent_covered": 82.3529411764706, "percent_covered_display": "82", "missing_lines": 3, "excluded_lines": 0}, "missing_lines": [33, 37, 38], "excluded_lines": []}, "": {"executed_lines": [1, 3, 5, 7, 8, 10, 12, 15, 18, 19, 25, 30, 52, 68, 69], "summary": {"covered_lines": 12, "num_statements": 12, "percent_covered": 100.0, "percent_covered_display": "100", "missing_lines": 0, "excluded_lines": 2}, "missing_lines": [], "excluded_lines": [12, 13]}}}, "src/portiere/embedding/providers/noop_provider.py": {"executed_lines": [1, 10, 12, 14, 17, 18, 26, 28, 36, 38, 39], "summary": {"covered_lines": 9, "num_statements": 10, "percent_covered": 90.0, "percent_covered_display": "90", "missing_lines": 1, "excluded_lines": 0}, "missing_lines": [40], "excluded_lines": [], "functions": {"NoOpEmbeddingProvider.encode": {"executed_lines": [36], "summary": {"covered_lines": 1, "num_statements": 1, "percent_covered": 100.0, "percent_covered_display": "100", "missing_lines": 0, "excluded_lines": 0}, "missing_lines": [], "excluded_lines": []}, "NoOpEmbeddingProvider.dimension": {"executed_lines": [], "summary": {"covered_lines": 0, "num_statements": 1, "percent_covered": 0.0, "percent_covered_display": "0", "missing_lines": 1, "excluded_lines": 0}, "missing_lines": [40], "excluded_lines": []}, "": {"executed_lines": [1, 10, 12, 14, 17, 18, 26, 28, 38, 39], "summary": {"covered_lines": 8, "num_statements": 8, "percent_covered": 100.0, "percent_covered_display": "100", "missing_lines": 0, "excluded_lines": 0}, "missing_lines": [], "excluded_lines": []}}, "classes": {"NoOpEmbeddingProvider": {"executed_lines": [36], "summary": {"covered_lines": 1, "num_statements": 2, "percent_covered": 50.0, "percent_covered_display": "50", "missing_lines": 1, "excluded_lines": 0}, "missing_lines": [40], "excluded_lines": []}, "": {"executed_lines": [1, 10, 12, 14, 17, 18, 26, 28, 38, 39], "summary": {"covered_lines": 8, "num_statements": 8, "percent_covered": 100.0, "percent_covered_display": "100", "missing_lines": 0, "excluded_lines": 0}, "missing_lines": [], "excluded_lines": []}}}, "src/portiere/embedding/providers/ollama_provider.py": {"executed_lines": [1, 3, 5, 7, 8, 10, 12, 15, 18, 19, 24, 25, 26, 27, 29, 34, 35, 37, 45, 47, 49, 50, 51, 55, 56, 57, 69, 71, 72, 73, 74, 76, 77, 79, 81, 82], "summary": {"covered_lines": 33, "num_statements": 44, "percent_covered": 75.0, "percent_covered_display": "75", "missing_lines": 11, "excluded_lines": 2}, "missing_lines": [30, 31, 58, 59, 63, 64, 65, 83, 84, 85, 86], "excluded_lines": [12, 13], "functions": {"OllamaEmbeddingProvider.__init__": {"executed_lines": [25, 26, 27, 29, 34, 35], "summary": {"covered_lines": 6, "num_statements": 8, "percent_covered": 75.0, "percent_covered_display": "75", "missing_lines": 2, "excluded_lines": 0}, "missing_lines": [30, 31], "excluded_lines": []}, "OllamaEmbeddingProvider.encode": {"executed_lines": [45, 47, 49, 50, 51, 55, 56, 57, 69, 71, 72, 73, 74, 76, 77, 79], "summary": {"covered_lines": 16, "num_statements": 21, "percent_covered": 76.19047619047619, "percent_covered_display": "76", "missing_lines": 5, "excluded_lines": 0}, "missing_lines": [58, 59, 63, 64, 65], "excluded_lines": []}, "OllamaEmbeddingProvider.dimension": {"executed_lines": [], "summary": {"covered_lines": 0, "num_statements": 4, "percent_covered": 0.0, "percent_covered_display": "0", "missing_lines": 4, "excluded_lines": 0}, "missing_lines": [83, 84, 85, 86], "excluded_lines": []}, "": {"executed_lines": [1, 3, 5, 7, 8, 10, 12, 15, 18, 19, 24, 37, 81, 82], "summary": {"covered_lines": 11, "num_statements": 11, "percent_covered": 100.0, "percent_covered_display": "100", "missing_lines": 0, "excluded_lines": 2}, "missing_lines": [], "excluded_lines": [12, 13]}}, "classes": {"OllamaEmbeddingProvider": {"executed_lines": [25, 26, 27, 29, 34, 35, 45, 47, 49, 50, 51, 55, 56, 57, 69, 71, 72, 73, 74, 76, 77, 79], "summary": {"covered_lines": 22, "num_statements": 33, "percent_covered": 66.66666666666667, "percent_covered_display": "67", "missing_lines": 11, "excluded_lines": 0}, "missing_lines": [30, 31, 58, 59, 63, 64, 65, 83, 84, 85, 86], "excluded_lines": []}, "": {"executed_lines": [1, 3, 5, 7, 8, 10, 12, 15, 18, 19, 24, 37, 81, 82], "summary": {"covered_lines": 11, "num_statements": 11, "percent_covered": 100.0, "percent_covered_display": "100", "missing_lines": 0, "excluded_lines": 2}, "missing_lines": [], "excluded_lines": [12, 13]}}}, "src/portiere/embedding/providers/openai_provider.py": {"executed_lines": [1, 3, 5, 7, 8, 10, 12, 15, 18, 19, 25, 26, 27, 28, 30, 31, 32, 33, 38, 40, 48, 52, 53, 55, 56, 57, 58, 60, 61, 63, 65, 66], "summary": {"covered_lines": 29, "num_statements": 35, "percent_covered": 82.85714285714286, "percent_covered_display": "83", "missing_lines": 6, "excluded_lines": 2}, "missing_lines": [34, 35, 67, 68, 69, 70], "excluded_lines": [12, 13], "functions": {"OpenAIEmbeddingProvider.__init__": {"executed_lines": [26, 27, 28, 30, 31, 32, 33, 38], "summary": {"covered_lines": 8, "num_statements": 10, "percent_covered": 80.0, "percent_covered_display": "80", "missing_lines": 2, "excluded_lines": 0}, "missing_lines": [34, 35], "excluded_lines": []}, "OpenAIEmbeddingProvider.encode": {"executed_lines": [48, 52, 53, 55, 56, 57, 58, 60, 61, 63], "summary": {"covered_lines": 10, "num_statements": 10, "percent_covered": 100.0, "percent_covered_display": "100", "missing_lines": 0, "excluded_lines": 0}, "missing_lines": [], "excluded_lines": []}, "OpenAIEmbeddingProvider.dimension": {"executed_lines": [], "summary": {"covered_lines": 0, "num_statements": 4, "percent_covered": 0.0, "percent_covered_display": "0", "missing_lines": 4, "excluded_lines": 0}, "missing_lines": [67, 68, 69, 70], "excluded_lines": []}, "": {"executed_lines": [1, 3, 5, 7, 8, 10, 12, 15, 18, 19, 25, 40, 65, 66], "summary": {"covered_lines": 11, "num_statements": 11, "percent_covered": 100.0, "percent_covered_display": "100", "missing_lines": 0, "excluded_lines": 2}, "missing_lines": [], "excluded_lines": [12, 13]}}, "classes": {"OpenAIEmbeddingProvider": {"executed_lines": [26, 27, 28, 30, 31, 32, 33, 38, 48, 52, 53, 55, 56, 57, 58, 60, 61, 63], "summary": {"covered_lines": 18, "num_statements": 24, "percent_covered": 75.0, "percent_covered_display": "75", "missing_lines": 6, "excluded_lines": 0}, "missing_lines": [34, 35, 67, 68, 69, 70], "excluded_lines": []}, "": {"executed_lines": [1, 3, 5, 7, 8, 10, 12, 15, 18, 19, 25, 40, 65, 66], "summary": {"covered_lines": 11, "num_statements": 11, "percent_covered": 100.0, "percent_covered_display": "100", "missing_lines": 0, "excluded_lines": 2}, "missing_lines": [], "excluded_lines": [12, 13]}}}, "src/portiere/engines/__init__.py": {"executed_lines": [1, 11, 13, 19, 21, 25, 26, 28, 36, 50, 54, 58, 59, 61], "summary": {"covered_lines": 13, "num_statements": 24, "percent_covered": 54.166666666666664, "percent_covered_display": "54", "missing_lines": 11, "excluded_lines": 0}, "missing_lines": [22, 24, 29, 30, 32, 33, 51, 53, 55, 57, 63], "excluded_lines": [], "functions": {"__getattr__": {"executed_lines": [21, 25, 26, 28], "summary": {"covered_lines": 4, "num_statements": 10, "percent_covered": 40.0, "percent_covered_display": "40", "missing_lines": 6, "excluded_lines": 0}, "missing_lines": [22, 24, 29, 30, 32, 33], "excluded_lines": []}, "get_engine": {"executed_lines": [50, 54, 58, 59, 61], "summary": {"covered_lines": 5, "num_statements": 10, "percent_covered": 50.0, "percent_covered_display": "50", "missing_lines": 5, "excluded_lines": 0}, "missing_lines": [51, 53, 55, 57, 63], "excluded_lines": []}, "": {"executed_lines": [1, 11, 13, 19, 36], "summary": {"covered_lines": 4, "num_statements": 4, "percent_covered": 100.0, "percent_covered_display": "100", "missing_lines": 0, "excluded_lines": 0}, "missing_lines": [], "excluded_lines": []}}, "classes": {"": {"executed_lines": [1, 11, 13, 19, 21, 25, 26, 28, 36, 50, 54, 58, 59, 61], "summary": {"covered_lines": 13, "num_statements": 24, "percent_covered": 54.166666666666664, "percent_covered_display": "54", "missing_lines": 11, "excluded_lines": 0}, "missing_lines": [22, 24, 29, 30, 32, 33, 51, 53, 55, 57, 63], "excluded_lines": []}}}, "src/portiere/engines/base.py": {"executed_lines": [1, 9, 10, 12, 16, 17, 33, 34, 35, 39, 40, 59, 60, 79, 80, 101, 102, 119, 120, 138, 139, 151, 152, 164, 165, 177, 178, 192, 193, 208, 209, 234, 235, 257, 268, 282, 293, 304, 305], "summary": {"covered_lines": 9, "num_statements": 15, "percent_covered": 60.0, "percent_covered_display": "60", "missing_lines": 6, "excluded_lines": 226}, "missing_lines": [264, 266, 278, 280, 290, 291], "excluded_lines": [12, 13, 33, 34, 35, 36, 37, 38, 39, 40, 41, 42, 43, 44, 45, 46, 47, 48, 49, 50, 51, 52, 53, 54, 55, 56, 57, 58, 59, 60, 61, 62, 63, 64, 65, 66, 67, 68, 69, 70, 71, 72, 73, 74, 75, 76, 77, 78, 79, 80, 81, 82, 83, 84, 85, 86, 87, 88, 89, 90, 91, 92, 93, 94, 95, 96, 97, 98, 99, 100, 101, 102, 103, 104, 105, 106, 107, 108, 109, 110, 111, 112, 113, 114, 115, 116, 117, 118, 119, 120, 121, 122, 123, 124, 125, 126, 127, 128, 129, 130, 131, 132, 133, 134, 135, 136, 137, 138, 139, 140, 141, 142, 143, 144, 145, 146, 147, 148, 149, 150, 151, 152, 153, 154, 155, 156, 157, 158, 159, 160, 161, 162, 163, 164, 165, 166, 167, 168, 169, 170, 171, 172, 173, 174, 175, 176, 177, 178, 179, 180, 181, 182, 183, 184, 185, 186, 187, 188, 189, 190, 191, 192, 193, 194, 195, 196, 197, 198, 199, 200, 201, 202, 203, 204, 205, 206, 207, 208, 209, 210, 211, 212, 213, 214, 215, 216, 217, 218, 219, 220, 221, 222, 223, 224, 225, 226, 227, 228, 229, 230, 231, 232, 233, 234, 235, 236, 237, 238, 239, 240, 241, 242, 243, 244, 245, 246, 247, 248, 249, 250, 251, 252, 253, 254, 255, 256], "functions": {"AbstractEngine.engine_name": {"executed_lines": [], "summary": {"covered_lines": 0, "num_statements": 0, "percent_covered": 100.0, "percent_covered_display": "100", "missing_lines": 0, "excluded_lines": 2}, "missing_lines": [], "excluded_lines": [36, 37]}, "AbstractEngine.read_source": {"executed_lines": [], "summary": {"covered_lines": 0, "num_statements": 0, "percent_covered": 100.0, "percent_covered_display": "100", "missing_lines": 0, "excluded_lines": 12}, "missing_lines": [], "excluded_lines": [46, 47, 48, 49, 50, 51, 52, 53, 54, 55, 56, 57]}, "AbstractEngine.profile": {"executed_lines": [], "summary": {"covered_lines": 0, "num_statements": 0, "percent_covered": 100.0, "percent_covered_display": "100", "missing_lines": 0, "excluded_lines": 17}, "missing_lines": [], "excluded_lines": [61, 62, 63, 64, 65, 66, 67, 68, 69, 70, 71, 72, 73, 74, 75, 76, 77]}, "AbstractEngine.get_distinct_values": {"executed_lines": [], "summary": {"covered_lines": 0, "num_statements": 0, "percent_covered": 100.0, "percent_covered_display": "100", "missing_lines": 0, "excluded_lines": 14}, "missing_lines": [], "excluded_lines": [86, 87, 88, 89, 90, 91, 92, 93, 94, 95, 96, 97, 98, 99]}, "AbstractEngine.transform": {"executed_lines": [], "summary": {"covered_lines": 0, "num_statements": 0, "percent_covered": 100.0, "percent_covered_display": "100", "missing_lines": 0, "excluded_lines": 11}, "missing_lines": [], "excluded_lines": [107, 108, 109, 110, 111, 112, 113, 114, 115, 116, 117]}, "AbstractEngine.write": {"executed_lines": [], "summary": {"covered_lines": 0, "num_statements": 0, "percent_covered": 100.0, "percent_covered_display": "100", "missing_lines": 0, "excluded_lines": 10}, "missing_lines": [], "excluded_lines": [127, 128, 129, 130, 131, 132, 133, 134, 135, 136]}, "AbstractEngine.sql": {"executed_lines": [], "summary": {"covered_lines": 0, "num_statements": 0, "percent_covered": 100.0, "percent_covered_display": "100", "missing_lines": 0, "excluded_lines": 10}, "missing_lines": [], "excluded_lines": [140, 141, 142, 143, 144, 145, 146, 147, 148, 149]}, "AbstractEngine.count": {"executed_lines": [], "summary": {"covered_lines": 0, "num_statements": 0, "percent_covered": 100.0, "percent_covered_display": "100", "missing_lines": 0, "excluded_lines": 10}, "missing_lines": [], "excluded_lines": [153, 154, 155, 156, 157, 158, 159, 160, 161, 162]}, "AbstractEngine.schema": {"executed_lines": [], "summary": {"covered_lines": 0, "num_statements": 0, "percent_covered": 100.0, "percent_covered_display": "100", "missing_lines": 0, "excluded_lines": 10}, "missing_lines": [], "excluded_lines": [166, 167, 168, 169, 170, 171, 172, 173, 174, 175]}, "AbstractEngine.to_pandas": {"executed_lines": [], "summary": {"covered_lines": 0, "num_statements": 0, "percent_covered": 100.0, "percent_covered_display": "100", "missing_lines": 0, "excluded_lines": 12}, "missing_lines": [], "excluded_lines": [179, 180, 181, 182, 183, 184, 185, 186, 187, 188, 189, 190]}, "AbstractEngine.sample": {"executed_lines": [], "summary": {"covered_lines": 0, "num_statements": 0, "percent_covered": 100.0, "percent_covered_display": "100", "missing_lines": 0, "excluded_lines": 13}, "missing_lines": [], "excluded_lines": [194, 195, 196, 197, 198, 199, 200, 201, 202, 203, 204, 205, 206]}, "AbstractEngine.map_column": {"executed_lines": [], "summary": {"covered_lines": 0, "num_statements": 0, "percent_covered": 100.0, "percent_covered_display": "100", "missing_lines": 0, "excluded_lines": 16}, "missing_lines": [], "excluded_lines": [217, 218, 219, 220, 221, 222, 223, 224, 225, 226, 227, 228, 229, 230, 231, 232]}, "AbstractEngine.read_database": {"executed_lines": [], "summary": {"covered_lines": 0, "num_statements": 0, "percent_covered": 100.0, "percent_covered_display": "100", "missing_lines": 0, "excluded_lines": 14}, "missing_lines": [], "excluded_lines": [242, 243, 244, 245, 246, 247, 248, 249, 250, 251, 252, 253, 254, 255]}, "AbstractEngine.from_records": {"executed_lines": [], "summary": {"covered_lines": 0, "num_statements": 2, "percent_covered": 0.0, "percent_covered_display": "0", "missing_lines": 2, "excluded_lines": 0}, "missing_lines": [264, 266], "excluded_lines": []}, "AbstractEngine.read_csv": {"executed_lines": [], "summary": {"covered_lines": 0, "num_statements": 2, "percent_covered": 0.0, "percent_covered_display": "0", "missing_lines": 2, "excluded_lines": 0}, "missing_lines": [278, 280], "excluded_lines": []}, "AbstractEngine.write_csv": {"executed_lines": [], "summary": {"covered_lines": 0, "num_statements": 2, "percent_covered": 0.0, "percent_covered_display": "0", "missing_lines": 2, "excluded_lines": 0}, "missing_lines": [290, 291], "excluded_lines": []}, "AbstractEngine.to_dict_records": {"executed_lines": [304, 305], "summary": {"covered_lines": 2, "num_statements": 2, "percent_covered": 100.0, "percent_covered_display": "100", "missing_lines": 0, "excluded_lines": 0}, "missing_lines": [], "excluded_lines": []}, "": {"executed_lines": [1, 9, 10, 12, 16, 17, 33, 34, 35, 39, 40, 59, 60, 79, 80, 101, 102, 119, 120, 138, 139, 151, 152, 164, 165, 177, 178, 192, 193, 208, 209, 234, 235, 257, 268, 282, 293], "summary": {"covered_lines": 7, "num_statements": 7, "percent_covered": 100.0, "percent_covered_display": "100", "missing_lines": 0, "excluded_lines": 75}, "missing_lines": [], "excluded_lines": [12, 13, 33, 34, 35, 38, 39, 40, 41, 42, 43, 44, 45, 58, 59, 60, 78, 79, 80, 81, 82, 83, 84, 85, 100, 101, 102, 103, 104, 105, 106, 118, 119, 120, 121, 122, 123, 124, 125, 126, 137, 138, 139, 150, 151, 152, 163, 164, 165, 176, 177, 178, 191, 192, 193, 207, 208, 209, 210, 211, 212, 213, 214, 215, 216, 233, 234, 235, 236, 237, 238, 239, 240, 241, 256]}}, "classes": {"AbstractEngine": {"executed_lines": [304, 305], "summary": {"covered_lines": 2, "num_statements": 8, "percent_covered": 25.0, "percent_covered_display": "25", "missing_lines": 6, "excluded_lines": 151}, "missing_lines": [264, 266, 278, 280, 290, 291], "excluded_lines": [36, 37, 46, 47, 48, 49, 50, 51, 52, 53, 54, 55, 56, 57, 61, 62, 63, 64, 65, 66, 67, 68, 69, 70, 71, 72, 73, 74, 75, 76, 77, 86, 87, 88, 89, 90, 91, 92, 93, 94, 95, 96, 97, 98, 99, 107, 108, 109, 110, 111, 112, 113, 114, 115, 116, 117, 127, 128, 129, 130, 131, 132, 133, 134, 135, 136, 140, 141, 142, 143, 144, 145, 146, 147, 148, 149, 153, 154, 155, 156, 157, 158, 159, 160, 161, 162, 166, 167, 168, 169, 170, 171, 172, 173, 174, 175, 179, 180, 181, 182, 183, 184, 185, 186, 187, 188, 189, 190, 194, 195, 196, 197, 198, 199, 200, 201, 202, 203, 204, 205, 206, 217, 218, 219, 220, 221, 222, 223, 224, 225, 226, 227, 228, 229, 230, 231, 232, 242, 243, 244, 245, 246, 247, 248, 249, 250, 251, 252, 253, 254, 255]}, "": {"executed_lines": [1, 9, 10, 12, 16, 17, 33, 34, 35, 39, 40, 59, 60, 79, 80, 101, 102, 119, 120, 138, 139, 151, 152, 164, 165, 177, 178, 192, 193, 208, 209, 234, 235, 257, 268, 282, 293], "summary": {"covered_lines": 7, "num_statements": 7, "percent_covered": 100.0, "percent_covered_display": "100", "missing_lines": 0, "excluded_lines": 75}, "missing_lines": [], "excluded_lines": [12, 13, 33, 34, 35, 38, 39, 40, 41, 42, 43, 44, 45, 58, 59, 60, 78, 79, 80, 81, 82, 83, 84, 85, 100, 101, 102, 103, 104, 105, 106, 118, 119, 120, 121, 122, 123, 124, 125, 126, 137, 138, 139, 150, 151, 152, 163, 164, 165, 176, 177, 178, 191, 192, 193, 207, 208, 209, 210, 211, 212, 213, 214, 215, 216, 233, 234, 235, 236, 237, 238, 239, 240, 241, 256]}}}, "src/portiere/engines/pandas_engine.py": {"executed_lines": [1, 10, 12, 13, 15, 17, 19, 22, 25, 26, 39, 41, 42, 44, 50, 52, 53, 54, 56, 63, 65, 66, 67, 68, 69, 70, 72, 74, 76, 77, 78, 79, 81, 91, 92, 93, 95, 97, 103, 110, 111, 113, 119, 122, 123, 126, 127, 128, 129, 132, 133, 135, 137, 145, 146, 148, 149, 150, 151, 152, 153, 155, 157, 159, 164, 166, 168, 170, 179, 181, 182, 183, 185, 194, 195, 196, 198, 220, 224, 228, 232, 234], "summary": {"covered_lines": 78, "num_statements": 93, "percent_covered": 83.87096774193549, "percent_covered_display": "84", "missing_lines": 15, "excluded_lines": 3}, "missing_lines": [45, 46, 206, 207, 208, 209, 212, 213, 214, 215, 216, 218, 222, 226, 230], "excluded_lines": [19, 20, 159], "functions": {"PandasEngine.__init__": {"executed_lines": [41, 42, 44, 50], "summary": {"covered_lines": 4, "num_statements": 6, "percent_covered": 66.66666666666667, "percent_covered_display": "67", "missing_lines": 2, "excluded_lines": 0}, "missing_lines": [45, 46], "excluded_lines": []}, "PandasEngine.engine_name": {"executed_lines": [54], "summary": {"covered_lines": 1, "num_statements": 1, "percent_covered": 100.0, "percent_covered_display": "100", "missing_lines": 0, "excluded_lines": 0}, "missing_lines": [], "excluded_lines": []}, "PandasEngine.read_source": {"executed_lines": [63, 65, 66, 67, 68, 69, 70, 72], "summary": {"covered_lines": 8, "num_statements": 8, "percent_covered": 100.0, "percent_covered_display": "100", "missing_lines": 0, "excluded_lines": 0}, "missing_lines": [], "excluded_lines": []}, "PandasEngine.profile": {"executed_lines": [76, 77, 78, 79, 81, 91, 92, 93, 95, 97], "summary": {"covered_lines": 10, "num_statements": 10, "percent_covered": 100.0, "percent_covered_display": "100", "missing_lines": 0, "excluded_lines": 0}, "missing_lines": [], "excluded_lines": []}, "PandasEngine.get_distinct_values": {"executed_lines": [110, 111], "summary": {"covered_lines": 2, "num_statements": 2, "percent_covered": 100.0, "percent_covered_display": "100", "missing_lines": 0, "excluded_lines": 0}, "missing_lines": [], "excluded_lines": []}, "PandasEngine.transform": {"executed_lines": [119, 122, 123, 126, 127, 128, 129, 132, 133, 135], "summary": {"covered_lines": 10, "num_statements": 10, "percent_covered": 100.0, "percent_covered_display": "100", "missing_lines": 0, "excluded_lines": 0}, "missing_lines": [], "excluded_lines": []}, "PandasEngine.write": {"executed_lines": [145, 146, 148, 149, 150, 151, 152, 153, 155], "summary": {"covered_lines": 9, "num_statements": 9, "percent_covered": 100.0, "percent_covered_display": "100", "missing_lines": 0, "excluded_lines": 0}, "missing_lines": [], "excluded_lines": []}, "PandasEngine.sql": {"executed_lines": [159], "summary": {"covered_lines": 0, "num_statements": 0, "percent_covered": 100.0, "percent_covered_display": "100", "missing_lines": 0, "excluded_lines": 1}, "missing_lines": [], "excluded_lines": [159]}, "PandasEngine.count": {"executed_lines": [166], "summary": {"covered_lines": 1, "num_statements": 1, "percent_covered": 100.0, "percent_covered_display": "100", "missing_lines": 0, "excluded_lines": 0}, "missing_lines": [], "excluded_lines": []}, "PandasEngine.schema": {"executed_lines": [170], "summary": {"covered_lines": 1, "num_statements": 1, "percent_covered": 100.0, "percent_covered_display": "100", "missing_lines": 0, "excluded_lines": 0}, "missing_lines": [], "excluded_lines": []}, "PandasEngine.sample": {"executed_lines": [181, 182, 183], "summary": {"covered_lines": 3, "num_statements": 3, "percent_covered": 100.0, "percent_covered_display": "100", "missing_lines": 0, "excluded_lines": 0}, "missing_lines": [], "excluded_lines": []}, "PandasEngine.map_column": {"executed_lines": [194, 195, 196], "summary": {"covered_lines": 3, "num_statements": 3, "percent_covered": 100.0, "percent_covered_display": "100", "missing_lines": 0, "excluded_lines": 0}, "missing_lines": [], "excluded_lines": []}, "PandasEngine.read_database": {"executed_lines": [], "summary": {"covered_lines": 0, "num_statements": 10, "percent_covered": 0.0, "percent_covered_display": "0", "missing_lines": 10, "excluded_lines": 0}, "missing_lines": [206, 207, 208, 209, 212, 213, 214, 215, 216, 218], "excluded_lines": []}, "PandasEngine.from_records": {"executed_lines": [], "summary": {"covered_lines": 0, "num_statements": 1, "percent_covered": 0.0, "percent_covered_display": "0", "missing_lines": 1, "excluded_lines": 0}, "missing_lines": [222], "excluded_lines": []}, "PandasEngine.read_csv": {"executed_lines": [], "summary": {"covered_lines": 0, "num_statements": 1, "percent_covered": 0.0, "percent_covered_display": "0", "missing_lines": 1, "excluded_lines": 0}, "missing_lines": [226], "excluded_lines": []}, "PandasEngine.write_csv": {"executed_lines": [], "summary": {"covered_lines": 0, "num_statements": 1, "percent_covered": 0.0, "percent_covered_display": "0", "missing_lines": 1, "excluded_lines": 0}, "missing_lines": [230], "excluded_lines": []}, "PandasEngine.to_pandas": {"executed_lines": [234], "summary": {"covered_lines": 1, "num_statements": 1, "percent_covered": 100.0, "percent_covered_display": "100", "missing_lines": 0, "excluded_lines": 0}, "missing_lines": [], "excluded_lines": []}, "": {"executed_lines": [1, 10, 12, 13, 15, 17, 19, 22, 25, 26, 39, 52, 53, 56, 74, 103, 113, 137, 157, 164, 168, 179, 185, 198, 220, 224, 228, 232], "summary": {"covered_lines": 25, "num_statements": 25, "percent_covered": 100.0, "percent_covered_display": "100", "missing_lines": 0, "excluded_lines": 2}, "missing_lines": [], "excluded_lines": [19, 20]}}, "classes": {"PandasEngine": {"executed_lines": [41, 42, 44, 50, 54, 63, 65, 66, 67, 68, 69, 70, 72, 76, 77, 78, 79, 81, 91, 92, 93, 95, 97, 110, 111, 119, 122, 123, 126, 127, 128, 129, 132, 133, 135, 145, 146, 148, 149, 150, 151, 152, 153, 155, 159, 166, 170, 181, 182, 183, 194, 195, 196, 234], "summary": {"covered_lines": 53, "num_statements": 68, "percent_covered": 77.94117647058823, "percent_covered_display": "78", "missing_lines": 15, "excluded_lines": 1}, "missing_lines": [45, 46, 206, 207, 208, 209, 212, 213, 214, 215, 216, 218, 222, 226, 230], "excluded_lines": [159]}, "": {"executed_lines": [1, 10, 12, 13, 15, 17, 19, 22, 25, 26, 39, 52, 53, 56, 74, 103, 113, 137, 157, 164, 168, 179, 185, 198, 220, 224, 228, 232], "summary": {"covered_lines": 25, "num_statements": 25, "percent_covered": 1
[...]
"percent_covered_display": "100", "missing_lines": 0, "excluded_lines": 116}, "missing_lines": [], "excluded_lines": [12, 13, 14, 15, 29, 30, 31, 32, 33, 34, 35, 36, 37, 38, 39, 40, 41, 42, 43, 44, 45, 46, 47, 48, 49, 50, 51, 52, 53, 54, 55, 56, 57, 58, 59, 60, 63, 64, 65, 66, 67, 68, 69, 70, 71, 72, 75, 76, 77, 78, 79, 80, 81, 82, 83, 84, 87, 88, 89, 90, 91, 92, 93, 94, 95, 96, 99, 100, 101, 102, 103, 104, 105, 106, 107, 108, 111, 112, 113, 114, 115, 116, 117, 118, 119, 120, 123, 124, 125, 126, 127, 128, 129, 130, 131, 132, 135, 136, 137, 138, 139, 140, 141, 142, 143, 144, 147, 148, 149, 150, 151, 152, 153, 154, 155, 156], "functions": {"StorageBackend.create_project": {"executed_lines": [], "summary": {"covered_lines": 0, "num_statements": 0, "percent_covered": 100.0, "percent_covered_display": "100", "missing_lines": 0, "excluded_lines": 2}, "missing_lines": [], "excluded_lines": [38, 39]}, "StorageBackend.load_project": {"executed_lines": [], "summary": {"covered_lines": 0, "num_statements": 0, "percent_covered": 100.0, "percent_covered_display": "100", "missing_lines": 0, "excluded_lines": 2}, "missing_lines": [], "excluded_lines": [43, 44]}, "StorageBackend.list_projects": {"executed_lines": [], "summary": {"covered_lines": 0, "num_statements": 0, "percent_covered": 100.0, "percent_covered_display": "100", "missing_lines": 0, "excluded_lines": 2}, "missing_lines": [], "excluded_lines": [48, 49]}, "StorageBackend.delete_project": {"executed_lines": [], "summary": {"covered_lines": 0, "num_statements": 0, "percent_covered": 100.0, "percent_covered_display": "100", "missing_lines": 0, "excluded_lines": 2}, "missing_lines": [], "excluded_lines": [53, 54]}, "StorageBackend.project_exists": {"executed_lines": [], "summary": {"covered_lines": 0, "num_statements": 0, "percent_covered": 100.0, "percent_covered_display": "100", "missing_lines": 0, "excluded_lines": 2}, "missing_lines": [], "excluded_lines": [58, 59]}, "StorageBackend.save_source": {"executed_lines": [], "summary": {"covered_lines": 0, "num_statements": 0, "percent_covered": 100.0, "percent_covered_display": "100", "missing_lines": 0, "excluded_lines": 2}, "missing_lines": [], "excluded_lines": [65, 66]}, "StorageBackend.list_sources": {"executed_lines": [], "summary": {"covered_lines": 0, "num_statements": 0, "percent_covered": 100.0, "percent_covered_display": "100", "missing_lines": 0, "excluded_lines": 2}, "missing_lines": [], "excluded_lines": [70, 71]}, "StorageBackend.save_schema_mapping": {"executed_lines": [], "summary": {"covered_lines": 0, "num_statements": 0, "percent_covered": 100.0, "percent_covered_display": "100", "missing_lines": 0, "excluded_lines": 2}, "missing_lines": [], "excluded_lines": [77, 78]}, "StorageBackend.load_schema_mapping": {"executed_lines": [], "summary": {"covered_lines": 0, "num_statements": 0, "percent_covered": 100.0, "percent_covered_display": "100", "missing_lines": 0, "excluded_lines": 2}, "missing_lines": [], "excluded_lines": [82, 83]}, "StorageBackend.save_concept_mapping": {"executed_lines": [], "summary": {"covered_lines": 0, "num_statements": 0, "percent_covered": 100.0, "percent_covered_display": "100", "missing_lines": 0, "excluded_lines": 2}, "missing_lines": [], "excluded_lines": [89, 90]}, "StorageBackend.load_concept_mapping": {"executed_lines": [], "summary": {"covered_lines": 0, "num_statements": 0, "percent_covered": 100.0, "percent_covered_display": "100", "missing_lines": 0, "excluded_lines": 2}, "missing_lines": [], "excluded_lines": [94, 95]}, "StorageBackend.save_cross_mapping": {"executed_lines": [], "summary": {"covered_lines": 0, "num_statements": 0, "percent_covered": 100.0, "percent_covered_display": "100", "missing_lines": 0, "excluded_lines": 2}, "missing_lines": [], "excluded_lines": [101, 102]}, "StorageBackend.load_cross_mapping": {"executed_lines": [], "summary": {"covered_lines": 0, "num_statements": 0, "percent_covered": 100.0, "percent_covered_display": "100", "missing_lines": 0, "excluded_lines": 2}, "missing_lines": [], "excluded_lines": [106, 107]}, "StorageBackend.save_etl_script": {"executed_lines": [], "summary": {"covered_lines": 0, "num_statements": 0, "percent_covered": 100.0, "percent_covered_display": "100", "missing_lines": 0, "excluded_lines": 2}, "missing_lines": [], "excluded_lines": [113, 114]}, "StorageBackend.list_etl_scripts": {"executed_lines": [], "summary": {"covered_lines": 0, "num_statements": 0, "percent_covered": 100.0, "percent_covered_display": "100", "missing_lines": 0, "excluded_lines": 2}, "missing_lines": [], "excluded_lines": [118, 119]}, "StorageBackend.save_validation_report": {"executed_lines": [], "summary": {"covered_lines": 0, "num_statements": 0, "percent_covered": 100.0, "percent_covered_display": "100", "missing_lines": 0, "excluded_lines": 2}, "missing_lines": [], "excluded_lines": [125, 126]}, "StorageBackend.list_validation_reports": {"executed_lines": [], "summary": {"covered_lines": 0, "num_statements": 0, "percent_covered": 100.0, "percent_covered_display": "100", "missing_lines": 0, "excluded_lines": 2}, "missing_lines": [], "excluded_lines": [130, 131]}, "StorageBackend.save_profile": {"executed_lines": [], "summary": {"covered_lines": 0, "num_statements": 0, "percent_covered": 100.0, "percent_covered_display": "100", "missing_lines": 0, "excluded_lines": 2}, "missing_lines": [], "excluded_lines": [137, 138]}, "StorageBackend.load_profile": {"executed_lines": [], "summary": {"covered_lines": 0, "num_statements": 0, "percent_covered": 100.0, "percent_covered_display": "100", "missing_lines": 0, "excluded_lines": 2}, "missing_lines": [], "excluded_lines": [142, 143]}, "StorageBackend.save_quality_report": {"executed_lines": [], "summary": {"covered_lines": 0, "num_statements": 0, "percent_covered": 100.0, "percent_covered_display": "100", "missing_lines": 0, "excluded_lines": 2}, "missing_lines": [], "excluded_lines": [149, 150]}, "StorageBackend.load_quality_reports": {"executed_lines": [], "summary": {"covered_lines": 0, "num_statements": 0, "percent_covered": 100.0, "percent_covered_display": "100", "missing_lines": 0, "excluded_lines": 2}, "missing_lines": [], "excluded_lines": [154, 155]}, "": {"executed_lines": [1, 7, 9, 10, 12, 18, 19, 29, 30, 41, 42, 46, 47, 51, 52, 56, 57, 63, 64, 68, 69, 75, 76, 80, 81, 87, 88, 92, 93, 99, 100, 104, 105, 111, 112, 116, 117, 123, 124, 128, 129, 135, 136, 140, 141, 147, 148, 152, 153], "summary": {"covered_lines": 4, "num_statements": 4, "percent_covered": 100.0, "percent_covered_display": "100", "missing_lines": 0, "excluded_lines": 73}, "missing_lines": [], "excluded_lines": [12, 13, 14, 15, 29, 30, 31, 32, 33, 34, 35, 36, 37, 40, 41, 42, 45, 46, 47, 50, 51, 52, 55, 56, 57, 60, 63, 64, 67, 68, 69, 72, 75, 76, 79, 80, 81, 84, 87, 88, 91, 92, 93, 96, 99, 100, 103, 104, 105, 108, 111, 112, 115, 116, 117, 120, 123, 124, 127, 128, 129, 132, 135, 136, 139, 140, 141, 144, 147, 148, 151, 152, 153]}}, "classes": {"StorageBackend": {"executed_lines": [], "summary": {"covered_lines": 0, "num_statements": 0, "percent_covered": 100.0, "percent_covered_display": "100", "missing_lines": 0, "excluded_lines": 42}, "missing_lines": [], "excluded_lines": [38, 39, 43, 44, 48, 49, 53, 54, 58, 59, 65, 66, 70, 71, 77, 78, 82, 83, 89, 90, 94, 95, 101, 102, 106, 107, 113, 114, 118, 119, 125, 126, 130, 131, 137, 138, 142, 143, 149, 150, 154, 155]}, "": {"executed_lines": [1, 7, 9, 10, 12, 18, 19, 29, 30, 41, 42, 46, 47, 51, 52, 56, 57, 63, 64, 68, 69, 75, 76, 80, 81, 87, 88, 92, 93, 99, 100, 104, 105, 111, 112, 116, 117, 123, 124, 128, 129, 135, 136, 140, 141, 147, 148, 152, 153], "summary": {"covered_lines": 4, "num_statements": 4, "percent_covered": 100.0, "percent_covered_display": "100", "missing_lines": 0, "excluded_lines": 73}, "missing_lines": [], "excluded_lines": [12, 13, 14, 15, 29, 30, 31, 32, 33, 34, 35, 36, 37, 40, 41, 42, 45, 46, 47, 50, 51, 52, 55, 56, 57, 60, 63, 64, 67, 68, 69, 72, 75, 76, 79, 80, 81, 84, 87, 88, 91, 92, 93, 96, 99, 100, 103, 104, 105, 108, 111, 112, 115, 116, 117, 120, 123, 124, 127, 128, 129, 132, 135, 136, 139, 140, 141, 144, 147, 148, 151, 152, 153]}}}, "src/portiere/storage/local_backend.py": {"executed_lines": [1, 19, 21, 22, 23, 24, 25, 26, 28, 29, 31, 33, 38, 41, 53, 54, 60, 61, 62, 63, 65, 66, 68, 70, 71, 75, 83, 84, 85, 90, 91, 93, 106, 107, 109, 114, 116, 117, 118, 120, 121, 123, 124, 127, 128, 130, 131, 132, 133, 134, 135, 136, 137, 138, 140, 141, 142, 144, 145, 147, 148, 149, 153, 154, 155, 156, 157, 159, 160, 161, 162, 163, 164, 165, 169, 170, 171, 172, 173, 174, 175, 181, 182, 184, 185, 186, 188, 189, 191, 192, 196, 197, 199, 202, 203, 204, 205, 208, 209, 210, 211, 213, 225, 227, 228, 234, 235, 237, 238, 239, 241, 242, 244, 245, 249, 250, 251, 252, 253, 254, 255, 261, 262, 264, 265, 266, 276, 282, 288, 294, 300, 301, 302, 303, 304, 306, 307, 308, 309, 310, 311, 315, 316, 317, 318, 319, 320, 321, 322, 324, 325, 326, 327, 328, 329, 330, 334, 338, 339, 340, 342, 343, 345, 346, 348, 350, 351, 352, 354, 355, 356, 358, 365, 367, 368, 370, 371, 372, 373, 374], "summary": {"covered_lines": 177, "num_statements": 195, "percent_covered": 90.76923076923077, "percent_covered_display": "91", "missing_lines": 18, "excluded_lines": 4}, "missing_lines": [143, 268, 269, 271, 272, 277, 278, 279, 280, 283, 284, 289, 290, 291, 292, 295, 296, 369], "excluded_lines": [33, 34, 35, 36], "functions": {"LocalStorageBackend.__init__": {"executed_lines": [61, 62, 63], "summary": {"covered_lines": 3, "num_statements": 3, "percent_covered": 100.0, "percent_covered_display": "100", "missing_lines": 0, "excluded_lines": 0}, "missing_lines": [], "excluded_lines": []}, "LocalStorageBackend._project_dir": {"executed_lines": [66], "summary": {"covered_lines": 1, "num_statements": 1, "percent_covered": 100.0, "percent_covered_display": "100", "missing_lines": 0, "excluded_lines": 0}, "missing_lines": [], "excluded_lines": []}, "LocalStorageBackend._ensure_subdirs": {"executed_lines": [70, 71], "summary": {"covered_lines": 2, "num_statements": 2, "percent_covered": 100.0, "percent_covered_display": "100", "missing_lines": 0, "excluded_lines": 0}, "missing_lines": [], "excluded_lines": []}, "LocalStorageBackend.create_project": {"executed_lines": [83, 84, 85, 90, 91, 93, 106, 107, 109, 114], "summary": {"covered_lines": 10, "num_statements": 10, "percent_covered": 100.0, "percent_covered_display": "100", "missing_lines": 0, "excluded_lines": 0}, "missing_lines": [], "excluded_lines": []}, "LocalStorageBackend.load_project": {"executed_lines": [117, 118, 120, 121, 123, 124, 127, 128], "summary": {"covered_lines": 8, "num_statements": 8, "percent_covered": 100.0, "percent_covered_display": "100", "missing_lines": 0, "excluded_lines": 0}, "missing_lines": [], "excluded_lines": []}, "LocalStorageBackend.list_projects": {"executed_lines": [131, 132, 133, 134, 135, 136, 137, 138], "summary": {"covered_lines": 8, "num_statements": 8, "percent_covered": 100.0, "percent_covered_display": "100", "missing_lines": 0, "excluded_lines": 0}, "missing_lines": [], "excluded_lines": []}, "LocalStorageBackend.delete_project": {"executed_lines": [141, 142, 144, 145], "summary": {"covered_lines": 4, "num_statements": 5, "percent_covered": 80.0, "percent_covered_display": "80", "missing_lines": 1, "excluded_lines": 0}, "missing_lines": [143], "excluded_lines": []}, "LocalStorageBackend.project_exists": {"executed_lines": [148, 149], "summary": {"covered_lines": 2, "num_statements": 2, "percent_covered": 100.0, "percent_covered_display": "100", "missing_lines": 0, "excluded_lines": 0}, "missing_lines": [], "excluded_lines": []}, "LocalStorageBackend.save_source": {"executed_lines": [154, 155, 156, 157], "summary": {"covered_lines": 4, "num_statements": 4, "percent_covered": 100.0, "percent_covered_display": "100", "missing_lines": 0, "excluded_lines": 0}, "missing_lines": [], "excluded_lines": []}, "LocalStorageBackend.list_sources": {"executed_lines": [160, 161, 162, 163, 164, 165], "summary": {"covered_lines": 6, "num_statements": 6, "percent_covered": 100.0, "percent_covered_display": "100", "missing_lines": 0, "excluded_lines": 0}, "missing_lines": [], "excluded_lines": []}, "LocalStorageBackend.save_schema_mapping": {"executed_lines": [170, 171, 172, 173, 174, 175], "summary": {"covered_lines": 6, "num_statements": 6, "percent_covered": 100.0, "percent_covered_display": "100", "missing_lines": 0, "excluded_lines": 0}, "missing_lines": [], "excluded_lines": []}, "LocalStorageBackend.load_schema_mapping": {"executed_lines": [182, 184, 185, 186, 188, 189, 191, 192], "summary": {"covered_lines": 8, "num_statements": 8, "percent_covered": 100.0, "percent_covered_display": "100", "missing_lines": 0, "excluded_lines": 0}, "missing_lines": [], "excluded_lines": []}, "LocalStorageBackend.save_concept_mapping": {"executed_lines": [197, 199, 202, 203, 204, 205, 208, 209, 210, 211, 213, 225, 227, 228], "summary": {"covered_lines": 14, "num_statements": 14, "percent_covered": 100.0, "percent_covered_display": "100", "missing_lines": 0, "excluded_lines": 0}, "missing_lines": [], "excluded_lines": []}, "LocalStorageBackend.load_concept_mapping": {"executed_lines": [235, 237, 238, 239, 241, 242, 244, 245], "summary": {"covered_lines": 8, "num_statements": 8, "percent_covered": 100.0, "percent_covered_display": "100", "missing_lines": 0, "excluded_lines": 0}, "missing_lines": [], "excluded_lines": []}, "LocalStorageBackend.save_cross_mapping": {"executed_lines": [250, 251, 252, 253, 254, 255], "summary": {"covered_lines": 6, "num_statements": 6, "percent_covered": 100.0, "percent_covered_display": "100", "missing_lines": 0, "excluded_lines": 0}, "missing_lines": [], "excluded_lines": []}, "LocalStorageBackend.load_cross_mapping": {"executed_lines": [262, 264, 265, 266], "summary": {"covered_lines": 4, "num_statements": 8, "percent_covered": 50.0, "percent_covered_display": "50", "missing_lines": 4, "excluded_lines": 0}, "missing_lines": [268, 269, 271, 272], "excluded_lines": []}, "LocalStorageBackend.save_etl_script": {"executed_lines": [], "summary": {"covered_lines": 0, "num_statements": 4, "percent_covered": 0.0, "percent_covered_display": "0", "missing_lines": 4, "excluded_lines": 0}, "missing_lines": [277, 278, 279, 280], "excluded_lines": []}, "LocalStorageBackend.list_etl_scripts": {"executed_lines": [], "summary": {"covered_lines": 0, "num_statements": 2, "percent_covered": 0.0, "percent_covered_display": "0", "missing_lines": 2, "excluded_lines": 0}, "missing_lines": [283, 284], "excluded_lines": []}, "LocalStorageBackend.save_validation_report": {"executed_lines": [], "summary": {"covered_lines": 0, "num_statements": 4, "percent_covered": 0.0, "percent_covered_display": "0", "missing_lines": 4, "excluded_lines": 0}, "missing_lines": [289, 290, 291, 292], "excluded_lines": []}, "LocalStorageBackend.list_validation_reports": {"executed_lines": [], "summary": {"covered_lines": 0, "num_statements": 2, "percent_covered": 0.0, "percent_covered_display": "0", "missing_lines": 2, "excluded_lines": 0}, "missing_lines": [295, 296], "excluded_lines": []}, "LocalStorageBackend.save_profile": {"executed_lines": [301, 302, 303, 304], "summary": {"covered_lines": 4, "num_statements": 4, "percent_covered": 100.0, "percent_covered_display": "100", "missing_lines": 0, "excluded_lines": 0}, "missing_lines": [], "excluded_lines": []}, "LocalStorageBackend.load_profile": {"executed_lines": [307, 308, 309, 310, 311], "summary": {"covered_lines": 5, "num_statements": 5, "percent_covered": 100.0, "percent_covered_display": "100", "missing_lines": 0, "excluded_lines": 0}, "missing_lines": [], "excluded_lines": []}, "LocalStorageBackend.save_quality_report": {"executed_lines": [316, 317, 318, 319, 320, 321, 322], "summary": {"covered_lines": 7, "num_statements": 7, "percent_covered": 100.0, "percent_covered_display": "100", "missing_lines": 0, "excluded_lines": 0}, "missing_lines": [], "excluded_lines": []}, "LocalStorageBackend.load_quality_reports": {"executed_lines": [325, 326, 327, 328, 329, 330], "summary": {"covered_lines": 6, "num_statements": 6, "percent_covered": 100.0, "percent_covered_display": "100", "missing_lines": 0, "excluded_lines": 0}, "missing_lines": [], "excluded_lines": []}, "LocalStorageBackend.save_sync_metadata": {"executed_lines": [338, 339, 340, 342, 343, 345, 346], "summary": {"covered_lines": 7, "num_statements": 7, "percent_covered": 100.0, "percent_covered_display": "100", "missing_lines": 0, "excluded_lines": 0}, "missing_lines": [], "excluded_lines": []}, "LocalStorageBackend.load_sync_metadata": {"executed_lines": [350, 351, 352, 354, 355, 356, 358], "summary": {"covered_lines": 7, "num_statements": 7, "percent_covered": 100.0, "percent_covered_display": "100", "missing_lines": 0, "excluded_lines": 0}, "missing_lines": [], "excluded_lines": []}, "LocalStorageBackend._update_timestamp": {"executed_lines": [367, 368, 370, 371, 372, 373, 374], "summary": {"covered_lines": 7, "num_statements": 8, "percent_covered": 87.5, "percent_covered_display": "88", "missing_lines": 1, "excluded_lines": 0}, "missing_lines": [369], "excluded_lines": []}, "": {"executed_lines": [1, 19, 21, 22, 23, 24, 25, 26, 28, 29, 31, 33, 38, 41, 53, 54, 60, 65, 68, 75, 116, 130, 140, 147, 153, 159, 169, 181, 196, 234, 249, 261, 276, 282, 288, 294, 300, 306, 315, 324, 334, 348, 365], "summary": {"covered_lines": 40, "num_statements": 40, "percent_covered": 100.0, "percent_covered_display": "100", "missing_lines": 0, "excluded_lines": 4}, "missing_lines": [], "excluded_lines": [33, 34, 35, 36]}}, "classes": {"LocalStorageBackend": {"executed_lines": [61, 62, 63, 66, 70, 71, 83, 84, 85, 90, 91, 93, 106, 107, 109, 114, 117, 118, 120, 121, 123, 124, 127, 128, 131, 132, 133, 134, 135, 136, 137, 138, 141, 142, 144, 145, 148, 149, 154, 155, 156, 157, 160, 161, 162, 163, 164, 165, 170, 171, 172, 173, 174, 175, 182, 184, 185, 186, 188, 189, 191, 192, 197, 199, 202, 203, 204, 205, 208, 209, 210, 211, 213, 225, 227, 228, 235, 237, 238, 239, 241, 242, 244, 245, 250, 251, 252, 253, 254, 255, 262, 264, 265, 266, 301, 302, 303, 304, 307, 308, 309, 310, 311, 316, 317, 318, 319, 320, 321, 322, 325, 326, 327, 328, 329, 330, 338, 339, 340, 342, 343, 345, 346, 350, 351, 352, 354, 355, 356, 358, 367, 368, 370, 371, 372, 373, 374], "summary": {"covered_lines": 137, "num_statements": 155, "percent_covered": 88.38709677419355, "percent_covered_display": "88", "missing_lines": 18, "excluded_lines": 0}, "missing_lines": [143, 268, 269, 271, 272, 277, 278, 279, 280, 283, 284, 289, 290, 291, 292, 295, 296, 369], "excluded_lines": []}, "": {"executed_lines": [1, 19, 21, 22, 23, 24, 25, 26, 28, 29, 31, 33, 38, 41, 53, 54, 60, 65, 68, 75, 116, 130, 140, 147, 153, 159, 169, 181, 196, 234, 249, 261, 276, 282, 288, 294, 300, 306, 315, 324, 334, 348, 365], "summary": {"covered_lines": 40, "num_statements": 40, "percent_covered": 100.0, "percent_covered_display": "100", "missing_lines": 0, "excluded_lines": 4}, "missing_lines": [], "excluded_lines": [33, 34, 35, 36]}}}, "src/portiere/sync/__init__.py": {"executed_lines": [1, 5, 7], "summary": {"covered_lines": 2, "num_statements": 2, "percent_covered": 100.0, "percent_covered_display": "100", "missing_lines": 0, "excluded_lines": 0}, "missing_lines": [], "excluded_lines": [], "functions": {"": {"executed_lines": [1, 5, 7], "summary": {"covered_lines": 2, "num_statements": 2, "percent_covered": 100.0, "percent_covered_display": "100", "missing_lines": 0, "excluded_lines": 0}, "missing_lines": [], "excluded_lines": []}}, "classes": {"": {"executed_lines": [1, 5, 7], "summary": {"covered_lines": 2, "num_statements": 2, "percent_covered": 100.0, "percent_covered_display": "100", "missing_lines": 0, "excluded_lines": 0}, "missing_lines": [], "excluded_lines": []}}}}, "totals": {"covered_lines": 5572, "num_statements": 6828, "percent_covered": 81.60515524311658, "percent_covered_display": "82", "missing_lines": 1256, "excluded_lines": 622}}