{"meta": {"format": 3, "version": "7.10.7", "timestamp": "2026-04-21T20:15:42.249188", "branch_coverage": false, "show_contexts": false}, "files": {"src/portiere/__init__.py": {"executed_lines": [1, 20, 22, 24, 35, 43, 44, 45, 49, 50, 52, 55, 58, 117, 120, 122, 123, 126, 127, 131, 138, 139, 141, 149, 151, 154, 155, 157, 162, 175], "summary": {"covered_lines": 28, "num_statements": 33, "percent_covered": 84.84848484848484, "percent_covered_display": "85", "missing_lines": 5, "excluded_lines": 3}, "missing_lines": [118, 119, 121, 128, 132], "excluded_lines": [47, 52, 53], "functions": {"init": {"executed_lines": [117, 120, 122, 123, 126, 127, 131, 138, 139, 141, 149, 151, 154, 155, 157, 162], "summary": {"covered_lines": 16, "num_statements": 21, "percent_covered": 76.19047619047619, "percent_covered_display": "76", "missing_lines": 5, "excluded_lines": 0}, "missing_lines": [118, 119, 121, 128, 132], "excluded_lines": []}, "": {"executed_lines": [1, 20, 22, 24, 35, 43, 44, 45, 49, 50, 52, 55, 58, 175], "summary": {"covered_lines": 12, "num_statements": 12, "percent_covered": 100.0, "percent_covered_display": "100", "missing_lines": 0, "excluded_lines": 3}, "missing_lines": [], "excluded_lines": [47, 52, 53]}}, "classes": {"": {"executed_lines": [1, 20, 22, 24, 35, 43, 44, 45, 49, 50, 52, 55, 58, 117, 120, 122, 123, 126, 127, 131, 138, 139, 141, 149, 151, 154, 155, 157, 162, 175], "summary": {"covered_lines": 28, "num_statements": 33, "percent_covered": 84.84848484848484, "percent_covered_display": "85", "missing_lines": 5, "excluded_lines": 3}, "missing_lines": [118, 119, 121, 128, 132], "excluded_lines": [47, 52, 53]}}}, "src/portiere/artifacts/__init__.py": {"executed_lines": [1, 5, 7], "summary": {"covered_lines": 2, "num_statements": 2, "percent_covered": 100.0, "percent_covered_display": "100", "missing_lines": 0, "excluded_lines": 0}, "missing_lines": [], "excluded_lines": [], "functions": {"": {"executed_lines": [1, 5, 7], "summary": {"covered_lines": 2, "num_statements": 2, "percent_covered": 100.0, "percent_covered_display": "100", "missing_lines": 0, "excluded_lines": 0}, "missing_lines": [], "excluded_lines": []}}, "classes": {"": {"executed_lines": [1, 5, 7], "summary": {"covered_lines": 2, "num_statements": 2, "percent_covered": 100.0, "percent_covered_display": "100", "missing_lines": 0, "excluded_lines": 0}, "missing_lines": [], "excluded_lines": []}}}, "src/portiere/artifacts/artifact_manager.py": {"executed_lines": [1, 8, 10, 11, 13, 14, 16, 19, 22, 23, 33, 45, 46, 47, 50, 51, 61, 62, 68, 69, 70, 72, 95, 97, 100, 101, 103, 104, 114, 120, 122, 179, 185, 187, 188, 190, 191, 193, 200, 202, 203, 204, 211, 216, 218, 223, 225, 226, 228, 229, 231, 257, 259, 260, 261, 262, 263, 264, 270, 287, 288, 289, 291, 309, 319, 320, 322, 323, 324, 325, 326, 327, 329, 330, 331, 332, 333, 334, 335, 336, 340, 341, 342, 344, 346, 348, 350], "summary": {"covered_lines": 84, "num_statements": 96, "percent_covered": 87.5, "percent_covered_display": "88", "missing_lines": 12, "excluded_lines": 2}, "missing_lines": [57, 59, 131, 132, 158, 293, 295, 304, 305, 307, 328, 338], "excluded_lines": [16, 17], "functions": {"ArtifactManager.__init__": {"executed_lines": [45, 46, 47, 50, 51], "summary": {"covered_lines": 5, "num_statements": 7, "percent_covered": 71.42857142857143, "percent_covered_display": "71", "missing_lines": 2, "excluded_lines": 0}, "missing_lines": [57, 59], "excluded_lines": []}, "ArtifactManager.from_api_response": {"executed_lines": [68, 69, 70], "summary": {"covered_lines": 3, "num_statements": 3, "percent_covered": 100.0, "percent_covered_display": "100", "missing_lines": 0, "excluded_lines": 0}, "missing_lines": [], "excluded_lines": []}, "ArtifactManager.generate_etl_script": {"executed_lines": [95, 97, 100, 101, 103, 104, 114, 120], "summary": {"covered_lines": 8, "num_statements": 8, "percent_covered": 100.0, "percent_covered_display": "100", "missing_lines": 0, "excluded_lines": 0}, "missing_lines": [], "excluded_lines": []}, "ArtifactManager._generate_fallback_script": {"executed_lines": [], "summary": {"covered_lines": 0, "num_statements": 3, "percent_covered": 0.0, "percent_covered_display": "0", "missing_lines": 3, "excluded_lines": 0}, "missing_lines": [131, 132, 158], "excluded_lines": []}, "ArtifactManager.generate_ddl": {"executed_lines": [185, 187, 188, 190, 191], "summary": {"covered_lines": 5, "num_statements": 5, "percent_covered": 100.0, "percent_covered_display": "100", "missing_lines": 0, "excluded_lines": 0}, "missing_lines": [], "excluded_lines": []}, "ArtifactManager.generate_validation_script": {"executed_lines": [200, 202, 203, 204, 211, 216], "summary": {"covered_lines": 6, "num_statements": 6, "percent_covered": 100.0, "percent_covered_display": "100", "missing_lines": 0, "excluded_lines": 0}, "missing_lines": [], "excluded_lines": []}, "ArtifactManager.generate_source_to_concept_map": {"executed_lines": [223, 225, 226, 228, 229], "summary": {"covered_lines": 5, "num_statements": 5, "percent_covered": 100.0, "percent_covered_display": "100", "missing_lines": 0, "excluded_lines": 0}, "missing_lines": [], "excluded_lines": []}, "ArtifactManager.generate_runner_config": {"executed_lines": [257, 259, 260, 261, 262, 263, 264, 270, 287, 288, 289], "summary": {"covered_lines": 11, "num_statements": 11, "percent_covered": 100.0, "percent_covered_display": "100", "missing_lines": 0, "excluded_lines": 0}, "missing_lines": [], "excluded_lines": []}, "ArtifactManager.generate_config": {"executed_lines": [], "summary": {"covered_lines": 0, "num_statements": 5, "percent_covered": 0.0, "percent_covered_display": "0", "missing_lines": 5, "excluded_lines": 0}, "missing_lines": [293, 295, 304, 305, 307], "excluded_lines": []}, "ArtifactManager.save_artifacts": {"executed_lines": [319, 320, 322, 323, 324, 325, 326, 327, 329, 330, 331, 332, 333, 334, 335, 336, 340, 341, 342, 344, 346], "summary": {"covered_lines": 21, "num_statements": 23, "percent_covered": 91.30434782608695, "percent_covered_display": "91", "missing_lines": 2, "excluded_lines": 0}, "missing_lines": [328, 338], "excluded_lines": []}, "ArtifactManager.list_artifacts": {"executed_lines": [350], "summary": {"covered_lines": 1, "num_statements": 1, "percent_covered": 100.0, "percent_covered_display": "100", "missing_lines": 0, "excluded_lines": 0}, "missing_lines": [], "excluded_lines": []}, "": {"executed_lines": [1, 8, 10, 11, 13, 14, 16, 19, 22, 23, 33, 61, 62, 72, 122, 179, 193, 218, 231, 291, 309, 348], "summary": {"covered_lines": 19, "num_statements": 19, "percent_covered": 100.0, "percent_covered_display": "100", "missing_lines": 0, "excluded_lines": 2}, "missing_lines": [], "excluded_lines": [16, 17]}}, "classes": {"ArtifactManager": {"executed_lines": [45, 46, 47, 50, 51, 68, 69, 70, 95, 97, 100, 101, 103, 104, 114, 120, 185, 187, 188, 190, 191, 200, 202, 203, 204, 211, 216, 223, 225, 226, 228, 229, 257, 259, 260, 261, 262, 263, 264, 270, 287, 288, 289, 319, 320, 322, 323, 324, 325, 326, 327, 329, 330, 331, 332, 333, 334, 335, 336, 340, 341, 342, 344, 346, 350], "summary": {"covered_lines": 65, "num_statements": 77, "percent_covered": 84.41558441558442, "percent_covered_display": "84", "missing_lines": 12, "excluded_lines": 0}, "missing_lines": [57, 59, 131, 132, 158, 293, 295, 304, 305, 307, 328, 338], "excluded_lines": []}, "": {"executed_lines": [1, 8, 10, 11, 13, 14, 16, 19, 22, 23, 33, 61, 62, 72, 122, 179, 193, 218, 231, 291, 309, 348], "summary": {"covered_lines": 19, "num_statements": 19, "percent_covered": 100.0, "percent_covered_display": "100", "missing_lines": 0, "excluded_lines": 2}, "missing_lines": [], "excluded_lines": [16, 17]}}}, "src/portiere/artifacts/code_generator.py": {"executed_lines": [1, 8, 10, 12, 13, 15, 19, 22, 23, 30, 31, 32, 38, 39, 40, 42, 67, 70, 75, 85, 86, 87, 88, 94, 111, 112, 114, 120, 121, 122, 123, 128, 129, 130, 134, 135, 136, 138, 147, 148, 155, 163, 164, 165, 166, 172, 176, 181, 182, 188, 190, 192, 202, 203, 205], "summary": {"covered_lines": 51, "num_statements": 59, "percent_covered": 86.44067796610169, "percent_covered_display": "86", "missing_lines": 8, "excluded_lines": 4}, "missing_lines": [89, 90, 92, 124, 125, 167, 168, 170], "excluded_lines": [15, 16, 17, 192], "functions": {"CodeGenerator.__init__": {"executed_lines": [31, 32, 38, 39, 40], "summary": {"covered_lines": 5, "num_statements": 5, "percent_covered": 100.0, "percent_covered_display": "100", "missing_lines": 0, "excluded_lines": 0}, "missing_lines": [], "excluded_lines": []}, "CodeGenerator.generate_etl_script": {"executed_lines": [67, 70, 75, 85, 86, 87, 88], "summary": {"covered_lines": 7, "num_statements": 10, "percent_covered": 70.0, "percent_covered_display": "70", "missing_lines": 3, "excluded_lines": 0}, "missing_lines": [89, 90, 92], "excluded_lines": []}, "CodeGenerator.generate_ddl": {"executed_lines": [111, 112, 114, 120, 121, 122, 123, 128, 129, 130, 134, 135, 136], "summary": {"covered_lines": 13, "num_statements": 15, "percent_covered": 86.66666666666667, "percent_covered_display": "87", "missing_lines": 2, "excluded_lines": 0}, "missing_lines": [124, 125], "excluded_lines": []}, "CodeGenerator.generate_validation_script": {"executed_lines": [147, 148, 155, 163, 164, 165, 166], "summary": {"covered_lines": 7, "num_statements": 10, "percent_covered": 70.0, "percent_covered_display": "70", "missing_lines": 3, "excluded_lines": 0}, "missing_lines": [167, 168, 170], "excluded_lines": []}, "CodeGenerator.generate_source_to_concept_csv": {"executed_lines": [176, 181, 182, 188], "summary": {"covered_lines": 4, "num_statements": 4, "percent_covered": 100.0, "percent_covered_display": "100", "missing_lines": 0, "excluded_lines": 0}, "missing_lines": [], "excluded_lines": []}, "CodeGenerator._generate_fallback": {"executed_lines": [192], "summary": {"covered_lines": 0, "num_statements": 0, "percent_covered": 100.0, "percent_covered_display": "100", "missing_lines": 0, "excluded_lines": 1}, "missing_lines": [], "excluded_lines": [192]}, "CodeGenerator._default_omop_tables": {"executed_lines": [205], "summary": {"covered_lines": 1, "num_statements": 1, "percent_covered": 100.0, "percent_covered_display": "100", "missing_lines": 0, "excluded_lines": 0}, "missing_lines": [], "excluded_lines": []}, "": {"executed_lines": [1, 8, 10, 12, 13, 15, 19, 22, 23, 30, 42, 94, 138, 172, 190, 202, 203], "summary": {"covered_lines": 14, "num_statements": 14, "percent_covered": 100.0, "percent_covered_display": "100", "missing_lines": 0, "excluded_lines": 3}, "missing_lines": [], "excluded_lines": [15, 16, 17]}}, "classes": {"CodeGenerator": {"executed_lines": [31, 32, 38, 39, 40, 67, 70, 75, 85, 86, 87, 88, 111, 112, 114, 120, 121, 122, 123, 128, 129, 130, 134, 135, 136, 147, 148, 155, 163, 164, 165, 166, 176, 181, 182, 188, 192, 205], "summary": {"covered_lines": 37, "num_statements": 45, "percent_covered": 82.22222222222223, "percent_covered_display": "82", "missing_lines": 8, "excluded_lines": 1}, "missing_lines": [89, 90, 92, 124, 125, 167, 168, 170], "excluded_lines": [192]}, "": {"executed_lines": [1, 8, 10, 12, 13, 15, 19, 22, 23, 30, 42, 94, 138, 172, 190, 202, 203], "summary": {"covered_lines": 14, "num_statements": 14, "percent_covered": 100.0, "percent_covered_display": "100", "missing_lines": 0, "excluded_lines": 3}, "missing_lines": [], "excluded_lines": [15, 16, 17]}}}, "src/portiere/auth.py": {"executed_lines": [1, 7, 9, 11, 13, 15, 21, 22, 26, 33, 35, 60, 75, 104], "summary": {"covered_lines": 11, "num_statements": 36, "percent_covered": 30.555555555555557, "percent_covered_display": "31", "missing_lines": 25, "excluded_lines": 1}, "missing_lines": [45, 46, 47, 50, 51, 56, 68, 69, 70, 73, 79, 81, 82, 88, 89, 90, 91, 93, 94, 95, 99, 101, 102, 106, 107], "excluded_lines": [33], "functions": {"AuthManager.__init__": {"executed_lines": [33], "summary": {"covered_lines": 0, "num_statements": 0, "percent_covered": 100.0, "percent_covered_display": "100", "missing_lines": 0, "excluded_lines": 1}, "missing_lines": [], "excluded_lines": [33]}, "AuthManager.get_headers": {"executed_lines": [], "summary": {"covered_lines": 0, "num_statements": 6, "percent_covered": 0.0, "percent_covered_display": "0", "missing_lines": 6, "excluded_lines": 0}, "missing_lines": [45, 46, 47, 50, 51, 56], "excluded_lines": []}, "AuthManager.ensure_authenticated": {"executed_lines": [], "summary": {"covered_lines": 0, "num_statements": 4, "percent_covered": 0.0, "percent_covered_display": "0", "missing_lines": 4, "excluded_lines": 0}, "missing_lines": [68, 69, 70, 73], "excluded_lines": []}, "AuthManager._exchange_token": {"executed_lines": [], "summary": {"covered_lines": 0, "num_statements": 13, "percent_covered": 0.0, "percent_covered_display": "0", "missing_lines": 13, "excluded_lines": 0}, "missing_lines": [79, 81, 82, 88, 89, 90, 91, 93, 94, 95, 99, 101, 102], "excluded_lines": []}, "AuthManager.invalidate": {"executed_lines": [], "summary": {"covered_lines": 0, "num_statements": 2, "percent_covered": 0.0, "percent_covered_display": "0", "missing_lines": 2, "excluded_lines": 0}, "missing_lines": [106, 107], "excluded_lines": []}, "": {"executed_lines": [1, 7, 9, 11, 13, 15, 21, 22, 26, 35, 60, 75, 104], "summary": {"covered_lines": 11, "num_statements": 11, "percent_covered": 100.0, "percent_covered_display": "100", "missing_lines": 0, "excluded_lines": 0}, "missing_lines": [], "excluded_lines": []}}, "classes": {"AuthManager": {"executed_lines": [33], "summary": {"covered_lines": 0, "num_statements": 25, "percent_covered": 0.0, "percent_covered_display": "0", "missing_lines": 25, "excluded_lines": 1}, "missing_lines": [45, 46, 47, 50, 51, 56, 68, 69, 70, 73, 79, 81, 82, 88, 89, 90, 91, 93, 94, 95, 99, 101, 102, 106, 107], "excluded_lines": [33]}, "": {"executed_lines": [1, 7, 9, 11, 13, 15, 21, 22, 26, 35, 60, 75, 104], "summary": {"covered_lines": 11, "num_statements": 11, "percent_covered": 100.0, "percent_covered_display": "100", "missing_lines": 0, "excluded_lines": 0}, "missing_lines": [], "excluded_lines": []}}}, "src/portiere/cli/__init__.py": {"executed_lines": [], "summary": {"covered_lines": 0, "num_statements": 0, "percent_covered": 100.0, "percent_covered_display": "100", "missing_lines": 0, "excluded_lines": 0}, "missing_lines": [], "excluded_lines": [], "functions": {"": {"executed_lines": [], "summary": {"covered_lines": 0, "num_statements": 0, "percent_covered": 100.0, "percent_covered_display": "100", "missing_lines": 0, "excluded_lines": 0}, "missing_lines": [], "excluded_lines": []}}, "classes": {"": {"executed_lines": [], "summary": {"covered_lines": 0, "num_statements": 0, "percent_covered": 100.0, "percent_covered_display": "100", "missing_lines": 0, "excluded_lines": 0}, "missing_lines": [], "excluded_lines": []}}}, "src/portiere/cli/models.py": {"executed_lines": [], "summary": {"covered_lines": 0, "num_statements": 48, "percent_covered": 0.0, "percent_covered_display": "0", "missing_lines": 48, "excluded_lines": 0}, "missing_lines": [8, 10, 12, 14, 17, 18, 20, 23, 24, 25, 34, 35, 37, 38, 39, 40, 41, 42, 43, 44, 47, 48, 50, 51, 53, 54, 55, 57, 59, 60, 61, 62, 63, 64, 65, 67, 68, 71, 72, 74, 76, 77, 78, 79, 80, 81, 82, 83], "excluded_lines": [], "functions": {"models": {"executed_lines": [], "summary": {"covered_lines": 0, "num_statements": 1, "percent_covered": 0.0, "percent_covered_display": "0", "missing_lines": 1, "excluded_lines": 0}, "missing_lines": [20], "excluded_lines": []}, "download": {"executed_lines": [], "summary": {"covered_lines": 0, "num_statements": 10, "percent_covered": 0.0, "percent_covered_display": "0", "missing_lines": 10, "excluded_lines": 0}, "missing_lines": [34, 35, 37, 38, 39, 40, 41, 42, 43, 44], "excluded_lines": []}, "list_models": {"executed_lines": [], "summary": {"covered_lines": 0, "num_statements": 15, "percent_covered": 0.0, "percent_covered_display": "0", "missing_lines": 15, "excluded_lines": 0}, "missing_lines": [50, 51, 53, 54, 55, 57, 59, 60, 61, 62, 63, 64, 65, 67, 68], "excluded_lines": []}, "info": {"executed_lines": [], "summary": {"covered_lines": 0, "num_statements": 9, "percent_covered": 0.0, "percent_covered_display": "0", "missing_lines": 9, "excluded_lines": 0}, "missing_lines": [74, 76, 77, 78, 79, 80, 81, 82, 83], "excluded_lines": []}, "": {"executed_lines": [], "summary": {"covered_lines": 0, "num_statements": 13, "percent_covered": 0.0, "percent_covered_display": "0", "missing_lines": 13, "excluded_lines": 0}, "missing_lines": [8, 10, 12, 14, 17, 18, 23, 24, 25, 47, 48, 71, 72], "excluded_lines": []}}, "classes": {"": {"executed_lines": [], "summary": {"covered_lines": 0, "num_statements": 48, "percent_covered": 0.0, "percent_covered_display": "0", "missing_lines": 48, "excluded_lines": 0}, "missing_lines": [8, 10, 12, 14, 17, 18, 20, 23, 24, 25, 34, 35, 37, 38, 39, 40, 41, 42, 43, 44, 47, 48, 50, 51, 53, 54, 55, 57, 59, 60, 61, 62, 63, 64, 65, 67, 68, 71, 72, 74, 76, 77, 78, 79, 80, 81, 82, 83], "excluded_lines": []}}}, "src/portiere/client.py": {"executed_lines": [1, 9, 11, 13, 15, 19, 21, 27, 28, 35, 36, 37, 39, 56, 58, 59, 63, 64, 68, 130, 151, 172, 207, 264, 273, 282, 286, 289], "summary": {"covered_lines": 24, "num_statements": 69, "percent_covered": 34.78260869565217, "percent_covered_display": "35", "missing_lines": 45, "excluded_lines": 4}, "missing_lines": [61, 66, 91, 94, 95, 100, 101, 103, 111, 122, 140, 142, 143, 158, 160, 161, 195, 205, 229, 231, 236, 237, 239, 242, 243, 244, 245, 246, 247, 248, 249, 250, 251, 252, 256, 257, 258, 259, 260, 262, 271, 280, 284, 287, 290], "excluded_lines": [15, 16, 17, 56], "functions": {"Client.__init__": {"executed_lines": [56], "summary": {"covered_lines": 0, "num_statements": 0, "percent_covered": 100.0, "percent_covered_display": "100", "missing_lines": 0, "excluded_lines": 1}, "missing_lines": [], "excluded_lines": [56]}, "Client.api_key": {"executed_lines": [], "summary": {"covered_lines": 0, "num_statements": 1, "percent_covered": 0.0, "percent_covered_display": "0", "missing_lines": 1, "excluded_lines": 0}, "missing_lines": [61], "excluded_lines": []}, "Client.llm_config": {"executed_lines": [], "summary": {"covered_lines": 0, "num_statements": 1, "percent_covered": 0.0, "percent_covered_display": "0", "missing_lines": 1, "excluded_lines": 0}, "missing_lines": [66], "excluded_lines": []}, "Client.create_project": {"executed_lines": [], "summary": {"covered_lines": 0, "num_statements": 8, "percent_covered": 0.0, "percent_covered_display": "0", "missing_lines": 8, "excluded_lines": 0}, "missing_lines": [91, 94, 95, 100, 101, 103, 111, 122], "excluded_lines": []}, "Client.get_project": {"executed_lines": [], "summary": {"covered_lines": 0, "num_statements": 3, "percent_covered": 0.0, "percent_covered_display": "0", "missing_lines": 3, "excluded_lines": 0}, "missing_lines": [140, 142, 143], "excluded_lines": []}, "Client.list_projects": {"executed_lines": [], "summary": {"covered_lines": 0, "num_statements": 3, "percent_covered": 0.0, "percent_covered_display": "0", "missing_lines": 3, "excluded_lines": 0}, "missing_lines": [158, 160, 161], "excluded_lines": []}, "Client.search_concepts": {"executed_lines": [], "summary": {"covered_lines": 0, "num_statements": 2, "percent_covered": 0.0, "percent_covered_display": "0", "missing_lines": 2, "excluded_lines": 0}, "missing_lines": [195, 205], "excluded_lines": []}, "Client._request": {"executed_lines": [], "summary": {"covered_lines": 0, "num_statements": 22, "percent_covered": 0.0, "percent_covered_display": "0", "missing_lines": 22, "excluded_lines": 0}, "missing_lines": [229, 231, 236, 237, 239, 242, 243, 244, 245, 246, 247, 248, 249, 250, 251, 252, 256, 257, 258, 259, 260, 262], "excluded_lines": []}, "Client.get_usage": {"executed_lines": [], "summary": {"covered_lines": 0, "num_statements": 1, "percent_covered": 0.0, "percent_covered_display": "0", "missing_lines": 1, "excluded_lines": 0}, "missing_lines": [271], "excluded_lines": []}, "Client.get_plan": {"executed_lines": [], "summary": {"covered_lines": 0, "num_statements": 1, "percent_covered": 0.0, "percent_covered_display": "0", "missing_lines": 1, "excluded_lines": 0}, "missing_lines": [280], "excluded_lines": []}, "Client.close": {"executed_lines": [], "summary": {"covered_lines": 0, "num_statements": 1, "percent_covered": 0.0, "percent_covered_display": "0", "missing_lines": 1, "excluded_lines": 0}, "missing_lines": [284], "excluded_lines": []}, "Client.__enter__": {"executed_lines": [], "summary": {"covered_lines": 0, "num_statements": 1, "percent_covered": 0.0, "percent_covered_display": "0", "missing_lines": 1, "excluded_lines": 0}, "missing_lines": [287], "excluded_lines": []}, "Client.__exit__": {"executed_lines": [], "summary": {"covered_lines": 0, "num_statements": 1, "percent_covered": 0.0, "percent_covered_display": "0", "missing_lines": 1, "excluded_lines": 0}, "missing_lines": [290], "excluded_lines": []}, "": {"executed_lines": [1, 9, 11, 13, 15, 19, 21, 27, 28, 35, 36, 37, 39, 58, 59, 63, 64, 68, 130, 151, 172, 207, 264, 273, 282, 286, 289], "summary": {"covered_lines": 24, "num_statements": 24, "percent_covered": 100.0, "percent_covered_display": "100", "missing_lines": 0, "excluded_lines": 3}, "missing_lines": [], "excluded_lines": [15, 16, 17]}}, "classes": {"Client": {"executed_lines": [56], "summary": {"covered_lines": 0, "num_statements": 45, "percent_covered": 0.0, "percent_covered_display": "0", "missing_lines": 45, "excluded_lines": 1}, "missing_lines": [61, 66, 91, 94, 95, 100, 101, 103, 111, 122, 140, 142, 143, 158, 160, 161, 195, 205, 229, 231, 236, 237, 239, 242, 243, 244, 245, 246, 247, 248, 249, 250, 251, 252, 256, 257, 258, 259, 260, 262, 271, 280, 284, 287, 290], "excluded_lines": [56]}, "": {"executed_lines": [1, 9, 11, 13, 15, 19, 21, 27, 28, 35, 36, 37, 39, 58, 59, 63, 64, 68, 130, 151, 172, 207, 264, 273, 282, 286, 289], "summary": {"covered_lines": 24, "num_statements": 24, "percent_covered": 100.0, "percent_covered_display": "100", "missing_lines": 0, "excluded_lines": 3}, "missing_lines": [], "excluded_lines": [15, 16, 17]}}}, "src/portiere/config.py": {"executed_lines": [1, 7, 9, 10, 11, 12, 14, 15, 16, 19, 20, 22, 23, 26, 27, 39, 42, 43, 44, 45, 46, 48, 49, 52, 53, 63, 64, 65, 66, 67, 69, 70, 73, 74, 82, 83, 84, 85, 87, 88, 91, 92, 94, 95, 98, 99, 101, 102, 105, 106, 108, 109, 112, 113, 115, 116, 117, 120, 121, 123, 126, 129, 132, 133, 147, 153, 154, 157, 158, 161, 164, 165, 168, 169, 172, 173, 174, 177, 178, 179, 182, 183, 187, 188, 189, 190, 193, 194, 196, 197, 198, 199, 202, 203, 205, 206, 207, 208, 209, 212, 213, 215, 216, 219, 220, 231, 232, 237, 240, 241, 246, 249, 252, 257, 260, 261, 264, 265, 268, 273, 276, 279, 282, 285, 287, 288, 289, 291, 292, 301, 302, 303, 304, 307, 309, 310, 312, 316, 319, 323, 324, 328, 330, 333, 335, 336, 338, 345, 346, 353, 354, 362, 364, 365, 374, 375, 377, 379, 380, 382, 384, 385, 417, 418], "summary": {"covered_lines": 149, "num_statements": 173, "percent_covered": 86.1271676300578, "percent_covered_display": "86", "missing_lines": 24, "excluded_lines": 0}, "missing_lines": [367, 397, 398, 400, 401, 402, 404, 405, 408, 409, 410, 412, 414, 415, 431, 432, 433, 434, 435, 436, 439, 440, 441, 444], "excluded_lines": [], "functions": {"PortiereConfig._resolve_embedding_reranker": {"executed_lines": [301, 302, 303, 304, 307, 309, 310, 312, 316, 319, 323, 324, 328, 330, 333, 335, 336, 338, 345, 346, 353, 354, 362], "summary": {"covered_lines": 23, "num_statements": 23, "percent_covered": 100.0, "percent_covered_display": "100", "missing_lines": 0, "excluded_lines": 0}, "missing_lines": [], "excluded_lines": []}, "PortiereConfig._has_local_ai": {"executed_lines": [], "summary": {"covered_lines": 0, "num_statements": 1, "percent_covered": 0.0, "percent_covered_display": "0", "missing_lines": 1, "excluded_lines": 0}, "missing_lines": [367], "excluded_lines": []}, "PortiereConfig.effective_pipeline": {"executed_lines": [377], "summary": {"covered_lines": 1, "num_statements": 1, "percent_covered": 100.0, "percent_covered_display": "100", "missing_lines": 0, "excluded_lines": 0}, "missing_lines": [], "excluded_lines": []}, "PortiereConfig.effective_mode": {"executed_lines": [382], "summary": {"covered_lines": 1, "num_statements": 1, "percent_covered": 100.0, "percent_covered_display": "100", "missing_lines": 0, "excluded_lines": 0}, "missing_lines": [], "excluded_lines": []}, "PortiereConfig.from_yaml": {"executed_lines": [], "summary": {"covered_lines": 0, "num_statements": 11, "percent_covered": 0.0, "percent_covered_display": "0", "missing_lines": 11, "excluded_lines": 0}, "missing_lines": [397, 398, 400, 401, 402, 404, 405, 408, 412, 414, 415], "excluded_lines": []}, "PortiereConfig.from_yaml.replace_env": {"executed_lines": [], "summary": {"covered_lines": 0, "num_statements": 2, "percent_covered": 0.0, "percent_covered_display": "0", "missing_lines": 2, "excluded_lines": 0}, "missing_lines": [409, 410], "excluded_lines": []}, "PortiereConfig.discover": {"executed_lines": [], "summary": {"covered_lines": 0, "num_statements": 10, "percent_covered": 0.0, "percent_covered_display": "0", "missing_lines": 10, "excluded_lines": 0}, "missing_lines": [431, 432, 433, 434, 435, 436, 439, 440, 441, 444], "excluded_lines": []}, "": {"executed_lines": [1, 7, 9, 10, 11, 12, 14, 15, 16, 19, 20, 22, 23, 26, 27, 39, 42, 43, 44, 45, 46, 48, 49, 52, 53, 63, 64, 65, 66, 67, 69, 70, 73, 74, 82, 83, 84, 85, 87, 88, 91, 92, 94, 95, 98, 99, 101, 102, 105, 106, 108, 109, 112, 113, 115, 116, 117, 120, 121, 123, 126, 129, 132, 133, 147, 153, 154, 157, 158, 161, 164, 165, 168, 169, 172, 173, 174, 177, 178, 179, 182, 183, 187, 188, 189, 190, 193, 194, 196, 197, 198, 199, 202, 203, 205, 206, 207, 208, 209, 212, 213, 215, 216, 219, 220, 231, 232, 237, 240, 241, 246, 249, 252, 257, 260, 261, 264, 265, 268, 273, 276, 279, 282, 285, 287, 288, 289, 291, 292, 364, 365, 374, 375, 379, 380, 384, 385, 417, 418], "summary": {"covered_lines": 124, "num_statements": 124, "percent_covered": 100.0, "percent_covered_display": "100", "missing_lines": 0, "excluded_lines": 0}, "missing_lines": [], "excluded_lines": []}}, "classes": {"ProjectTask": {"executed_lines": [], "summary": {"covered_lines": 0, "num_statements": 0, "percent_covered": 100.0, "percent_covered_display": "100", "missing_lines": 0, "excluded_lines": 0}, "missing_lines": [], "excluded_lines": []}, "LLMConfig": {"executed_lines": [], "summary": {"covered_lines": 0, "num_statements": 0, "percent_covered": 100.0, "percent_covered_display": "100", "missing_lines": 0, "excluded_lines": 0}, "missing_lines": [], "excluded_lines": []}, "LLMConfig.Config": {"executed_lines": [], "summary": {"covered_lines": 0, "num_statements": 0, "percent_covered": 100.0, "percent_covered_display": "100", "missing_lines": 0, "excluded_lines": 0}, "missing_lines": [], "excluded_lines": []}, "EmbeddingConfig": {"executed_lines": [], "summary": {"covered_lines": 0, "num_statements": 0, "percent_covered": 100.0, "percent_covered_display": "100", "missing_lines": 0, "excluded_lines": 0}, "missing_lines": [], "excluded_lines": []}, "EmbeddingConfig.Config": {"executed_lines": [], "summary": {"covered_lines": 0, "num_statements": 0, "percent_covered": 100.0, "percent_covered_display": "100", "missing_lines": 0, "excluded_lines": 0}, "missing_lines": [], "excluded_lines": []}, "RerankerConfig": {"executed_lines": [], "summary": {"covered_lines": 0, "num_statements": 0, "percent_covered": 100.0, "percent_covered_display": "100", "missing_lines": 0, "excluded_lines": 0}, "missing_lines": [], "excluded_lines": []}, "RerankerConfig.Config": {"executed_lines": [], "summary": {"covered_lines": 0, "num_statements": 0, "percent_covered": 100.0, "percent_covered_display": "100", "missing_lines": 0, "excluded_lines": 0}, "missing_lines": [], "excluded_lines": []}, "ThresholdConfig": {"executed_lines": [], "summary": {"covered_lines": 0, "num_statements": 0, "percent_covered": 100.0, "percent_covered_display": "100", "missing_lines": 0, "excluded_lines": 0}, "missing_lines": [], "excluded_lines": []}, "SchemaMappingThresholds": {"executed_lines": [], "summary": {"covered_lines": 0, "num_statements": 0, "percent_covered": 100.0, "percent_covered_display": "100", "missing_lines": 0, "excluded_lines": 0}, "missing_lines": [], "excluded_lines": []}, "ConceptMappingThresholds": {"executed_lines": [], "summary": {"covered_lines": 0, "num_statements": 0, "percent_covered": 100.0, "percent_covered_display": "100", "missing_lines": 0, "excluded_lines": 0}, "missing_lines": [], "excluded_lines": []}, "ValidationThresholds": {"executed_lines": [], "summary": {"covered_lines": 0, "num_statements": 0, "percent_covered": 100.0, "percent_covered_display": "100", "missing_lines": 0, "excluded_lines": 0}, "missing_lines": [], "excluded_lines": []}, "ThresholdsConfig": {"executed_lines": [], "summary": {"covered_lines": 0, "num_statements": 0, "percent_covered": 100.0, "percent_covered_display": "100", "missing_lines": 0, "excluded_lines": 0}, "missing_lines": [], "excluded_lines": []}, "KnowledgeLayerConfig": {"executed_lines": [], "summary": {"covered_lines": 0, "num_statements": 0, "percent_covered": 100.0, "percent_covered_display": "100", "missing_lines": 0, "excluded_lines": 0}, "missing_lines": [], "excluded_lines": []}, "QualityConfig": {"executed_lines": [], "summary": {"covered_lines": 0, "num_statements": 0, "percent_covered": 100.0, "percent_covered_display": "100", "missing_lines": 0, "excluded_lines": 0}, "missing_lines": [], "excluded_lines": []}, "ArtifactConfig": {"executed_lines": [], "summary": {"covered_lines": 0, "num_statements": 0, "percent_covered": 100.0, "percent_covered_display": "100", "missing_lines": 0, "excluded_lines": 0}, "missing_lines": [], "excluded_lines": []}, "EngineConfig": {"executed_lines": [], "summary": {"covered_lines": 0, "num_statements": 0, "percent_covered": 100.0, "percent_covered_display": "100", "missing_lines": 0, "excluded_lines": 0}, "missing_lines": [], "excluded_lines": []}, "PortiereConfig": {"executed_lines": [301, 302, 303, 304, 307, 309, 310, 312, 316, 319, 323, 324, 328, 330, 333, 335, 336, 338, 345, 346, 353, 354, 362, 377, 382], "summary": {"covered_lines": 25, "num_statements": 49, "percent_covered": 51.02040816326531, "percent_covered_display": "51", "missing_lines": 24, "excluded_lines": 0}, "missing_lines": [367, 397, 398, 400, 401, 402, 404, 405, 408, 409, 410, 412, 414, 415, 431, 432, 433, 434, 435, 436, 439, 440, 441, 444], "excluded_lines": []}, "PortiereConfig.Config": {"executed_lines": [], "summary": {"covered_lines": 0, "num_statements": 0, "percent_covered": 100.0, "percent_covered_display": "100", "missing_lines": 0, "excluded_lines": 0}, "missing_lines": [], "excluded_lines": []}, "": {"executed_lines": [1, 7, 9, 10, 11, 12, 14, 15, 16, 19, 20, 22, 23, 26, 27, 39, 42, 43, 44, 45, 46, 48, 49, 52, 53, 63, 64, 65, 66, 67, 69, 70, 73, 74, 82, 83, 84, 85, 87, 88, 91, 92, 94, 95, 98, 99, 101, 102, 105, 106, 108, 109, 112, 113, 115, 116, 117, 120, 121, 123, 126, 129, 132, 133, 147, 153, 154, 157, 158, 161, 164, 165, 168, 169, 172, 173, 174, 177, 178, 179, 182, 183, 187, 188, 189, 190, 193, 194, 196, 197, 198, 199, 202, 203, 205, 206, 207, 208, 209, 212, 213, 215, 216, 219, 220, 231, 232, 237, 240, 241, 246, 249, 252, 257, 260, 261, 264, 265, 268, 273, 276, 279, 282, 285, 287, 288, 289, 291, 292, 364, 365, 374, 375, 379, 380, 384, 385, 417, 418], "summary": {"covered_lines": 124, "num_statements": 124, "percent_covered": 100.0, "percent_covered_display": "100", "missing_lines": 0, "excluded_lines": 0}, "missing_lines": [], "excluded_lines": []}}}, "src/portiere/embedding/__init__.py": {"executed_lines": [1, 11, 13], "summary": {"covered_lines": 2, "num_statements": 2, "percent_covered": 100.0, "percent_covered_display": "100", "missing_lines": 0, "excluded_lines": 0}, "missing_lines": [], "excluded_lines": [], "functions": {"": {"executed_lines": [1, 11, 13], "summary": {"covered_lines": 2, "num_statements": 2, "percent_covered": 100.0, "percent_covered_display": "100", "missing_lines": 0, "excluded_lines": 0}, "missing_lines": [], "excluded_lines": []}}, "classes": {"": {"executed_lines": [1, 11, 13], "summary": {"covered_lines": 2, "num_statements": 2, "percent_covered": 100.0, "percent_covered_display": "100", "missing_lines": 0, "excluded_lines": 0}, "missing_lines": [], "excluded_lines": []}}}, "src/portiere/embedding/gateway.py": {"executed_lines": [1, 7, 9, 11, 12, 14, 18, 21, 22, 39, 40, 41, 42, 48, 50, 51, 55, 57, 58, 62, 64, 65, 69, 71, 72, 76, 83, 101, 108, 109, 111, 113, 115], "summary": {"covered_lines": 30, "num_statements": 31, "percent_covered": 96.7741935483871, "percent_covered_display": "97", "missing_lines": 1, "excluded_lines": 3}, "missing_lines": [79], "excluded_lines": [14, 15, 16], "functions": {"EmbeddingGateway.__init__": {"executed_lines": [40, 41, 42], "summary": {"covered_lines": 3, "num_statements": 3, "percent_covered": 100.0, "percent_covered_display": "100", "missing_lines": 0, "excluded_lines": 0}, "missing_lines": [], "excluded_lines": []}, "EmbeddingGateway._create_provider": {"executed_lines": [50, 51, 55, 57, 58, 62, 64, 65, 69, 71, 72, 76], "summary": {"covered_lines": 12, "num_statements": 13, "percent_covered": 92.3076923076923, "percent_covered_display": "92", "missing_lines": 1, "excluded_lines": 0}, "missing_lines": [79], "excluded_lines": []}, "EmbeddingGateway.encode": {"executed_lines": [101], "summary": {"covered_lines": 1, "num_statements": 1, "percent_covered": 100.0, "percent_covered_display": "100", "missing_lines": 0, "excluded_lines": 0}, "missing_lines": [], "excluded_lines": []}, "EmbeddingGateway.dimension": {"executed_lines": [111], "summary": {"covered_lines": 1, "num_statements": 1, "percent_covered": 100.0, "percent_covered_display": "100", "missing_lines": 0, "excluded_lines": 0}, "missing_lines": [], "excluded_lines": []}, "EmbeddingGateway.get_sentence_embedding_dimension": {"executed_lines": [115], "summary": {"covered_lines": 1, "num_statements": 1, "percent_covered": 100.0, "percent_covered_display": "100", "missing_lines": 0, "excluded_lines": 0}, "missing_lines": [], "excluded_lines": []}, "": {"executed_lines": [1, 7, 9, 11, 12, 14, 18, 21, 22, 39, 48, 83, 108, 109, 113], "summary": {"covered_lines": 12, "num_statements": 12, "percent_covered": 100.0, "percent_covered_display": "100", "missing_lines": 0, "excluded_lines": 3}, "missing_lines": [], "excluded_lines": [14, 15, 16]}}, "classes": {"EmbeddingGateway": {"executed_lines": [40, 41, 42, 50, 51, 55, 57, 58, 62, 64, 65, 69, 71, 72, 76, 101, 111, 115], "summary": {"covered_lines": 18, "num_statements": 19, "percent_covered": 94.73684210526316, "percent_covered_display": "95", "missing_lines": 1, "excluded_lines": 0}, "missing_lines": [79], "excluded_lines": []}, "": {"executed_lines": [1, 7, 9, 11, 12, 14, 18, 21, 22, 39, 48, 83, 108, 109, 113], "summary": {"covered_lines": 12, "num_statements": 12, "percent_covered": 100.0, "percent_covered_display": "100", "missing_lines": 0, "excluded_lines": 3}, "missing_lines": [], "excluded_lines": [14, 15, 16]}}}, "src/portiere/embedding/providers/__init__.py": {"executed_lines": [1], "summary": {"covered_lines": 0, "num_statements": 0, "percent_covered": 100.0, "percent_covered_display": "100", "missing_lines": 0, "excluded_lines": 0}, "missing_lines": [], "excluded_lines": [], "functions": {"": {"executed_lines": [1], "summary": {"covered_lines": 0, "num_statements": 0, "percent_covered": 100.0, "percent_covered_display": "100", "missing_lines": 0, "excluded_lines": 0}, "missing_lines": [], "excluded_lines": []}}, "classes": {"": {"executed_lines": [1], "summary": {"covered_lines": 0, "num_statements": 0, "percent_covered": 100.0, "percent_covered_display": "100", "missing_lines": 0, "excluded_lines": 0}, "missing_lines": [], "excluded_lines": []}}}, "src/portiere/embedding/providers/base.py": {"executed_lines": [1, 3, 5, 6, 8, 10, 14, 15, 23, 24, 26, 27, 47, 48, 49], "summary": {"covered_lines": 12, "num_statements": 14, "percent_covered": 85.71428571428571, "percent_covered_display": "86", "missing_lines": 2, "excluded_lines": 2}, "missing_lines": [45, 51], "excluded_lines": [10, 11], "functions": {"BaseEmbeddingProvider.__init__": {"executed_lines": [24], "summary": {"covered_lines": 1, "num_statements": 1, "percent_covered": 100.0, "percent_covered_display": "100", "missing_lines": 0, "excluded_lines": 0}, "missing_lines": [], "excluded_lines": []}, "BaseEmbeddingProvider.encode": {"executed_lines": [], "summary": {"covered_lines": 0, "num_statements": 1, "percent_covered": 0.0, "percent_covered_display": "0", "missing_lines": 1, "excluded_lines": 0}, "missing_lines": [45], "excluded_lines": []}, "BaseEmbeddingProvider.dimension": {"executed_lines": [], "summary": {"covered_lines": 0, "num_statements": 1, "percent_covered": 0.0, "percent_covered_display": "0", "missing_lines": 1, "excluded_lines": 0}, "missing_lines": [51], "excluded_lines": []}, "": {"executed_lines": [1, 3, 5, 6, 8, 10, 14, 15, 23, 26, 27, 47, 48, 49], "summary": {"covered_lines": 11, "num_statements": 11, "percent_covered": 100.0, "percent_covered_display": "100", "missing_lines": 0, "excluded_lines": 2}, "missing_lines": [], "excluded_lines": [10, 11]}}, "classes": {"BaseEmbeddingProvider": {"executed_lines": [24], "summary": {"covered_lines": 1, "num_statements": 3, "percent_covered": 33.333333333333336, "percent_covered_display": "33", "missing_lines": 2, "excluded_lines": 0}, "missing_lines": [45, 51], "excluded_lines": []}, "": {"executed_lines": [1, 3, 5, 6, 8, 10, 14, 15, 23, 26, 27, 47, 48, 49], "summary": {"covered_lines": 11, "num_statements": 11, "percent_covered": 100.0, "percent_covered_display": "100", "missing_lines": 0, "excluded_lines": 2}, "missing_lines": [], "excluded_lines": [10, 11]}}}, "src/portiere/embedding/providers/bedrock_provider.py": {"executed_lines": [1, 3, 5, 6, 8, 9, 11, 13, 16, 19, 20, 42, 43, 44, 45, 47, 48, 49, 55, 60, 63, 65, 67, 69, 71, 74, 75, 76, 78, 84, 85, 87, 89, 93, 99, 100, 102, 110, 111, 112, 115, 129, 131, 132, 133, 134, 136, 137, 139, 141, 142, 143, 144, 145, 146], "summary": {"covered_lines": 52, "num_statements": 58, "percent_covered": 89.65517241379311, "percent_covered_display": "90", "missing_lines": 6, "excluded_lines": 2}, "missing_lines": [116, 117, 121, 122, 123, 127], "excluded_lines": [13, 14], "functions": {"BedrockEmbeddingProvider.__init__": {"executed_lines": [43, 44, 45, 47, 48, 49, 55, 60, 63], "summary": {"covered_lines": 9, "num_statements": 9, "percent_covered": 100.0, "percent_covered_display": "100", "missing_lines": 0, "excluded_lines": 0}, "missing_lines": [], "excluded_lines": []}, "BedrockEmbeddingProvider._is_cohere_model": {"executed_lines": [67], "summary": {"covered_lines": 1, "num_statements": 1, "percent_covered": 100.0, "percent_covered_display": "100", "missing_lines": 0, "excluded_lines": 0}, "missing_lines": [], "excluded_lines": []}, "BedrockEmbeddingProvider._invoke_titan": {"executed_lines": [71, 74, 75, 76, 78, 84, 85], "summary": {"covered_lines": 7, "num_statements": 7, "percent_covered": 100.0, "percent_covered_display": "100", "missing_lines": 0, "excluded_lines": 0}, "missing_lines": [], "excluded_lines": []}, "BedrockEmbeddingProvider._invoke_cohere": {"executed_lines": [89, 93, 99, 100], "summary": {"covered_lines": 4, "num_statements": 4, "percent_covered": 100.0, "percent_covered_display": "100", "missing_lines": 0, "excluded_lines": 0}, "missing_lines": [], "excluded_lines": []}, "BedrockEmbeddingProvider.encode": {"executed_lines": [110, 111, 112, 115, 129, 131, 132, 133, 134, 136, 137, 139], "summary": {"covered_lines": 12, "num_statements": 18, "percent_covered": 66.66666666666667, "percent_covered_display": "67", "missing_lines": 6, "excluded_lines": 0}, "missing_lines": [116, 117, 121, 122, 123, 127], "excluded_lines": []}, "BedrockEmbeddingProvider.dimension": {"executed_lines": [143, 144, 145, 146], "summary": {"covered_lines": 4, "num_statements": 4, "percent_covered": 100.0, "percent_covered_display": "100", "missing_lines": 0, "excluded_lines": 0}, "missing_lines": [], "excluded_lines": []}, "": {"executed_lines": [1, 3, 5, 6, 8, 9, 11, 13, 16, 19, 20, 42, 65, 69, 87, 102, 141, 142], "summary": {"covered_lines": 15, "num_statements": 15, "percent_covered": 100.0, "percent_covered_display": "100", "missing_lines": 0, "excluded_lines": 2}, "missing_lines": [], "excluded_lines": [13, 14]}}, "classes": {"BedrockEmbeddingProvider": {"executed_lines": [43, 44, 45, 47, 48, 49, 55, 60, 63, 67, 71, 74, 75, 76, 78, 84, 85, 89, 93, 99, 100, 110, 111, 112, 115, 129, 131, 132, 133, 134, 136, 137, 139, 143, 144, 145, 146], "summary": {"covered_lines": 37, "num_statements": 43, "percent_covered": 86.04651162790698, "percent_covered_display": "86", "missing_lines": 6, "excluded_lines": 0}, "missing_lines": [116, 117, 121, 122, 123, 127], "excluded_lines": []}, "": {"executed_lines": [1, 3, 5, 6, 8, 9, 11, 13, 16, 19, 20, 42, 65, 69, 87, 102, 141, 142], "summary": {"covered_lines": 15, "num_statements": 15, "percent_covered": 100.0, "percent_covered_display": "100", "missing_lines": 0, "excluded_lines": 2}, "missing_lines": [], "excluded_lines": [13, 14]}}}, "src/portiere/embedding/providers/huggingface_provider.py": {"executed_lines": [1, 3, 5, 7, 8, 10, 12, 15, 18, 19, 25, 26, 27, 28, 30, 32, 35, 36, 43, 44, 45, 46, 52, 60, 61, 68, 69, 70, 71], "summary": {"covered_lines": 26, "num_statements": 29, "percent_covered": 89.65517241379311, "percent_covered_display": "90", "missing_lines": 3, "excluded_lines": 2}, "missing_lines": [33, 37, 38], "excluded_lines": [12, 13], "functions": {"HuggingFaceEmbeddingProvider.__init__": {"executed_lines": [26, 27, 28], "summary": {"covered_lines": 3, "num_statements": 3, "percent_covered": 100.0, "percent_covered_display": "100", "missing_lines": 0, "excluded_lines": 0}, "missing_lines": [], "excluded_lines": []}, "HuggingFaceEmbeddingProvider._load_model": {"executed_lines": [32, 35, 36, 43, 44, 45, 46], "summary": {"covered_lines": 7, "num_statements": 10, "percent_covered": 70.0, "percent_covered_display": "70", "missing_lines": 3, "excluded_lines": 0}, "missing_lines": [33, 37, 38], "excluded_lines": []}, "HuggingFaceEmbeddingProvider.encode": {"executed_lines": [60, 61], "summary": {"covered_lines": 2, "num_statements": 2, "percent_covered": 100.0, "percent_covered_display": "100", "missing_lines": 0, "excluded_lines": 0}, "missing_lines": [], "excluded_lines": []}, "HuggingFaceEmbeddingProvider.dimension": {"executed_lines": [70, 71], "summary": {"covered_lines": 2, "num_statements": 2, "percent_covered": 100.0, "percent_covered_display": "100", "missing_lines": 0, "excluded_lines": 0}, "missing_lines": [], "excluded_lines": []}, "": {"executed_lines": [1, 3, 5, 7, 8, 10, 12, 15, 18, 19, 25, 30, 52, 68, 69], "summary": {"covered_lines": 12, "num_statements": 12, "percent_covered": 100.0, "percent_covered_display": "100", "missing_lines": 0, "excluded_lines": 2}, "missing_lines": [], "excluded_lines": [12, 13]}}, "classes": {"HuggingFaceEmbeddingProvider": {"executed_lines": [26, 27, 28, 32, 35, 36, 43, 44, 45, 46, 60, 61, 70, 71], "summary": {"covered_lines": 14, "num_statements": 17, "percent_covered": 82.3529411764706, "percent_covered_display": "82", "missing_lines": 3, "excluded_lines": 0}, "missing_lines": [33, 37, 38], "excluded_lines": []}, "": {"executed_lines": [1, 3, 5, 7, 8, 10, 12, 15, 18, 19, 25, 30, 52, 68, 69], "summary": {"covered_lines": 12, "num_statements": 12, "percent_covered": 100.0, "percent_covered_display": "100", "missing_lines": 0, "excluded_lines": 2}, "missing_lines": [], "excluded_lines": [12, 13]}}}, "src/portiere/embedding/providers/ollama_provider.py": {"executed_lines": [1, 3, 5, 7, 8, 10, 12, 15, 18, 19, 24, 25, 26, 27, 29, 35, 36, 38, 46, 48, 50, 51, 52, 56, 57, 58, 70, 72, 73, 74, 75, 77, 78, 80, 82, 83], "summary": {"covered_lines": 33, "num_statements": 44, "percent_covered": 75.0, "percent_covered_display": "75", "missing_lines": 11, "excluded_lines": 2}, "missing_lines": [30, 31, 59, 60, 64, 65, 66, 84, 85, 86, 87], "excluded_lines": [12, 13], "functions": {"OllamaEmbeddingProvider.__init__": {"executed_lines": [25, 26, 27, 29, 35, 36], "summary": {"covered_lines": 6, "num_statements": 8, "percent_covered": 75.0, "percent_covered_display": "75", "missing_lines": 2, "excluded_lines": 0}, "missing_lines": [30, 31], "excluded_lines": []}, "OllamaEmbeddingProvider.encode": {"executed_lines": [46, 48, 50, 51, 52, 56, 57, 58, 70, 72, 73, 74, 75, 77, 78, 80], "summary": {"covered_lines": 16, "num_statements": 21, "percent_covered": 76.19047619047619, "percent_covered_display": "76", "missing_lines": 5, "excluded_lines": 0}, "missing_lines": [59, 60, 64, 65, 66], "excluded_lines": []}, "OllamaEmbeddingProvider.dimension": {"executed_lines": [], "summary": {"covered_lines": 0, "num_statements": 4, "percent_covered": 0.0, "percent_covered_display": "0", "missing_lines": 4, "excluded_lines": 0}, "missing_lines": [84, 85, 86, 87], "excluded_lines": []}, "": {"executed_lines": [1, 3, 5, 7, 8, 10, 12, 15, 18, 19, 24, 38, 82, 83], "summary": {"covered_lines": 11, "num_statements": 11, "percent_covered": 100.0, "percent_covered_display": "100", "missing_lines": 0, "excluded_lines": 2}, "missing_lines": [], "excluded_lines": [12, 13]}}, "classes": {"OllamaEmbeddingProvider": {"executed_lines": [25, 26, 27, 29, 35, 36, 46, 48, 50, 51, 52, 56, 57, 58, 70, 72, 73, 74, 75, 77, 78, 80], "summary": {"covered_lines": 22, "num_statements": 33, "percent_covered": 66.66666666666667, "percent_covered_display": "67", "missing_lines": 11, "excluded_lines": 0}, "missing_lines": [30, 31, 59, 60, 64, 65, 66, 84, 85, 86, 87], "excluded_lines": []}, "": {"executed_lines": [1, 3, 5, 7, 8, 10, 12, 15, 18, 19, 24, 38, 82, 83], "summary": {"covered_lines": 11, "num_statements": 11, "percent_covered": 100.0, "percent_covered_display": "100", "missing_lines": 0, "excluded_lines": 2}, "missing_lines": [], "excluded_lines": [12, 13]}}}, "src/portiere/embedding/providers/openai_provider.py": {"executed_lines": [1, 3, 5, 7, 8, 10, 12, 15, 18, 19, 25, 26, 27, 28, 30, 31, 32, 33, 39, 41, 49, 53, 54, 56, 57, 58, 59, 61, 62, 64, 66, 67], "summary": {"covered_lines": 29, "num_statements": 35, "percent_covered": 82.85714285714286, "percent_covered_display": "83", "missing_lines": 6, "excluded_lines": 2}, "missing_lines": [34, 35, 68, 69, 70, 71], "excluded_lines": [12, 13], "functions": {"OpenAIEmbeddingProvider.__init__": {"executed_lines": [26, 27, 28, 30, 31, 32, 33, 39], "summary": {"covered_lines": 8, "num_statements": 10, "percent_covered": 80.0, "percent_covered_display": "80", "missing_lines": 2, "excluded_lines": 0}, "missing_lines": [34, 35], "excluded_lines": []}, "OpenAIEmbeddingProvider.encode": {"executed_lines": [49, 53, 54, 56, 57, 58, 59, 61, 62, 64], "summary": {"covered_lines": 10, "num_statements": 10, "percent_covered": 100.0, "percent_covered_display": "100", "missing_lines": 0, "excluded_lines": 0}, "missing_lines": [], "excluded_lines": []}, "OpenAIEmbeddingProvider.dimension": {"executed_lines": [], "summary": {"covered_lines": 0, "num_statements": 4, "percent_covered": 0.0, "percent_covered_display": "0", "missing_lines": 4, "excluded_lines": 0}, "missing_lines": [68, 69, 70, 71], "excluded_lines": []}, "": {"executed_lines": [1, 3, 5, 7, 8, 10, 12, 15, 18, 19, 25, 41, 66, 67], "summary": {"covered_lines": 11, "num_statements": 11, "percent_covered": 100.0, "percent_covered_display": "100", "missing_lines": 0, "excluded_lines": 2}, "missing_lines": [], "excluded_lines": [12, 13]}}, "classes": {"OpenAIEmbeddingProvider": {"executed_lines": [26, 27, 28, 30, 31, 32, 33, 39, 49, 53, 54, 56, 57, 58, 59, 61, 62, 64], "summary": {"covered_lines": 18, "num_statements": 24, "percent_covered": 75.0, "percent_covered_display": "75", "missing_lines": 6, "excluded_lines": 0}, "missing_lines": [34, 35, 68, 69, 70, 71], "excluded_lines": []}, "": {"executed_lines": [1, 3, 5, 7, 8, 10, 12, 15, 18, 19, 25, 41, 66, 67], "summary": {"covered_lines": 11, "num_statements": 11, "percent_covered": 100.0, "percent_covered_display": "100", "missing_lines": 0, "excluded_lines": 2}, "missing_lines": [], "excluded_lines": [12, 13]}}}, "src/portiere/engines/__init__.py": {"executed_lines": [1, 11, 13, 19, 36, 50, 54, 58, 59, 61], "summary": {"covered_lines": 9, "num_statements": 24, "percent_covered": 37.5, "percent_covered_display": "38", "missing_lines": 15, "excluded_lines": 0}, "missing_lines": [21, 22, 24, 25, 26, 28, 29, 30, 32, 33, 51, 53, 55, 57, 63], "excluded_lines": [], "functions": {"__getattr__": {"executed_lines": [], "summary": {"covered_lines": 0, "num_statements": 10, "percent_covered": 0.0, "percent_covered_display": "0", "missing_lines": 10, "excluded_lines": 0}, "missing_lines": [21, 22, 24, 25, 26, 28, 29, 30, 32, 33], "excluded_lines": []}, "get_engine": {"executed_lines": [50, 54, 58, 59, 61], "summary": {"covered_lines": 5, "num_statements": 10, "percent_covered": 50.0, "percent_covered_display": "50", "missing_lines": 5, "excluded_lines": 0}, "missing_lines": [51, 53, 55, 57, 63], "excluded_lines": []}, "": {"executed_lines": [1, 11, 13, 19, 36], "summary": {"covered_lines": 4, "num_statements": 4, "percent_covered": 100.0, "percent_covered_display": "100", "missing_lines": 0, "excluded_lines": 0}, "missing_lines": [], "excluded_lines": []}}, "classes": {"": {"executed_lines": [1, 11, 13, 19, 36, 50, 54, 58, 59, 61], "summary": {"covered_lines": 9, "num_statements": 24, "percent_covered": 37.5, "percent_covered_display": "38", "missing_lines": 15, "excluded_lines": 0}, "missing_lines": [21, 22, 24, 25, 26, 28, 29, 30, 32, 33, 51, 53, 55, 57, 63], "excluded_lines": []}}}, "src/portiere/engines/base.py": {"executed_lines": [1, 9, 10, 13, 14, 30, 31, 32, 36, 37, 56, 57, 76, 77, 98, 99, 116, 117, 135, 136, 148, 149, 161, 162, 174, 175, 189, 190, 205, 206, 231, 232, 254, 265, 279, 290, 301, 302], "summary": {"covered_lines": 36, "num_statements": 55, "percent_covered": 65.45454545454545, "percent_covered_display": "65", "missing_lines": 19, "excluded_lines": 0}, "missing_lines": [34, 54, 74, 96, 114, 133, 146, 159, 172, 187, 203, 229, 252, 261, 263, 275, 277, 287, 288], "excluded_lines": [], "functions": {"AbstractEngine.engine_name": {"executed_lines": [], "summary": {"covered_lines": 0, "num_statements": 1, "percent_covered": 0.0, "percent_covered_display": "0", "missing_lines": 1, "excluded_lines": 0}, "missing_lines": [34], "excluded_lines": []}, "AbstractEngine.read_source": {"executed_lines": [], "summary": {"covered_lines": 0, "num_statements": 1, "percent_covered": 0.0, "percent_covered_display": "0", "missing_lines": 1, "excluded_lines": 0}, "missing_lines": [54], "excluded_lines": []}, "AbstractEngine.profile": {"executed_lines": [], "summary": {"covered_lines": 0, "num_statements": 1, "percent_covered": 0.0, "percent_covered_display": "0", "missing_lines": 1, "excluded_lines": 0}, "missing_lines": [74], "excluded_lines": []}, "AbstractEngine.get_distinct_values": {"executed_lines": [], "summary": {"covered_lines": 0, "num_statements": 1, "percent_covered": 0.0, "percent_covered_display": "0", "missing_lines": 1, "excluded_lines": 0}, "missing_lines": [96], "excluded_lines": []}, "AbstractEngine.transform": {"executed_lines": [], "summary": {"covered_lines": 0, "num_statements": 1, "percent_covered": 0.0, "percent_covered_display": "0", "missing_lines": 1, "excluded_lines": 0}, "missing_lines": [114], "excluded_lines": []}, "AbstractEngine.write": {"executed_lines": [], "summary": {"covered_lines": 0, "num_statements": 1, "percent_covered": 0.0, "percent_covered_display": "0", "missing_lines": 1, "excluded_lines": 0}, "missing_lines": [133], "excluded_lines": []}, "AbstractEngine.sql": {"executed_lines": [], "summary": {"covered_lines": 0, "num_statements": 1, "percent_covered": 0.0, "percent_covered_display": "0", "missing_lines": 1, "excluded_lines": 0}, "missing_lines": [146], "excluded_lines": []}, "AbstractEngine.count": {"executed_lines": [], "summary": {"covered_lines": 0, "num_statements": 1, "percent_covered": 0.0, "percent_covered_display": "0", "missing_lines": 1, "excluded_lines": 0}, "missing_lines": [159], "excluded_lines": []}, "AbstractEngine.schema": {"executed_lines": [], "summary": {"covered_lines": 0, "num_statements": 1, "percent_covered": 0.0, "percent_covered_display": "0", "missing_lines": 1, "excluded_lines": 0}, "missing_lines": [172], "excluded_lines": []}, "AbstractEngine.to_pandas": {"executed_lines": [], "summary": {"covered_lines": 0, "num_statements": 1, "percent_covered": 0.0, "percent_covered_display": "0", "missing_lines": 1, "excluded_lines": 0}, "missing_lines": [187], "excluded_lines": []}, "AbstractEngine.sample": {"executed_lines": [], "summary": {"covered_lines": 0, "num_statements": 1, "percent_covered": 0.0, "percent_covered_display": "0", "missing_lines": 1, "excluded_lines": 0}, "missing_lines": [203], "excluded_lines": []}, "AbstractEngine.map_column": {"executed_lines": [], "summary": {"covered_lines": 0, "num_statements": 1, "percent_covered": 0.0, "percent_covered_display": "0", "missing_lines": 1, "excluded_lines": 0}, "missing_lines": [229], "excluded_lines": []}, "AbstractEngine.read_database": {"executed_lines": [], "summary": {"covered_lines": 0, "num_statements": 1, "percent_covered": 0.0, "percent_covered_display": "0", "missing_lines": 1, "excluded_lines": 0}, "missing_lines": [252], "excluded_lines": []}, "AbstractEngine.from_records": {"executed_lines": [], "summary": {"covered_lines": 0, "num_statements": 2, "percent_covered": 0.0, "percent_covered_display": "0", "missing_lines": 2, "excluded_lines": 0}, "missing_lines": [261, 263], "excluded_lines": []}, "AbstractEngine.read_csv": {"executed_lines": [], "summary": {"covered_lines": 0, "num_statements": 2, "percent_covered": 0.0, "percent_covered_display": "0", "missing_lines": 2, "excluded_lines": 0}, "missing_lines": [275, 277], "excluded_lines": []}, "AbstractEngine.write_csv": {"executed_lines": [], "summary": {"covered_lines": 0, "num_statements": 2, "percent_covered": 0.0, "percent_covered_display": "0", "missing_lines": 2, "excluded_lines": 0}, "missing_lines": [287, 288], "excluded_lines": []}, "AbstractEngine.to_dict_records": {"executed_lines": [301, 302], "summary": {"covered_lines": 2, "num_statements": 2, "percent_covered": 100.0, "percent_covered_display": "100", "missing_lines": 0, "excluded_lines": 0}, "missing_lines": [], "excluded_lines": []}, "": {"executed_lines": [1, 9, 10, 13, 14, 30, 31, 32, 36, 37, 56, 57, 76, 77, 98, 99, 116, 117, 135, 136, 148, 149, 161, 162, 174, 175, 189, 190, 205, 206, 231, 232, 254, 265, 279, 290], "summary": {"covered_lines": 34, "num_statements": 34, "percent_covered": 100.0, "percent_covered_display": "100", "missing_lines": 0, "excluded_lines": 0}, "missing_lines": [], "excluded_lines": []}}, "classes": {"AbstractEngine": {"executed_lines": [301, 302], "summary": {"covered_lines": 2, "num_statements": 21, "percent_covered": 9.523809523809524, "percent_covered_display": "10", "missing_lines": 19, "excluded_lines": 0}, "missing_lines": [34, 54, 74, 96, 114, 133, 146, 159, 172, 187, 203, 229, 252, 261, 263, 275, 277, 287, 288], "excluded_lines": []}, "": {"executed_lines": [1, 9, 10, 13, 14, 30, 31, 32, 36, 37, 56, 57, 76, 77, 98, 99, 116, 117, 135, 136, 148, 149, 161, 162, 174, 175, 189, 190, 205, 206, 231, 232, 254, 265, 279, 290], "summary": {"covered_lines": 34, "num_statements": 34, "percent_covered": 100.0, "percent_covered_display": "100", "missing_lines": 0, "excluded_lines": 0}, "missing_lines": [], "excluded_lines": []}}}, "src/portiere/engines/pandas_engine.py": {"executed_lines": [1, 10, 12, 13, 15, 17, 19, 22, 23, 36, 38, 39, 41, 48, 50, 51, 52, 54, 61, 63, 64, 65, 66, 67, 68, 70, 72, 74, 75, 76, 77, 79, 89, 90, 91, 95, 97, 103, 110, 111, 116, 122, 125, 126, 129, 130, 131, 132, 135, 136, 138, 140, 148, 149, 151, 152, 153, 154, 155, 156, 158, 160, 162, 167, 169, 171, 173, 182, 184, 185, 186, 188, 197, 198, 199, 201, 224, 228, 232, 236, 238], "summary": {"covered_lines": 78, "num_statements": 93, "percent_covered": 83.87096774193549, "percent_covered_display": "84", "missing_lines": 15, "excluded_lines": 1}, "missing_lines": [42, 43, 209, 210, 211, 212, 216, 217, 218, 219, 220, 222, 226, 230, 234], "excluded_lines": [162], "functions": {"PandasEngine.__init__": {"executed_lines": [38, 39, 41, 48], "summary": {"covered_lines": 4, "num_statements": 6, "percent_covered": 66.66666666666667, "percent_covered_display": "67", "missing_lines": 2, "excluded_lines": 0}, "missing_lines": [42, 43], "excluded_lines": []}, "PandasEngine.engine_name": {"executed_lines": [52], "summary": {"covered_lines": 1, "num_statements": 1, "percent_covered": 100.0, "percent_covered_display": "100", "missing_lines": 0, "excluded_lines": 0}, "missing_lines": [], "excluded_lines": []}, "PandasEngine.read_source": {"executed_lines": [61, 63, 64, 65, 66, 67, 68, 70], "summary": {"covered_lines": 8, "num_statements": 8, "percent_covered": 100.0, "percent_covered_display": "100", "missing_lines": 0, "excluded_lines": 0}, "missing_lines": [], "excluded_lines": []}, "PandasEngine.profile": {"executed_lines": [74, 75, 76, 77, 79, 89, 90, 91, 95, 97], "summary": {"covered_lines": 10, "num_statements": 10, "percent_covered": 100.0, "percent_covered_display": "100", "missing_lines": 0, "excluded_lines": 0}, "missing_lines": [], "excluded_lines": []}, "PandasEngine.get_distinct_values": {"executed_lines": [110, 111], "summary": {"covered_lines": 2, "num_statements": 2, "percent_covered": 100.0, "percent_covered_display": "100", "missing_lines": 0, "excluded_lines": 0}, "missing_lines": [], "excluded_lines": []}, "PandasEngine.transform": {"executed_lines": [122, 125, 126, 129, 130, 131, 132, 135, 136, 138], "summary": {"covered_lines": 10, "num_statements": 10, "percent_covered": 100.0, "percent_covered_display": "100", "missing_lines": 0, "excluded_lines": 0}, "missing_lines": [], "excluded_lines": []}, "PandasEngine.write": {"executed_lines": [148, 149, 151, 152, 153, 154, 155, 156, 158], "summary": {"covered_lines": 9, "num_statements": 9, "percent_covered": 100.0, "percent_covered_display": "100", "missing_lines": 0, "excluded_lines": 0}, "missing_lines": [], "excluded_lines": []}, "PandasEngine.sql": {"executed_lines": [162], "summary": {"covered_lines": 0, "num_statements": 0, "percent_covered": 100.0, "percent_covered_display": "100", "missing_lines": 0, "excluded_lines": 1}, "missing_lines": [], "excluded_lines": [162]}, "PandasEngine.count": {"executed_lines": [169], "summary": {"covered_lines": 1, "num_statements": 1, "percent_covered": 100.0, "percent_covered_display": "100", "missing_lines": 0, "excluded_lines": 0}, "missing_lines": [], "excluded_lines": []}, "PandasEngine.schema": {"executed_lines": [173], "summary": {"covered_lines": 1, "num_statements": 1, "percent_covered": 100.0, "percent_covered_display": "100", "missing_lines": 0, "excluded_lines": 0}, "missing_lines": [], "excluded_lines": []}, "PandasEngine.sample": {"executed_lines": [184, 185, 186], "summary": {"covered_lines": 3, "num_statements": 3, "percent_covered": 100.0, "percent_covered_display": "100", "missing_lines": 0, "excluded_lines": 0}, "missing_lines": [], "excluded_lines": []}, "PandasEngine.map_column": {"executed_lines": [197, 198, 199], "summary": {"covered_lines": 3, "num_statements": 3, "percent_covered": 100.0, "percent_covered_display": "100", "missing_lines": 0, "excluded_lines": 0}, "missing_lines": [], "excluded_lines": []}, "PandasEngine.read_database": {"executed_lines": [], "summary": {"covered_lines": 0, "num_statements": 10, "percent_covered": 0.0, "percent_covered_display": "0", "missing_lines": 10, "excluded_lines": 0}, "missing_lines": [209, 210, 211, 212, 216, 217, 218, 219, 220, 222], "excluded_lines": []}, "PandasEngine.from_records": {"executed_lines": [], "summary": {"covered_lines": 0, "num_statements": 1, "percent_covered": 0.0, "percent_covered_display": "0", "missing_lines": 1, "excluded_lines": 0}, "missing_lines": [226], "excluded_lines": []}, "PandasEngine.read_csv": {"executed_lines": [], "summary": {"covered_lines": 0, "num_statements": 1, "percent_covered": 0.0, "percent_covered_display": "0", "missing_lines": 1, "excluded_lines": 0}, "missing_lines": [230], "excluded_lines": []}, "PandasEngine.write_csv": {"executed_lines": [], "summary": {"covered_lines": 0, "num_statements": 1, "percent_covered": 0.0, "percent_covered_display": "0", "missing_lines": 1, "excluded_lines": 0}, "missing_lines": [234], "excluded_lines": []}, "PandasEngine.to_pandas": {"executed_lines": [238], "summary": {"covered_lines": 1, "num_statements": 1, "percent_covered": 100.0, "percent_covered_display": "100", "missing_lines": 0, "excluded_lines": 0}, "missing_lines": [], "excluded_lines": []}, "": {"executed_lines": [1, 10, 12, 13, 15, 17, 19, 22, 23, 36, 50, 51, 54, 72, 103, 116, 140, 160, 167, 171, 182, 188, 201, 224, 228, 232, 236], "summary": {"covered_lines": 25, "num_statements": 25, "percent_covered": 100.0, "percent_covered_display": "100", "missing_lines": 0, "excluded_lines": 0}, "missing_lines": [], "excluded_lines": []}}, "classes": {"PandasEngine": {"executed_lines": [38, 39, 41, 48, 52, 61, 63, 64, 65, 66, 67, 68, 70, 74, 75, 76, 77, 79, 89, 90, 91, 95, 97, 110, 111, 122, 125, 126, 129, 130, 131, 132, 135, 136, 138, 148, 149, 151, 152, 153, 154, 155, 156, 158, 162, 169, 173, 184, 185, 186, 197, 198, 199, 238], "summary": {"covered_lines": 53, "num_statements": 68, "percent_covered": 77.94117647058823, "percent_covered_display": "78", "missing_lines": 15, "excluded_lines": 1}, "missing_lines": [42, 43, 209, 210, 211, 212, 216, 217, 218, 219, 220, 222, 226, 230, 234], "excluded_lines": [162]}, "": {"executed_lines": [1, 10, 12, 13, 15, 17, 19, 22, 23, 36, 50, 51, 54, 72, 103, 116, 140, 160, 167, 171, 182, 188, 201, 224, 228, 232, 236], "summary": {"covered_lines": 25, "num_statements": 25, "percent_covered": 100.0, "percent_covered_display": "100", "missing_lines": 0, "excluded_lines": 0}, "missing_lines": [], "excluded_lines": []}}}, "src/portiere/engines/polars_engine.py": {"executed_lines": [1, 10, 12, 13, 15, 17, 19, 22, 23, 37, 39, 40, 42, 49, 51, 52, 55, 84, 122, 140, 168, 188, 193, 197, 208, 210, 211, 212, 214, 223, 229, 247, 251, 255, 259], "summary": {"covered_lines": 33, "num_statements": 101, "percent_covered": 32.67326732673267, "percent_covered_display": "33", "missing_lines": 68, "excluded_lines": 0}, "missing_lines": [43, 44, 53, 62, 64, 65, 67, 68, 69, 70, 71, 72, 75, 76, 77, 78, 79, 80, 82, 86, 87, 88, 89, 91, 100, 101, 104, 105, 112, 114, 116, 129, 135, 146, 149, 150, 151, 152, 155, 156, 157, 158, 163, 164, 166, 176, 177, 179, 180, 181, 182, 183, 184, 186, 190, 191, 195, 199, 237, 238, 239, 240, 241, 245, 249, 253, 257, 261], "excluded_lines": [], "functions": {"PolarsEngine.__init__": {"executed_lines": [39, 40, 42, 49], "summary": {"covered_lines": 4, "num_statements": 6, "percent_covered": 66.66666666666667, "percent_covered_display": "67", "missing_lines": 2, "excluded_lines": 0}, "missing_lines": [43, 44], "excluded_lines": []}, "PolarsEngine.engine_name": {"executed_lines": [], "summary": {"covered_lines": 0, "num_statements": 1, "percent_covered": 0.0, "percent_covered_display": "0", "missing_lines": 1, "excluded_lines": 0}, "missing_lines": [53], "excluded_lines": []}, "PolarsEngine.read_source": {"executed_lines": [], "summary": {"covered_lines": 0, "num_statements": 16, "percent_covered": 0.0, "percent_covered_display": "0", "missing_lines": 16, "excluded_lines": 0}, "missing_lines": [62, 64, 65, 67, 68, 69, 70, 71, 72, 75, 76, 77, 78, 79, 80, 82], "excluded_lines": []}, "PolarsEngine.profile": {"executed_lines": [], "summary": {"covered_lines": 0, "num_statements": 12, "percent_covered": 0.0, "percent_covered_display": "0", "missing_lines": 12, "excluded_lines": 0}, "missing_lines": [86, 87, 88, 89, 91, 100, 101, 104, 105, 112, 114, 116], "excluded_lines": []}, "PolarsEngine.get_distinct_values": {"executed_lines": [], "summary": {"covered_lines": 0, "num_statements": 2, "percent_covered": 0.0, "percent_covered_display": "0", "missing_lines": 2, "excluded_lines": 0}, "missing_lines": [129, 135], "excluded_lines": []}, "PolarsEngine.transform": {"executed_lines": [], "summary": {"covered_lines": 0, "num_statements": 12, "percent_covered": 0.0, "percent_covered_display": "0", "missing_lines": 12, "excluded_lines": 0}, "missing_lines": [146, 149, 150, 151, 152, 155, 156, 157, 158, 163, 164, 166], "excluded_lines": []}, "PolarsEngine.write": {"executed_lines": [], "summary": {"covered_lines": 0, "num_statements": 9, "percent_covered": 0.0, "percent_covered_display": "0", "missing_lines": 9, "excluded_lines": 0}, "missing_lines": [176, 177, 179, 180, 181, 182, 183, 184, 186], "excluded_lines": []}, "PolarsEngine.sql": {"executed_lines": [], "summary": {"covered_lines": 0, "num_statements": 2, "percent_covered": 0.0, "percent_covered_display": "0", "missing_lines": 2, "excluded_lines": 0}, "missing_lines": [190, 191], "excluded_lines": []}, "PolarsEngine.count": {"executed_lines": [], "summary": {"covered_lines": 0, "num_statements": 1, "percent_covered": 0.0, "percent_covered_display": "0", "missing_lines": 1, "excluded_lines": 0}, "missing_lines": [195], "excluded_lines": []}, "PolarsEngine.schema": {"executed_lines": [], "summary": {"covered_lines": 0, "num_statements": 1, "percent_covered": 0.0, "percent_covered_display": "0", "missing_lines": 1, "excluded_lines": 0}, "missing_lines": [199], "excluded_lines": []}, "PolarsEngine.sample": {"executed_lines": [210, 211, 212], "summary": {"covered_lines": 3, "num_statements": 3, "percent_covered": 100.0, "percent_covered_display": "100", "missing_lines": 0, "excluded_lines": 0}, "missing_lines": [], "excluded_lines": []}, "PolarsEngine.map_column": {"executed_lines": [223], "summary": {"covered_lines": 1, "num_statements": 1, "percent_covered": 100.0, "percent_covered_display": "100", "missing_lines": 0, "excluded_lines": 0}, "missing_lines": [], "excluded_lines": []}, "PolarsEngine.read_database": {"executed_lines": [], "summary": {"covered_lines": 0, "num_statements": 6, "percent_covered": 0.0, "percent_covered_display": "0", "missing_lines": 6, "excluded_lines": 0}, "missing_lines": [237, 238, 239, 240, 241, 245], "excluded_lines": []}, "PolarsEngine.from_records": {"executed_lines": [], "summary": {"covered_lines": 0, "num_statements": 1, "percent_covered": 0.0, "percent_covered_display": "0", "missing_lines": 1, "excluded_lines": 0}, "missing_lines": [249], "excluded_lines": []}, "PolarsEngine.read_csv": {"executed_lines": [], "summary": {"covered_lines": 0, "num_statements": 1, "percent_covered": 0.0, "percent_covered_display": "0", "missing_lines": 1, "excluded_lines": 0}, "missing_lines": [253], "excluded_lines": []}, "PolarsEngine.write_csv": {"executed_lines": [], "summary": {"covered_lines": 0, "num_statements": 1, "percent_covered": 0.0, "percent_covered_display": "0", "missing_lines": 1, "excluded_lines": 0}, "missing_lines": [257], "excluded_lines": []}, "PolarsEngine.to_pandas": {"executed_lines": [], "summary": {"covered_lines": 0, "num_statements": 1, "percent_covered": 0.0, "percent_covered_display": "0", "missing_lines": 1, "excluded_lines": 0}, "missing_lines": [261], "excluded_lines": []}, "": {"executed_lines": [1, 10, 12, 13, 15, 17, 19, 22, 23, 37, 51, 52, 55, 84, 122, 140, 168, 188, 193, 197, 208, 214, 229, 247, 251, 255, 259], "summary": {"covered_lines": 25, "num_statements": 25, "percent_covered": 100.0, "percent_covered_display": "100", "missing_lines": 0, "excluded_lines": 0}, "missing_lines": [], "excluded_lines": []}}, "classes": {"PolarsEngine": {"executed_lines": [39, 40, 42, 49, 210, 211, 212, 223], "summary": {"covered_lines": 8, "num_statements": 76, "percent_covered": 10.526315789473685, "percent_covered_display": "11", "missing_lines": 68, "excluded_lines": 0}, "missing_lines": [43, 44, 53, 62, 64, 65, 67, 68, 69, 70, 71, 72, 75, 76, 77, 78, 79, 80, 82, 86, 87, 88, 89, 91, 100, 101, 104, 105, 112, 114, 116, 129, 135, 146, 149, 150, 151, 152, 155, 156, 157, 158, 163, 164, 166, 176, 177, 179, 180, 181, 182, 183, 184, 186, 190, 191, 195, 199, 237, 238, 239, 240, 241, 245, 249, 253, 257, 261], "excluded_lines": []}, "": {"executed_lines": [1, 10, 12, 13, 15, 17, 19, 22, 23, 37, 51, 52, 55, 84, 122, 140, 168, 188, 193, 197, 208, 214, 229, 247, 251, 255, 259], "summary": {"covered_lines": 25, "num_statements": 25, "percent_covered": 100.0, "percent_covered_display": "100", "missing_lines": 0, "excluded_lines": 0}, "missing_lines": [], "excluded_lines": []}}}, "src/portiere/engines/spark_engine.py": {"executed_lines": [], "summary": {"covered_lines": 0, "num_statements": 116, "percent_covered": 0.0, "percent_covered_display": "0", "missing_lines": 116, "excluded_lines": 2}, "missing_lines": [11, 13, 15, 17, 22, 25, 43, 50, 51, 53, 54, 55, 60, 61, 62, 64, 65, 67, 73, 74, 76, 78, 79, 80, 82, 89, 91, 94, 95, 97, 98, 99, 100, 101, 102, 104, 106, 108, 111, 112, 114, 115, 116, 119, 127, 139, 140, 147, 152, 154, 160, 167, 169, 176, 178, 184, 186, 189, 190, 191, 192, 195, 196, 197, 198, 201, 202, 204, 206, 214, 216, 217, 218, 219, 220, 221, 223, 225, 227, 229, 231, 233, 235, 244, 246, 247, 248, 249, 251, 260, 261, 263, 264, 267, 272, 277, 285, 286, 287, 288, 289, 290, 291, 292, 294, 296, 298, 300, 302, 304, 306, 308, 310, 312, 314, 315], "excluded_lines": [19, 20], "functions": {"SparkEngine.__init__": {"executed_lines": [], "summary": {"covered_lines": 0, "num_statements": 11, "percent_covered": 0.0, "percent_covered_display": "0", "missing_lines": 11, "excluded_lines": 0}, "missing_lines": [50, 51, 53, 54, 55, 60, 61, 62, 64, 65, 67], "excluded_lines": []}, "SparkEngine.spark": {"executed_lines": [], "summary": {"covered_lines": 0, "num_statements": 1, "percent_covered": 0.0, "percent_covered_display": "0", "missing_lines": 1, "excluded_lines": 0}, "missing_lines": [76], "excluded_lines": []}, "SparkEngine.engine_name": {"executed_lines": [], "summary": {"covered_lines": 0, "num_statements": 1, "percent_covered": 0.0, "percent_covered_display": "0", "missing_lines": 1, "excluded_lines": 0}, "missing_lines": [80], "excluded_lines": []}, "SparkEngine.read_source": {"executed_lines": [], "summary": {"covered_lines": 0, "num_statements": 11, "percent_covered": 0.0, "percent_covered_display": "0", "missing_lines": 11, "excluded_lines": 0}, "missing_lines": [89, 91, 94, 95, 97, 98, 99, 100, 101, 102, 104], "excluded_lines": []}, "SparkEngine.profile": {"executed_lines": [], "summary": {"covered_lines": 0, "num_statements": 13, "percent_covered": 0.0, "percent_covered_display": "0", "missing_lines": 13, "excluded_lines": 0}, "missing_lines": [108, 111, 112, 114, 115, 116, 119, 127, 139, 140, 147, 152, 154], "excluded_lines": []}, "SparkEngine.get_distinct_values": {"executed_lines": [], "summary": {"covered_lines": 0, "num_statements": 3, "percent_covered": 0.0, "percent_covered_display": "0", "missing_lines": 3, "excluded_lines": 0}, "missing_lines": [167, 169, 176], "excluded_lines": []}, "SparkEngine.transform": {"executed_lines": [], "summary": {"covered_lines": 0, "num_statements": 13, "percent_covered": 0.0, "percent_covered_display": "0", "missing_lines": 13, "excluded_lines": 0}, "missing_lines": [184, 186, 189, 190, 191, 192, 195, 196, 197, 198, 201, 202, 204], "excluded_lines": []}, "SparkEngine.write": {"executed_lines": [], "summary": {"covered_lines": 0, "num_statements": 8, "percent_covered": 0.0, "percent_covered_display": "0", "missing_lines": 8, "excluded_lines": 0}, "missing_lines": [214, 216, 217, 218, 219, 220, 221, 223], "excluded_lines": []}, "SparkEngine.sql": {"executed_lines": [], "summary": {"covered_lines": 0, "num_statements": 1, "percent_covered": 0.0, "percent_covered_display": "0", "missing_lines": 1, "excluded_lines": 0}, "missing_lines": [227], "excluded_lines": []}, "SparkEngine.count": {"executed_lines": [], "summary": {"covered_lines": 0, "num_statements": 1, "percent_covered": 0.0, "percent_covered_display": "0", "missing_lines": 1, "excluded_lines": 0}, "missing_lines": [231], "excluded_lines": []}, "SparkEngine.schema": {"executed_lines": [], "summary": {"covered_lines": 0, "num_statements": 1, "percent_covered": 0.0, "percent_covered_display": "0", "missing_lines": 1, "excluded_lines": 0}, "missing_lines": [235], "excluded_lines": []}, "SparkEngine.sample": {"executed_lines": [], "summary": {"covered_lines": 0, "num_statements": 4, "percent_covered": 0.0, "percent_covered_display": "0", "missing_lines": 4, "excluded_lines": 0}, "missing_lines": [246, 247, 248, 249], "excluded_lines": []}, "SparkEngine.map_column": {"executed_lines": [], "summary": {"covered_lines": 0, "num_statements": 6, "percent_covered": 0.0, "percent_covered_display": "0", "missing_lines": 6, "excluded_lines": 0}, "missing_lines": [260, 261, 263, 264, 267, 272], "excluded_lines": []}, "SparkEngine.read_database": {"executed_lines": [], "summary": {"covered_lines": 0, "num_statements": 9, "percent_covered": 0.0, "percent_covered_display": "0", "missing_lines": 9, "excluded_lines": 0}, "missing_lines": [285, 286, 287, 288, 289, 290, 291, 292, 294], "excluded_lines": []}, "SparkEngine.from_records": {"executed_lines": [], "summary": {"covered_lines": 0, "num_statements": 1, "percent_covered": 0.0, "percent_covered_display": "0", "missing_lines": 1, "excluded_lines": 0}, "missing_lines": [298], "excluded_lines": []}, "SparkEngine.read_csv": {"executed_lines": [], "summary": {"covered_lines": 0, "num_statements": 1, "percent_covered": 0.0, "percent_covered_display": "0", "missing_lines": 1, "excluded_lines": 0}, "missing_lines": [302], "excluded_lines": []}, "SparkEngine.write_csv": {"executed_lines": [], "summary": {"covered_lines": 0, "num_statements": 1, "percent_covered": 0.0, "percent_covered_display": "0", "missing_lines": 1, "excluded_lines": 0}, "missing_lines": [306], "excluded_lines": []}, "SparkEngine.to_pandas": {"executed_lines": [], "summary": {"covered_lines": 0, "num_statements": 1, "percent_covered": 0.0, "percent_covered_display": "0", "missing_lines": 1, "excluded_lines": 0}, "missing_lines": [310], "excluded_lines": []}, "SparkEngine.close": {"executed_lines": [], "summary": {"covered_lines": 0, "num_statements": 2, "percent_covered": 0.0, "percent_covered_display": "0", "missing_lines": 2, "excluded_lines": 0}, "missing_lines": [314, 315], "excluded_lines": []}, "": {"executed_lines": [], "summary": {"covered_lines": 0, "num_statements": 27, "percent_covered": 0.0, "percent_covered_display": "0", "missing_lines": 27, "excluded_lines": 2}, "missing_lines": [11, 13, 15, 17, 22, 25, 43, 73, 74, 78, 79, 82, 106, 160, 178, 206, 225, 229, 233, 244, 251, 277, 296, 300, 304, 308, 312], "excluded_lines": [19, 20]}}, "classes": {"SparkEngine": {"executed_lines": [], "summary": {"covered_lines": 0, "num_statements": 89, "percent_covered": 0.0, "percent_covered_display": "0", "missing_lines": 89, "excluded_lines": 0}, "missing_lines": [50, 51, 53, 54, 55, 60, 61, 62, 64, 65, 67, 76, 80, 89, 91, 94, 95, 97, 98, 99, 100, 101, 102, 104, 108, 111, 112, 114, 115, 116, 119, 127, 139, 140, 147, 152, 154, 167, 169, 176, 184, 186, 189, 190, 191, 192, 195, 196, 197, 198, 201, 202, 204, 214, 216, 217, 218, 219, 220, 221, 223, 227, 231, 235, 246, 247, 248, 249, 260, 261, 263, 264, 267, 272, 285, 286, 287, 288, 289, 290, 291, 292, 294, 298, 302, 306, 310, 314, 315], "excluded_lines": []}, "": {"executed_lines": [], "summary": {"covered_lines": 0, "num_statements": 27, "percent_covered": 0.0, "percent_covered_display": "0", "missing_lines": 27, "excluded_lines": 2}, "missing_lines": [11, 13, 15, 17, 22, 25, 43, 73, 74, 78, 79, 82, 106, 160, 178, 206, 225, 229, 233, 244, 251, 277, 296, 300, 304, 308, 312], "excluded_lines": [19, 20]}}}, "src/portiere/exceptions.py": {"executed_lines": [1, 5, 8, 9, 11, 14, 15, 17, 20, 21, 23, 26, 27, 29, 32, 33, 35, 38, 39, 41, 46, 47, 49, 52, 53, 55, 58, 59, 61, 64, 65, 67], "summary": {"covered_lines": 21, "num_statements": 25, "percent_covered": 84.0, "percent_covered_display": "84", "missing_lines": 4, "excluded_lines": 0}, "missing_lines": [42, 43, 68, 69], "excluded_lines": [], "functions": {"QuotaExceededError.__init__": {"executed_lines": [], "summary": {"covered_lines": 0, "num_statements": 2, "percent_covered": 0.0, "percent_covered_display": "0", "missing_lines": 2, "excluded_lines": 0}, "missing_lines": [42, 43], "excluded_lines": []}, "ETLExecutionError.__init__": {"executed_lines": [], "summary": {"covered_lines": 0, "num_statements": 2, "percent_covered": 0.0, "percent_covered_display": "0", "missing_lines": 2, "excluded_lines": 0}, "missing_lines": [68, 69], "excluded_lines": []}, "": {"executed_lines": [1, 5, 8, 9, 11, 14, 15, 17, 20, 21, 23, 26, 27, 29, 32, 33, 35, 38, 39, 41, 46, 47, 49, 52, 53, 55, 58, 59, 61, 64, 65, 67], "summary": {"covered_lines": 21, "num_statements": 21, "percent_covered": 100.0, "percent_covered_display": "100", "missing_lines": 0, "excluded_lines": 0}, "missing_lines": [], "excluded_lines": []}}, "classes": {"PortiereError": {"executed_lines": [], "summary": {"covered_lines": 0, "num_statements": 0, "percent_covered": 100.0, "percent_covered_display": "100", "missing_lines": 0, "excluded_lines": 0}, "missing_lines": [], "excluded_lines": []}, "AuthenticationError": {"executed_lines": [], "summary": {"covered_lines": 0, "num_statements": 0, "percent_covered": 100.0, "percent_covered_display": "100", "missing_lines": 0, "excluded_lines": 0}, "missing_lines": [], "excluded_lines": []}, "ConfigurationError": {"executed_lines": [], "summary": {"covered_lines": 0, "num_statements": 0, "percent_covered": 100.0, "percent_covered_display": "100", "missing_lines": 0, "excluded_lines": 0}, "missing_lines": [], "excluded_lines": []}, "MappingError": {"executed_lines": [], "summary": {"covered_lines": 0, "num_statements": 0, "percent_covered": 100.0, "percent_covered_display": "100", "missing_lines": 0, "excluded_lines": 0}, "missing_lines": [], "excluded_lines": []}, "RateLimitError": {"executed_lines": [], "summary": {"covered_lines": 0, "num_statements": 0, "percent_covered": 100.0, "percent_covered_display": "100", "missing_lines": 0, "excluded_lines": 0}, "missing_lines": [], "excluded_lines": []}, "QuotaExceededError": {"executed_lines": [], "summary": {"covered_lines": 0, "num_statements": 2, "percent_covered": 0.0, "percent_covered_display": "0", "missing_lines": 2, "excluded_lines": 0}, "missing_lines": [42, 43], "excluded_lines": []}, "ValidationError": {"executed_lines": [], "summary": {"covered_lines": 0, "num_statements": 0, "percent_covered": 100.0, "percent_covered_display": "100", "missing_lines": 0, "excluded_lines": 0}, "missing_lines": [], "excluded_lines": []}, "EngineError": {"executed_lines": [], "summary": {"covered_lines": 0, "num_statements": 0, "percent_covered": 100.0, "percent_covered_display": "100", "missing_lines": 0, "excluded_lines": 0}, "missing_lines": [], "excluded_lines": []}, "ArtifactError": {"executed_lines": [], "summary": {"covered_lines": 0, "num_statements": 0, "percent_covered": 100.0, "percent_covered_display": "100", "missing_lines": 0, "excluded_lines": 0}, "missing_lines": [], "excluded_lines": []}, "ETLExecutionError": {"executed_lines": [], "summary": {"covered_lines": 0, "num_statements": 2, "percent_covered": 0.0, "percent_covered_display": "0", "missing_lines": 2, "excluded_lines": 0}, "missing_lines": [68, 69], "excluded_lines": []}, "": {"executed_lines": [1, 5, 8, 9, 11, 14, 15, 17, 20, 21, 23, 26, 27, 29, 32, 33, 35, 38, 39, 41, 46, 47, 49, 52, 53, 55, 58, 59, 61, 64, 65, 67], "summary": {"covered_lines": 21, "num_statements": 21, "percent_covered": 100.0, "percent_covered_display": "100", "missi
[...]
t_covered_display": "0", "missing_lines": 5, "excluded_lines": 0}, "missing_lines": [222, 224, 225, 229, 232], "excluded_lines": []}, "CloudStorageBackend.save_cross_mapping": {"executed_lines": [], "summary": {"covered_lines": 0, "num_statements": 4, "percent_covered": 0.0, "percent_covered_display": "0", "missing_lines": 4, "excluded_lines": 0}, "missing_lines": [239, 240, 241, 246], "excluded_lines": []}, "CloudStorageBackend.load_cross_mapping": {"executed_lines": [], "summary": {"covered_lines": 0, "num_statements": 5, "percent_covered": 0.0, "percent_covered_display": "0", "missing_lines": 5, "excluded_lines": 0}, "missing_lines": [253, 255, 256, 260, 263], "excluded_lines": []}, "CloudStorageBackend.save_etl_script": {"executed_lines": [], "summary": {"covered_lines": 0, "num_statements": 4, "percent_covered": 0.0, "percent_covered_display": "0", "missing_lines": 4, "excluded_lines": 0}, "missing_lines": [270, 271, 272, 273], "excluded_lines": []}, "CloudStorageBackend.list_etl_scripts": {"executed_lines": [], "summary": {"covered_lines": 0, "num_statements": 4, "percent_covered": 0.0, "percent_covered_display": "0", "missing_lines": 4, "excluded_lines": 0}, "missing_lines": [276, 277, 278, 279], "excluded_lines": []}, "CloudStorageBackend.save_validation_report": {"executed_lines": [], "summary": {"covered_lines": 0, "num_statements": 5, "percent_covered": 0.0, "percent_covered_display": "0", "missing_lines": 5, "excluded_lines": 0}, "missing_lines": [286, 288, 289, 290, 291], "excluded_lines": []}, "CloudStorageBackend.list_validation_reports": {"executed_lines": [], "summary": {"covered_lines": 0, "num_statements": 4, "percent_covered": 0.0, "percent_covered_display": "0", "missing_lines": 4, "excluded_lines": 0}, "missing_lines": [294, 295, 296, 297], "excluded_lines": []}, "CloudStorageBackend.save_profile": {"executed_lines": [], "summary": {"covered_lines": 0, "num_statements": 4, "percent_covered": 0.0, "percent_covered_display": "0", "missing_lines": 4, "excluded_lines": 0}, "missing_lines": [304, 305, 306, 307], "excluded_lines": []}, "CloudStorageBackend.load_profile": {"executed_lines": [], "summary": {"covered_lines": 0, "num_statements": 5, "percent_covered": 0.0, "percent_covered_display": "0", "missing_lines": 5, "excluded_lines": 0}, "missing_lines": [310, 313, 314, 315, 316], "excluded_lines": []}, "CloudStorageBackend.save_quality_report": {"executed_lines": [], "summary": {"covered_lines": 0, "num_statements": 6, "percent_covered": 0.0, "percent_covered_display": "0", "missing_lines": 6, "excluded_lines": 0}, "missing_lines": [321, 322, 323, 324, 325, 326], "excluded_lines": []}, "CloudStorageBackend.load_quality_reports": {"executed_lines": [], "summary": {"covered_lines": 0, "num_statements": 8, "percent_covered": 0.0, "percent_covered_display": "0", "missing_lines": 8, "excluded_lines": 0}, "missing_lines": [329, 330, 331, 332, 333, 334, 335, 336], "excluded_lines": []}, "": {"executed_lines": [1, 12, 14, 15, 16, 17, 19, 21, 23, 29, 32, 33, 41, 47, 58, 67, 75, 115, 124, 132, 138, 149, 160, 174, 190, 205, 221, 236, 252, 267, 275, 283, 293, 301, 309, 320, 328], "summary": {"covered_lines": 34, "num_statements": 34, "percent_covered": 100.0, "percent_covered_display": "100", "missing_lines": 0, "excluded_lines": 5}, "missing_lines": [], "excluded_lines": [23, 24, 25, 26, 27]}}, "classes": {"CloudStorageBackend": {"executed_lines": [56], "summary": {"covered_lines": 0, "num_statements": 117, "percent_covered": 0.0, "percent_covered_display": "0", "missing_lines": 117, "excluded_lines": 1}, "missing_lines": [60, 61, 62, 69, 70, 71, 83, 89, 90, 91, 96, 97, 98, 104, 117, 118, 119, 120, 121, 122, 125, 126, 128, 129, 130, 133, 134, 135, 136, 139, 140, 141, 142, 143, 144, 145, 153, 155, 156, 157, 158, 161, 163, 164, 165, 166, 167, 168, 169, 170, 177, 178, 179, 184, 191, 193, 194, 198, 201, 208, 209, 210, 215, 222, 224, 225, 229, 232, 239, 240, 241, 246, 253, 255, 256, 260, 263, 270, 271, 272, 273, 276, 277, 278, 279, 286, 288, 289, 290, 291, 294, 295, 296, 297, 304, 305, 306, 307, 310, 313, 314, 315, 316, 321, 322, 323, 324, 325, 326, 329, 330, 331, 332, 333, 334, 335, 336], "excluded_lines": [56]}, "": {"executed_lines": [1, 12, 14, 15, 16, 17, 19, 21, 23, 29, 32, 33, 41, 47, 58, 67, 75, 115, 124, 132, 138, 149, 160, 174, 190, 205, 221, 236, 252, 267, 275, 283, 293, 301, 309, 320, 328], "summary": {"covered_lines": 34, "num_statements": 34, "percent_covered": 100.0, "percent_covered_display": "100", "missing_lines": 0, "excluded_lines": 5}, "missing_lines": [], "excluded_lines": [23, 24, 25, 26, 27]}}}, "src/portiere/storage/local_backend.py": {"executed_lines": [1, 19, 21, 22, 23, 24, 25, 26, 28, 29, 31, 33, 38, 41, 53, 54, 60, 61, 62, 63, 65, 66, 68, 70, 71, 75, 83, 84, 85, 90, 91, 93, 106, 107, 109, 114, 116, 117, 118, 120, 121, 125, 126, 129, 130, 132, 133, 134, 135, 136, 137, 138, 139, 140, 142, 143, 144, 146, 147, 149, 150, 151, 155, 158, 159, 160, 161, 163, 164, 165, 166, 167, 168, 169, 173, 176, 179, 180, 181, 182, 183, 189, 190, 192, 195, 196, 198, 199, 201, 202, 206, 209, 211, 214, 215, 216, 217, 220, 221, 222, 223, 225, 237, 239, 240, 246, 247, 249, 252, 253, 255, 256, 258, 259, 263, 279, 296, 304, 310, 320, 326, 329, 332, 333, 334, 336, 337, 340, 341, 342, 343, 347, 348, 349, 350, 351, 352, 353, 354, 356, 357, 358, 359, 360, 361, 362, 366, 370, 371, 372, 374, 375, 377, 378, 380, 382, 383, 384, 386, 387, 388, 390, 397, 399, 400, 402, 403, 404, 405, 406], "summary": {"covered_lines": 167, "num_statements": 195, "percent_covered": 85.64102564102564, "percent_covered_display": "86", "missing_lines": 28, "excluded_lines": 4}, "missing_lines": [145, 266, 269, 270, 271, 272, 273, 280, 282, 285, 286, 288, 289, 291, 292, 299, 300, 301, 302, 305, 306, 313, 316, 317, 318, 321, 322, 401], "excluded_lines": [33, 34, 35, 36], "functions": {"LocalStorageBackend.__init__": {"executed_lines": [61, 62, 63], "summary": {"covered_lines": 3, "num_statements": 3, "percent_covered": 100.0, "percent_covered_display": "100", "missing_lines": 0, "excluded_lines": 0}, "missing_lines": [], "excluded_lines": []}, "LocalStorageBackend._project_dir": {"executed_lines": [66], "summary": {"covered_lines": 1, "num_statements": 1, "percent_covered": 100.0, "percent_covered_display": "100", "missing_lines": 0, "excluded_lines": 0}, "missing_lines": [], "excluded_lines": []}, "LocalStorageBackend._ensure_subdirs": {"executed_lines": [70, 71], "summary": {"covered_lines": 2, "num_statements": 2, "percent_covered": 100.0, "percent_covered_display": "100", "missing_lines": 0, "excluded_lines": 0}, "missing_lines": [], "excluded_lines": []}, "LocalStorageBackend.create_project": {"executed_lines": [83, 84, 85, 90, 91, 93, 106, 107, 109, 114], "summary": {"covered_lines": 10, "num_statements": 10, "percent_covered": 100.0, "percent_covered_display": "100", "missing_lines": 0, "excluded_lines": 0}, "missing_lines": [], "excluded_lines": []}, "LocalStorageBackend.load_project": {"executed_lines": [117, 118, 120, 121, 125, 126, 129, 130], "summary": {"covered_lines": 8, "num_statements": 8, "percent_covered": 100.0, "percent_covered_display": "100", "missing_lines": 0, "excluded_lines": 0}, "missing_lines": [], "excluded_lines": []}, "LocalStorageBackend.list_projects": {"executed_lines": [133, 134, 135, 136, 137, 138, 139, 140], "summary": {"covered_lines": 8, "num_statements": 8, "percent_covered": 100.0, "percent_covered_display": "100", "missing_lines": 0, "excluded_lines": 0}, "missing_lines": [], "excluded_lines": []}, "LocalStorageBackend.delete_project": {"executed_lines": [143, 144, 146, 147], "summary": {"covered_lines": 4, "num_statements": 5, "percent_covered": 80.0, "percent_covered_display": "80", "missing_lines": 1, "excluded_lines": 0}, "missing_lines": [145], "excluded_lines": []}, "LocalStorageBackend.project_exists": {"executed_lines": [150, 151], "summary": {"covered_lines": 2, "num_statements": 2, "percent_covered": 100.0, "percent_covered_display": "100", "missing_lines": 0, "excluded_lines": 0}, "missing_lines": [], "excluded_lines": []}, "LocalStorageBackend.save_source": {"executed_lines": [158, 159, 160, 161], "summary": {"covered_lines": 4, "num_statements": 4, "percent_covered": 100.0, "percent_covered_display": "100", "missing_lines": 0, "excluded_lines": 0}, "missing_lines": [], "excluded_lines": []}, "LocalStorageBackend.list_sources": {"executed_lines": [164, 165, 166, 167, 168, 169], "summary": {"covered_lines": 6, "num_statements": 6, "percent_covered": 100.0, "percent_covered_display": "100", "missing_lines": 0, "excluded_lines": 0}, "missing_lines": [], "excluded_lines": []}, "LocalStorageBackend.save_schema_mapping": {"executed_lines": [176, 179, 180, 181, 182, 183], "summary": {"covered_lines": 6, "num_statements": 6, "percent_covered": 100.0, "percent_covered_display": "100", "missing_lines": 0, "excluded_lines": 0}, "missing_lines": [], "excluded_lines": []}, "LocalStorageBackend.load_schema_mapping": {"executed_lines": [190, 192, 195, 196, 198, 199, 201, 202], "summary": {"covered_lines": 8, "num_statements": 8, "percent_covered": 100.0, "percent_covered_display": "100", "missing_lines": 0, "excluded_lines": 0}, "missing_lines": [], "excluded_lines": []}, "LocalStorageBackend.save_concept_mapping": {"executed_lines": [209, 211, 214, 215, 216, 217, 220, 221, 222, 223, 225, 237, 239, 240], "summary": {"covered_lines": 14, "num_statements": 14, "percent_covered": 100.0, "percent_covered_display": "100", "missing_lines": 0, "excluded_lines": 0}, "missing_lines": [], "excluded_lines": []}, "LocalStorageBackend.load_concept_mapping": {"executed_lines": [247, 249, 252, 253, 255, 256, 258, 259], "summary": {"covered_lines": 8, "num_statements": 8, "percent_covered": 100.0, "percent_covered_display": "100", "missing_lines": 0, "excluded_lines": 0}, "missing_lines": [], "excluded_lines": []}, "LocalStorageBackend.save_cross_mapping": {"executed_lines": [], "summary": {"covered_lines": 0, "num_statements": 6, "percent_covered": 0.0, "percent_covered_display": "0", "missing_lines": 6, "excluded_lines": 0}, "missing_lines": [266, 269, 270, 271, 272, 273], "excluded_lines": []}, "LocalStorageBackend.load_cross_mapping": {"executed_lines": [], "summary": {"covered_lines": 0, "num_statements": 8, "percent_covered": 0.0, "percent_covered_display": "0", "missing_lines": 8, "excluded_lines": 0}, "missing_lines": [280, 282, 285, 286, 288, 289, 291, 292], "excluded_lines": []}, "LocalStorageBackend.save_etl_script": {"executed_lines": [], "summary": {"covered_lines": 0, "num_statements": 4, "percent_covered": 0.0, "percent_covered_display": "0", "missing_lines": 4, "excluded_lines": 0}, "missing_lines": [299, 300, 301, 302], "excluded_lines": []}, "LocalStorageBackend.list_etl_scripts": {"executed_lines": [], "summary": {"covered_lines": 0, "num_statements": 2, "percent_covered": 0.0, "percent_covered_display": "0", "missing_lines": 2, "excluded_lines": 0}, "missing_lines": [305, 306], "excluded_lines": []}, "LocalStorageBackend.save_validation_report": {"executed_lines": [], "summary": {"covered_lines": 0, "num_statements": 4, "percent_covered": 0.0, "percent_covered_display": "0", "missing_lines": 4, "excluded_lines": 0}, "missing_lines": [313, 316, 317, 318], "excluded_lines": []}, "LocalStorageBackend.list_validation_reports": {"executed_lines": [], "summary": {"covered_lines": 0, "num_statements": 2, "percent_covered": 0.0, "percent_covered_display": "0", "missing_lines": 2, "excluded_lines": 0}, "missing_lines": [321, 322], "excluded_lines": []}, "LocalStorageBackend.save_profile": {"executed_lines": [329, 332, 333, 334], "summary": {"covered_lines": 4, "num_statements": 4, "percent_covered": 100.0, "percent_covered_display": "100", "missing_lines": 0, "excluded_lines": 0}, "missing_lines": [], "excluded_lines": []}, "LocalStorageBackend.load_profile": {"executed_lines": [337, 340, 341, 342, 343], "summary": {"covered_lines": 5, "num_statements": 5, "percent_covered": 100.0, "percent_covered_display": "100", "missing_lines": 0, "excluded_lines": 0}, "missing_lines": [], "excluded_lines": []}, "LocalStorageBackend.save_quality_report": {"executed_lines": [348, 349, 350, 351, 352, 353, 354], "summary": {"covered_lines": 7, "num_statements": 7, "percent_covered": 100.0, "percent_covered_display": "100", "missing_lines": 0, "excluded_lines": 0}, "missing_lines": [], "excluded_lines": []}, "LocalStorageBackend.load_quality_reports": {"executed_lines": [357, 358, 359, 360, 361, 362], "summary": {"covered_lines": 6, "num_statements": 6, "percent_covered": 100.0, "percent_covered_display": "100", "missing_lines": 0, "excluded_lines": 0}, "missing_lines": [], "excluded_lines": []}, "LocalStorageBackend.save_sync_metadata": {"executed_lines": [370, 371, 372, 374, 375, 377, 378], "summary": {"covered_lines": 7, "num_statements": 7, "percent_covered": 100.0, "percent_covered_display": "100", "missing_lines": 0, "excluded_lines": 0}, "missing_lines": [], "excluded_lines": []}, "LocalStorageBackend.load_sync_metadata": {"executed_lines": [382, 383, 384, 386, 387, 388, 390], "summary": {"covered_lines": 7, "num_statements": 7, "percent_covered": 100.0, "percent_covered_display": "100", "missing_lines": 0, "excluded_lines": 0}, "missing_lines": [], "excluded_lines": []}, "LocalStorageBackend._update_timestamp": {"executed_lines": [399, 400, 402, 403, 404, 405, 406], "summary": {"covered_lines": 7, "num_statements": 8, "percent_covered": 87.5, "percent_covered_display": "88", "missing_lines": 1, "excluded_lines": 0}, "missing_lines": [401], "excluded_lines": []}, "": {"executed_lines": [1, 19, 21, 22, 23, 24, 25, 26, 28, 29, 31, 33, 38, 41, 53, 54, 60, 65, 68, 75, 116, 132, 142, 149, 155, 163, 173, 189, 206, 246, 263, 279, 296, 304, 310, 320, 326, 336, 347, 356, 366, 380, 397], "summary": {"covered_lines": 40, "num_statements": 40, "percent_covered": 100.0, "percent_covered_display": "100", "missing_lines": 0, "excluded_lines": 4}, "missing_lines": [], "excluded_lines": [33, 34, 35, 36]}}, "classes": {"LocalStorageBackend": {"executed_lines": [61, 62, 63, 66, 70, 71, 83, 84, 85, 90, 91, 93, 106, 107, 109, 114, 117, 118, 120, 121, 125, 126, 129, 130, 133, 134, 135, 136, 137, 138, 139, 140, 143, 144, 146, 147, 150, 151, 158, 159, 160, 161, 164, 165, 166, 167, 168, 169, 176, 179, 180, 181, 182, 183, 190, 192, 195, 196, 198, 199, 201, 202, 209, 211, 214, 215, 216, 217, 220, 221, 222, 223, 225, 237, 239, 240, 247, 249, 252, 253, 255, 256, 258, 259, 329, 332, 333, 334, 337, 340, 341, 342, 343, 348, 349, 350, 351, 352, 353, 354, 357, 358, 359, 360, 361, 362, 370, 371, 372, 374, 375, 377, 378, 382, 383, 384, 386, 387, 388, 390, 399, 400, 402, 403, 404, 405, 406], "summary": {"covered_lines": 127, "num_statements": 155, "percent_covered": 81.93548387096774, "percent_covered_display": "82", "missing_lines": 28, "excluded_lines": 0}, "missing_lines": [145, 266, 269, 270, 271, 272, 273, 280, 282, 285, 286, 288, 289, 291, 292, 299, 300, 301, 302, 305, 306, 313, 316, 317, 318, 321, 322, 401], "excluded_lines": []}, "": {"executed_lines": [1, 19, 21, 22, 23, 24, 25, 26, 28, 29, 31, 33, 38, 41, 53, 54, 60, 65, 68, 75, 116, 132, 142, 149, 155, 163, 173, 189, 206, 246, 263, 279, 296, 304, 310, 320, 326, 336, 347, 356, 366, 380, 397], "summary": {"covered_lines": 40, "num_statements": 40, "percent_covered": 100.0, "percent_covered_display": "100", "missing_lines": 0, "excluded_lines": 4}, "missing_lines": [], "excluded_lines": [33, 34, 35, 36]}}}, "src/portiere/sync/__init__.py": {"executed_lines": [1, 5, 7], "summary": {"covered_lines": 2, "num_statements": 2, "percent_covered": 100.0, "percent_covered_display": "100", "missing_lines": 0, "excluded_lines": 0}, "missing_lines": [], "excluded_lines": [], "functions": {"": {"executed_lines": [1, 5, 7], "summary": {"covered_lines": 2, "num_statements": 2, "percent_covered": 100.0, "percent_covered_display": "100", "missing_lines": 0, "excluded_lines": 0}, "missing_lines": [], "excluded_lines": []}}, "classes": {"": {"executed_lines": [1, 5, 7], "summary": {"covered_lines": 2, "num_statements": 2, "percent_covered": 100.0, "percent_covered_display": "100", "missing_lines": 0, "excluded_lines": 0}, "missing_lines": [], "excluded_lines": []}}}, "src/portiere/sync/sync_manager.py": {"executed_lines": [1, 8, 10, 11, 13, 14, 16, 19, 22, 23, 43, 48, 53, 55, 129, 183, 216, 234], "summary": {"covered_lines": 14, "num_statements": 74, "percent_covered": 18.91891891891892, "percent_covered_display": "19", "missing_lines": 60, "excluded_lines": 3}, "missing_lines": [66, 67, 72, 81, 82, 83, 89, 90, 91, 94, 99, 105, 106, 107, 110, 115, 121, 123, 127, 139, 140, 145, 147, 151, 154, 155, 156, 162, 164, 168, 171, 172, 173, 179, 181, 190, 191, 197, 198, 199, 201, 202, 204, 220, 222, 223, 224, 226, 227, 229, 230, 232, 236, 237, 238, 240, 241, 243, 244, 247], "excluded_lines": [16, 17, 53], "functions": {"SyncManager.__init__": {"executed_lines": [53], "summary": {"covered_lines": 0, "num_statements": 0, "percent_covered": 100.0, "percent_covered_display": "100", "missing_lines": 0, "excluded_lines": 1}, "missing_lines": [], "excluded_lines": [53]}, "SyncManager.push": {"executed_lines": [], "summary": {"covered_lines": 0, "num_statements": 19, "percent_covered": 0.0, "percent_covered_display": "0", "missing_lines": 19, "excluded_lines": 0}, "missing_lines": [66, 67, 72, 81, 82, 83, 89, 90, 91, 94, 99, 105, 106, 107, 110, 115, 121, 123, 127], "excluded_lines": []}, "SyncManager.pull": {"executed_lines": [], "summary": {"covered_lines": 0, "num_statements": 16, "percent_covered": 0.0, "percent_covered_display": "0", "missing_lines": 16, "excluded_lines": 0}, "missing_lines": [139, 140, 145, 147, 151, 154, 155, 156, 162, 164, 168, 171, 172, 173, 179, 181], "excluded_lines": []}, "SyncManager.status": {"executed_lines": [], "summary": {"covered_lines": 0, "num_statements": 8, "percent_covered": 0.0, "percent_covered_display": "0", "missing_lines": 8, "excluded_lines": 0}, "missing_lines": [190, 191, 197, 198, 199, 201, 202, 204], "excluded_lines": []}, "SyncManager.unlink": {"executed_lines": [], "summary": {"covered_lines": 0, "num_statements": 9, "percent_covered": 0.0, "percent_covered_display": "0", "missing_lines": 9, "excluded_lines": 0}, "missing_lines": [220, 222, 223, 224, 226, 227, 229, 230, 232], "excluded_lines": []}, "SyncManager._save_sync_metadata": {"executed_lines": [], "summary": {"covered_lines": 0, "num_statements": 8, "percent_covered": 0.0, "percent_covered_display": "0", "missing_lines": 8, "excluded_lines": 0}, "missing_lines": [236, 237, 238, 240, 241, 243, 244, 247], "excluded_lines": []}, "": {"executed_lines": [1, 8, 10, 11, 13, 14, 16, 19, 22, 23, 43, 48, 55, 129, 183, 216, 234], "summary": {"covered_lines": 14, "num_statements": 14, "percent_covered": 100.0, "percent_covered_display": "100", "missing_lines": 0, "excluded_lines": 2}, "missing_lines": [], "excluded_lines": [16, 17]}}, "classes": {"SyncManager": {"executed_lines": [53], "summary": {"covered_lines": 0, "num_statements": 60, "percent_covered": 0.0, "percent_covered_display": "0", "missing_lines": 60, "excluded_lines": 1}, "missing_lines": [66, 67, 72, 81, 82, 83, 89, 90, 91, 94, 99, 105, 106, 107, 110, 115, 121, 123, 127, 139, 140, 145, 147, 151, 154, 155, 156, 162, 164, 168, 171, 172, 173, 179, 181, 190, 191, 197, 198, 199, 201, 202, 204, 220, 222, 223, 224, 226, 227, 229, 230, 232, 236, 237, 238, 240, 241, 243, 244, 247], "excluded_lines": [53]}, "": {"executed_lines": [1, 8, 10, 11, 13, 14, 16, 19, 22, 23, 43, 48, 55, 129, 183, 216, 234], "summary": {"covered_lines": 14, "num_statements": 14, "percent_covered": 100.0, "percent_covered_display": "100", "missing_lines": 0, "excluded_lines": 2}, "missing_lines": [], "excluded_lines": [16, 17]}}}}, "totals": {"covered_lines": 3490, "num_statements": 5751, "percent_covered": 60.68509824378369, "percent_covered_display": "61", "missing_lines": 2261, "excluded_lines": 122}}